#
# There is insufficient memory for the Java Runtime Environment to continue.
# Native memory allocation (mmap) failed to map 2097152 bytes. Error detail: G1 virtual space
# Possible reasons:
#   The system is out of physical RAM or swap space
#   This process is running with CompressedOops enabled, and the Java Heap may be blocking the growth of the native heap
# Possible solutions:
#   Reduce memory load on the system
#   Increase physical memory or swap space
#   Check if swap backing store is full
#   Decrease Java heap size (-Xmx/-Xms)
#   Decrease number of Java threads
#   Decrease Java thread stack sizes (-Xss)
#   Set larger code cache with -XX:ReservedCodeCacheSize=
#   JVM is running with Unscaled Compressed Oops mode in which the Java heap is
#     placed in the first 4GB address space. The Java Heap base address is the
#     maximum limit for the native heap growth. Please use -XX:HeapBaseMinAddress
#     to set the Java Heap base and to place the Java Heap above 4GB virtual address.
# This output file may be truncated or incomplete.
#
#  Out of Memory Error (os_windows.cpp:3631), pid=4624, tid=21260
#
# JRE version: OpenJDK Runtime Environment (22.0+36) (build 22+36-2370)
# Java VM: OpenJDK 64-Bit Server VM (22+36-2370, mixed mode, emulated-client, sharing, tiered, compressed oops, compressed class ptrs, g1 gc, windows-amd64)
# No core dump will be written. Minidumps are not enabled by default on client versions of Windows
#

---------------  S U M M A R Y ------------

Command Line: -XX:TieredStopAtLevel=1 Nhom08.Project.QltdApplication

Host: AMD Ryzen 5 5600H with Radeon Graphics         , 12 cores, 7G,  Windows 11 , 64 bit Build 26100 (10.0.26100.7920)
Time: Tue Mar 31 13:33:44 2026 SE Asia Standard Time elapsed time: 12.233912 seconds (0d 0h 0m 12s)

---------------  T H R E A D  ---------------

Current thread (0x00000276a8f63e20):  VMThread "VM Thread"          [id=21260, stack(0x000000f9eb200000,0x000000f9eb300000) (1024K)]

Stack: [0x000000f9eb200000,0x000000f9eb300000]
Native frames: (J=compiled Java code, j=interpreted, Vv=VM code, C=native code)
V  [jvm.dll+0x6e2349]  (no source info available)
V  [jvm.dll+0x874ed3]  (no source info available)
V  [jvm.dll+0x8772fe]  (no source info available)
V  [jvm.dll+0x8779d3]  (no source info available)
V  [jvm.dll+0x27fcb6]  (no source info available)
V  [jvm.dll+0x6de9e5]  (no source info available)
V  [jvm.dll+0x6d34ea]  (no source info available)
V  [jvm.dll+0x35892a]  (no source info available)
V  [jvm.dll+0x360e56]  (no source info available)
V  [jvm.dll+0x3b3d7e]  (no source info available)
V  [jvm.dll+0x3b4028]  (no source info available)
V  [jvm.dll+0x32c4ec]  (no source info available)
V  [jvm.dll+0x32c577]  (no source info available)
V  [jvm.dll+0x3721ec]  (no source info available)
V  [jvm.dll+0x3708e6]  (no source info available)
V  [jvm.dll+0x32bbd7]  (no source info available)
V  [jvm.dll+0x3700a4]  (no source info available)
V  [jvm.dll+0x87d870]  (no source info available)
V  [jvm.dll+0x87ebf7]  (no source info available)
V  [jvm.dll+0x87f170]  (no source info available)
V  [jvm.dll+0x87f413]  (no source info available)
V  [jvm.dll+0x81d50b]  (no source info available)
V  [jvm.dll+0x6e09e5]  (no source info available)
C  [ucrtbase.dll+0x37b0]  (no source info available)
C  [KERNEL32.DLL+0x2e8d7]  (no source info available)
C  [ntdll.dll+0x8c48c]  (no source info available)

VM_Operation (0x000000f9ec0fbce0): G1CollectForAllocation, mode: safepoint, requested by thread 0x00000276a8f95840


---------------  P R O C E S S  ---------------

Threads class SMR info:
_java_thread_list=0x00000276efadfb50, length=19, elements={
0x0000027698745830, 0x00000276a8f80c60, 0x00000276a8f836d0, 0x00000276a8f860f0,
0x00000276a8f89f20, 0x00000276a8f93500, 0x00000276a8f97280, 0x00000276a8faf3e0,
0x00000276ee213430, 0x00000276a8f94b20, 0x00000276a8f951b0, 0x00000276a8f97fa0,
0x00000276a8f95840, 0x00000276a8f96bf0, 0x00000276a8f97910, 0x00000276a8f96560,
0x00000276a8f95ed0, 0x00000276f00bfe70, 0x00000276f00bd080
}

Java Threads: ( => current thread )
  0x0000027698745830 JavaThread "main"                              [_thread_blocked, id=21888, stack(0x000000f9eab00000,0x000000f9eac00000) (1024K)]
  0x00000276a8f80c60 JavaThread "Reference Handler"          daemon [_thread_blocked, id=13956, stack(0x000000f9eb300000,0x000000f9eb400000) (1024K)]
  0x00000276a8f836d0 JavaThread "Finalizer"                  daemon [_thread_blocked, id=13800, stack(0x000000f9eb400000,0x000000f9eb500000) (1024K)]
  0x00000276a8f860f0 JavaThread "Signal Dispatcher"          daemon [_thread_blocked, id=10316, stack(0x000000f9eb500000,0x000000f9eb600000) (1024K)]
  0x00000276a8f89f20 JavaThread "Attach Listener"            daemon [_thread_blocked, id=17200, stack(0x000000f9eb600000,0x000000f9eb700000) (1024K)]
  0x00000276a8f93500 JavaThread "Service Thread"             daemon [_thread_blocked, id=12768, stack(0x000000f9eb700000,0x000000f9eb800000) (1024K)]
  0x00000276a8f97280 JavaThread "Monitor Deflation Thread"   daemon [_thread_blocked, id=3648, stack(0x000000f9eb800000,0x000000f9eb900000) (1024K)]
  0x00000276a8faf3e0 JavaThread "C1 CompilerThread0"         daemon [_thread_blocked, id=18140, stack(0x000000f9eb900000,0x000000f9eba00000) (1024K)]
  0x00000276ee213430 JavaThread "C1 CompilerThread1"         daemon [_thread_blocked, id=12912, stack(0x000000f9eba00000,0x000000f9ebb00000) (1024K)]
  0x00000276a8f94b20 JavaThread "Notification Thread"        daemon [_thread_blocked, id=13916, stack(0x000000f9ebc00000,0x000000f9ebd00000) (1024K)]
  0x00000276a8f951b0 JavaThread "Common-Cleaner"             daemon [_thread_blocked, id=10440, stack(0x000000f9ebd00000,0x000000f9ebe00000) (1024K)]
  0x00000276a8f97fa0 JavaThread "Thread-0"                          [_thread_blocked, id=13288, stack(0x000000f9ebf00000,0x000000f9ec000000) (1024K)]
  0x00000276a8f95840 JavaThread "restartedMain"                     [_thread_blocked, id=2124, stack(0x000000f9ec000000,0x000000f9ec100000) (1024K)]
  0x00000276a8f96bf0 JavaThread "WindowsStreamPump"          daemon [_thread_blocked, id=16184, stack(0x000000f9ec600000,0x000000f9ec700000) (1024K)]
  0x00000276a8f97910 JavaThread "Catalina-utility-1"                [_thread_blocked, id=20920, stack(0x000000f9ec700000,0x000000f9ec800000) (1024K)]
  0x00000276a8f96560 JavaThread "Catalina-utility-2"                [_thread_blocked, id=13784, stack(0x000000f9ece00000,0x000000f9ecf00000) (1024K)]
  0x00000276a8f95ed0 JavaThread "container-0"                       [_thread_blocked, id=20860, stack(0x000000f9ecf00000,0x000000f9ed000000) (1024K)]
  0x00000276f00bfe70 JavaThread "mysql-cj-abandoned-connection-cleanup" daemon [_thread_blocked, id=5184, stack(0x000000f9ed000000,0x000000f9ed100000) (1024K)]
  0x00000276f00bd080 JavaThread "HikariPool-1:housekeeper"   daemon [_thread_blocked, id=11500, stack(0x000000f9ed200000,0x000000f9ed300000) (1024K)]
Total: 19

Other Threads:
=>0x00000276a8f63e20 VMThread "VM Thread"                           [id=21260, stack(0x000000f9eb200000,0x000000f9eb300000) (1024K)]
  0x00000276a8f4b170 WatcherThread "VM Periodic Task Thread"        [id=21648, stack(0x000000f9eb100000,0x000000f9eb200000) (1024K)]
  0x00000276987a0bc0 WorkerThread "GC Thread#0"                     [id=20332, stack(0x000000f9eac00000,0x000000f9ead00000) (1024K)]
  0x00000276eeb7bf80 WorkerThread "GC Thread#1"                     [id=14564, stack(0x000000f9ec100000,0x000000f9ec200000) (1024K)]
  0x00000276eeb7c330 WorkerThread "GC Thread#2"                     [id=7336, stack(0x000000f9ec200000,0x000000f9ec300000) (1024K)]
  0x00000276eeb11780 WorkerThread "GC Thread#3"                     [id=1444, stack(0x000000f9ec300000,0x000000f9ec400000) (1024K)]
  0x00000276eeb11b30 WorkerThread "GC Thread#4"                     [id=6092, stack(0x000000f9ec400000,0x000000f9ec500000) (1024K)]
  0x00000276eeb11ee0 WorkerThread "GC Thread#5"                     [id=17440, stack(0x000000f9ec500000,0x000000f9ec600000) (1024K)]
  0x00000276ef030d30 WorkerThread "GC Thread#6"                     [id=20996, stack(0x000000f9ec800000,0x000000f9ec900000) (1024K)]
  0x00000276ef001810 WorkerThread "GC Thread#7"                     [id=15132, stack(0x000000f9ec900000,0x000000f9eca00000) (1024K)]
  0x00000276ef133b20 WorkerThread "GC Thread#8"                     [id=11088, stack(0x000000f9eca00000,0x000000f9ecb00000) (1024K)]
  0x00000276ef133ed0 WorkerThread "GC Thread#9"                     [id=11968, stack(0x000000f9ecb00000,0x000000f9ecc00000) (1024K)]
  0x00000276987b0630 ConcurrentGCThread "G1 Main Marker"            [id=18008, stack(0x000000f9ead00000,0x000000f9eae00000) (1024K)]
  0x00000276987b1f60 WorkerThread "G1 Conc#0"                       [id=5768, stack(0x000000f9eae00000,0x000000f9eaf00000) (1024K)]
  0x00000276ef7ab2c0 WorkerThread "G1 Conc#1"                       [id=20328, stack(0x000000f9ecc00000,0x000000f9ecd00000) (1024K)]
  0x00000276ef7ac180 WorkerThread "G1 Conc#2"                       [id=11368, stack(0x000000f9ecd00000,0x000000f9ece00000) (1024K)]
  0x00000276987fe470 ConcurrentGCThread "G1 Refine#0"               [id=10928, stack(0x000000f9eaf00000,0x000000f9eb000000) (1024K)]
  0x00000276a8e1e280 ConcurrentGCThread "G1 Service"                [id=13372, stack(0x000000f9eb000000,0x000000f9eb100000) (1024K)]
Total: 18

Threads with active compile tasks:
Total: 0

VM state: at safepoint (normal execution)

VM Mutex/Monitor currently owned by a thread:  ([mutex/lock_event])
[0x00007ffb7549cbc8] Threads_lock - owner thread: 0x00000276a8f63e20
[0x00007ffb7549ccc8] Heap_lock - owner thread: 0x00000276a8f95840

Heap address: 0x000000008a400000, size: 1884 MB, Compressed Oops mode: 32-bit

CDS archive(s) mapped at: [0x00000276a9000000-0x00000276a9c50000-0x00000276a9c50000), size 12910592, SharedBaseAddress: 0x00000276a9000000, ArchiveRelocationMode: 1.
Compressed class space mapped at: 0x00000276aa000000-0x00000276ea000000, reserved size: 1073741824
Narrow klass base: 0x00000276a9000000, Narrow klass shift: 0, Narrow klass range: 0x41000000

GC Precious Log:
 CardTable entry size: 512
 Card Set container configuration: InlinePtr #cards 5 size 8 Array Of Cards #cards 12 size 40 Howl #buckets 4 coarsen threshold 1843 Howl Bitmap #cards 512 size 80 coarsen threshold 460 Card regions per heap region 1 cards per card region 2048
 CPUs: 12 total, 12 available
 Memory: 7532M
 Large Page Support: Disabled
 NUMA Support: Disabled
 Compressed Oops: Enabled (32-bit)
 Heap Region Size: 1M
 Heap Min Capacity: 8M
 Heap Initial Capacity: 118M
 Heap Max Capacity: 1884M
 Pre-touch: Disabled
 Parallel Workers: 10
 Concurrent Workers: 3
 Concurrent Refinement Workers: 10
 Periodic GC: Disabled

Heap:
 garbage-first heap   total reserved 1929216K, committed 73728K, used 40207K [0x000000008a400000, 0x0000000100000000)
  region size 1024K, 4 young (4096K), 4 survivors (4096K)
 Metaspace       used 75372K, committed 76096K, reserved 1114112K
  class space    used 11380K, committed 11712K, reserved 1048576K

Heap Regions: E=young(eden), S=young(survivor), O=old, HS=humongous(starts), HC=humongous(continues), CS=collection set, F=free, TAMS=top-at-mark-start, PB=parsable bottom
|   0|0x000000008a400000, 0x000000008a500000, 0x000000008a500000|100%|HS|  |TAMS 0x000000008a400000| PB 0x000000008a400000| Complete |  0
|   1|0x000000008a500000, 0x000000008a600000, 0x000000008a600000|100%|HS|  |TAMS 0x000000008a500000| PB 0x000000008a500000| Complete |  0
|   2|0x000000008a600000, 0x000000008a700000, 0x000000008a700000|100%| O|  |TAMS 0x000000008a600000| PB 0x000000008a600000| Untracked |  0
|   3|0x000000008a700000, 0x000000008a800000, 0x000000008a800000|100%| O|  |TAMS 0x000000008a700000| PB 0x000000008a700000| Untracked |  0
|   4|0x000000008a800000, 0x000000008a900000, 0x000000008a900000|100%| O|  |TAMS 0x000000008a800000| PB 0x000000008a800000| Untracked |  0
|   5|0x000000008a900000, 0x000000008aa00000, 0x000000008aa00000|100%| O|  |TAMS 0x000000008a900000| PB 0x000000008a900000| Untracked |  0
|   6|0x000000008aa00000, 0x000000008ab00000, 0x000000008ab00000|100%| O|  |TAMS 0x000000008aa00000| PB 0x000000008aa00000| Untracked |  0
|   7|0x000000008ab00000, 0x000000008ac00000, 0x000000008ac00000|100%| O|  |TAMS 0x000000008ab00000| PB 0x000000008ab00000| Untracked |  0
|   8|0x000000008ac00000, 0x000000008ad00000, 0x000000008ad00000|100%| O|  |TAMS 0x000000008ac00000| PB 0x000000008ac00000| Untracked |  0
|   9|0x000000008ad00000, 0x000000008ae00000, 0x000000008ae00000|100%| O|  |TAMS 0x000000008ad00000| PB 0x000000008ad00000| Untracked |  0
|  10|0x000000008ae00000, 0x000000008af00000, 0x000000008af00000|100%| O|  |TAMS 0x000000008ae00000| PB 0x000000008ae00000| Untracked |  0
|  11|0x000000008af00000, 0x000000008b000000, 0x000000008b000000|100%| O|  |TAMS 0x000000008af00000| PB 0x000000008af00000| Untracked |  0
|  12|0x000000008b000000, 0x000000008b100000, 0x000000008b100000|100%| O|  |TAMS 0x000000008b000000| PB 0x000000008b000000| Untracked |  0
|  13|0x000000008b100000, 0x000000008b200000, 0x000000008b200000|100%| O|  |TAMS 0x000000008b100000| PB 0x000000008b100000| Untracked |  0
|  14|0x000000008b200000, 0x000000008b300000, 0x000000008b300000|100%| O|  |TAMS 0x000000008b200000| PB 0x000000008b200000| Untracked |  0
|  15|0x000000008b300000, 0x000000008b400000, 0x000000008b400000|100%| O|  |TAMS 0x000000008b300000| PB 0x000000008b300000| Untracked |  0
|  16|0x000000008b400000, 0x000000008b500000, 0x000000008b500000|100%| O|  |TAMS 0x000000008b400000| PB 0x000000008b400000| Untracked |  0
|  17|0x000000008b500000, 0x000000008b600000, 0x000000008b600000|100%| O|  |TAMS 0x000000008b500000| PB 0x000000008b500000| Untracked |  0
|  18|0x000000008b600000, 0x000000008b700000, 0x000000008b700000|100%| O|  |TAMS 0x000000008b600000| PB 0x000000008b600000| Untracked |  0
|  19|0x000000008b700000, 0x000000008b800000, 0x000000008b800000|100%| O|  |TAMS 0x000000008b700000| PB 0x000000008b700000| Untracked |  0
|  20|0x000000008b800000, 0x000000008b900000, 0x000000008b900000|100%| O|  |TAMS 0x000000008b800000| PB 0x000000008b800000| Untracked |  0
|  21|0x000000008b900000, 0x000000008ba00000, 0x000000008ba00000|100%| O|  |TAMS 0x000000008b900000| PB 0x000000008b900000| Untracked |  0
|  22|0x000000008ba00000, 0x000000008bb00000, 0x000000008bb00000|100%| O|  |TAMS 0x000000008ba00000| PB 0x000000008ba00000| Untracked |  0
|  23|0x000000008bb00000, 0x000000008bc00000, 0x000000008bc00000|100%| O|  |TAMS 0x000000008bb00000| PB 0x000000008bb00000| Untracked |  0
|  24|0x000000008bc00000, 0x000000008bd00000, 0x000000008bd00000|100%| O|Cm|TAMS 0x000000008bc00000| PB 0x000000008bc00000| Complete |  0
|  25|0x000000008bd00000, 0x000000008be00000, 0x000000008be00000|100%| O|  |TAMS 0x000000008bd00000| PB 0x000000008bd00000| Untracked |  0
|  26|0x000000008be00000, 0x000000008bf00000, 0x000000008bf00000|100%| O|  |TAMS 0x000000008be00000| PB 0x000000008be00000| Untracked |  0
|  27|0x000000008bf00000, 0x000000008c000000, 0x000000008c000000|100%| O|  |TAMS 0x000000008bf00000| PB 0x000000008bf00000| Untracked |  0
|  28|0x000000008c000000, 0x000000008c100000, 0x000000008c100000|100%| O|  |TAMS 0x000000008c000000| PB 0x000000008c000000| Untracked |  0
|  29|0x000000008c100000, 0x000000008c143c00, 0x000000008c200000| 26%| O|  |TAMS 0x000000008c100000| PB 0x000000008c100000| Untracked |  0
|  30|0x000000008c200000, 0x000000008c300000, 0x000000008c300000|100%| O|  |TAMS 0x000000008c200000| PB 0x000000008c200000| Untracked |  0
|  31|0x000000008c300000, 0x000000008c400000, 0x000000008c400000|100%| O|  |TAMS 0x000000008c300000| PB 0x000000008c300000| Untracked |  0
|  32|0x000000008c400000, 0x000000008c400000, 0x000000008c500000|  0%| F|  |TAMS 0x000000008c400000| PB 0x000000008c400000| Untracked |  0
|  33|0x000000008c500000, 0x000000008c500000, 0x000000008c600000|  0%| F|  |TAMS 0x000000008c500000| PB 0x000000008c500000| Untracked |  0
|  34|0x000000008c600000, 0x000000008c700000, 0x000000008c700000|100%| O|  |TAMS 0x000000008c600000| PB 0x000000008c600000| Untracked |  0
|  35|0x000000008c700000, 0x000000008c700000, 0x000000008c800000|  0%| F|  |TAMS 0x000000008c700000| PB 0x000000008c700000| Untracked |  0
|  36|0x000000008c800000, 0x000000008c800000, 0x000000008c900000|  0%| F|  |TAMS 0x000000008c800000| PB 0x000000008c800000| Untracked |  0
|  37|0x000000008c900000, 0x000000008c900000, 0x000000008ca00000|  0%| F|  |TAMS 0x000000008c900000| PB 0x000000008c900000| Untracked |  0
|  38|0x000000008ca00000, 0x000000008cb00000, 0x000000008cb00000|100%| S|CS|TAMS 0x000000008ca00000| PB 0x000000008ca00000| Complete |  0
|  39|0x000000008cb00000, 0x000000008cc00000, 0x000000008cc00000|100%| S|CS|TAMS 0x000000008cb00000| PB 0x000000008cb00000| Complete |  0
|  40|0x000000008cc00000, 0x000000008cc00000, 0x000000008cd00000|  0%| F|  |TAMS 0x000000008cc00000| PB 0x000000008cc00000| Untracked |  0
|  41|0x000000008cd00000, 0x000000008ce00000, 0x000000008ce00000|100%| S|CS|TAMS 0x000000008cd00000| PB 0x000000008cd00000| Complete |  0
|  42|0x000000008ce00000, 0x000000008cf00000, 0x000000008cf00000|100%| S|CS|TAMS 0x000000008ce00000| PB 0x000000008ce00000| Complete |  0
|  43|0x000000008cf00000, 0x000000008cf00000, 0x000000008d000000|  0%| F|  |TAMS 0x000000008cf00000| PB 0x000000008cf00000| Untracked |  0
|  44|0x000000008d000000, 0x000000008d000000, 0x000000008d100000|  0%| F|  |TAMS 0x000000008d000000| PB 0x000000008d000000| Untracked |  0
|  45|0x000000008d100000, 0x000000008d100000, 0x000000008d200000|  0%| F|  |TAMS 0x000000008d100000| PB 0x000000008d100000| Untracked |  0
|  46|0x000000008d200000, 0x000000008d200000, 0x000000008d300000|  0%| F|  |TAMS 0x000000008d200000| PB 0x000000008d200000| Untracked |  0
|  47|0x000000008d300000, 0x000000008d300000, 0x000000008d400000|  0%| F|  |TAMS 0x000000008d300000| PB 0x000000008d300000| Untracked |  0
|  48|0x000000008d400000, 0x000000008d400000, 0x000000008d500000|  0%| F|  |TAMS 0x000000008d400000| PB 0x000000008d400000| Untracked |  0
|  49|0x000000008d500000, 0x000000008d500000, 0x000000008d600000|  0%| F|  |TAMS 0x000000008d500000| PB 0x000000008d500000| Untracked |  0
|  50|0x000000008d600000, 0x000000008d600000, 0x000000008d700000|  0%| F|  |TAMS 0x000000008d600000| PB 0x000000008d600000| Untracked |  0
|  51|0x000000008d700000, 0x000000008d700000, 0x000000008d800000|  0%| F|  |TAMS 0x000000008d700000| PB 0x000000008d700000| Untracked |  0
|  52|0x000000008d800000, 0x000000008d800000, 0x000000008d900000|  0%| F|  |TAMS 0x000000008d800000| PB 0x000000008d800000| Untracked |  0
|  53|0x000000008d900000, 0x000000008d900000, 0x000000008da00000|  0%| F|  |TAMS 0x000000008d900000| PB 0x000000008d900000| Untracked |  0
|  54|0x000000008da00000, 0x000000008da00000, 0x000000008db00000|  0%| F|  |TAMS 0x000000008da00000| PB 0x000000008da00000| Untracked |  0
|  55|0x000000008db00000, 0x000000008db00000, 0x000000008dc00000|  0%| F|  |TAMS 0x000000008db00000| PB 0x000000008db00000| Untracked |  0
|  56|0x000000008dc00000, 0x000000008dc00000, 0x000000008dd00000|  0%| F|  |TAMS 0x000000008dc00000| PB 0x000000008dc00000| Untracked |  0
|  57|0x000000008dd00000, 0x000000008dd00000, 0x000000008de00000|  0%| F|  |TAMS 0x000000008dd00000| PB 0x000000008dd00000| Untracked |  0
|  58|0x000000008de00000, 0x000000008de00000, 0x000000008df00000|  0%| F|  |TAMS 0x000000008de00000| PB 0x000000008de00000| Untracked |  0
|  59|0x000000008df00000, 0x000000008df00000, 0x000000008e000000|  0%| F|  |TAMS 0x000000008df00000| PB 0x000000008df00000| Untracked |  0
|  60|0x000000008e000000, 0x000000008e000000, 0x000000008e100000|  0%| F|  |TAMS 0x000000008e000000| PB 0x000000008e000000| Untracked |  0
|  63|0x000000008e300000, 0x000000008e300000, 0x000000008e400000|  0%| F|  |TAMS 0x000000008e300000| PB 0x000000008e300000| Untracked |  0
|  64|0x000000008e400000, 0x000000008e400000, 0x000000008e500000|  0%| F|  |TAMS 0x000000008e400000| PB 0x000000008e400000| Untracked |  0
|  65|0x000000008e500000, 0x000000008e500000, 0x000000008e600000|  0%| F|  |TAMS 0x000000008e500000| PB 0x000000008e500000| Untracked |  0
|  66|0x000000008e600000, 0x000000008e600000, 0x000000008e700000|  0%| F|  |TAMS 0x000000008e600000| PB 0x000000008e600000| Untracked |  0
|  67|0x000000008e700000, 0x000000008e700000, 0x000000008e800000|  0%| F|  |TAMS 0x000000008e700000| PB 0x000000008e700000| Untracked |  0
|  68|0x000000008e800000, 0x000000008e800000, 0x000000008e900000|  0%| F|  |TAMS 0x000000008e800000| PB 0x000000008e800000| Untracked |  0
|  69|0x000000008e900000, 0x000000008e900000, 0x000000008ea00000|  0%| F|  |TAMS 0x000000008e900000| PB 0x000000008e900000| Untracked |  0
| 117|0x0000000091900000, 0x0000000091900000, 0x0000000091a00000|  0%| F|  |TAMS 0x0000000091900000| PB 0x0000000091900000| Untracked |  0
|1881|0x00000000ffd00000, 0x00000000ffe00000, 0x00000000ffe00000|100%| O|  |TAMS 0x00000000ffd00000| PB 0x00000000ffd00000| Untracked |  0
|1882|0x00000000ffe00000, 0x00000000fff00000, 0x00000000fff00000|100%| O|  |TAMS 0x00000000ffe00000| PB 0x00000000ffe00000| Untracked |  0
|1883|0x00000000fff00000, 0x0000000100000000, 0x0000000100000000|100%| O|  |TAMS 0x00000000fff00000| PB 0x00000000fff00000| Untracked |  0

Card table byte_map: [0x00000276a4160000,0x00000276a4510000] _byte_map_base: 0x00000276a3d0e000

Marking Bits: (CMBitMap*) 0x00000276987a11d0
 Bits: [0x00000276a4510000, 0x00000276a6280000)

Polling page: 0x00000276966a0000

Metaspace:

Usage:
  Non-class:     62.49 MB used.
      Class:     11.11 MB used.
       Both:     73.61 MB used.

Virtual space:
  Non-class space:       64.00 MB reserved,      62.88 MB ( 98%) committed,  1 nodes.
      Class space:        1.00 GB reserved,      11.44 MB (  1%) committed,  1 nodes.
             Both:        1.06 GB reserved,      74.31 MB (  7%) committed. 

Chunk freelists:
   Non-Class:  704.00 KB
       Class:  4.39 MB
        Both:  5.08 MB

MaxMetaspaceSize: unlimited
CompressedClassSpaceSize: 1.00 GB
Initial GC threshold: 21.00 MB
Current GC threshold: 123.75 MB
CDS: on
 - commit_granule_bytes: 65536.
 - commit_granule_words: 8192.
 - virtual_space_node_default_size: 8388608.
 - enlarge_chunks_in_place: 1.
 - use_allocation_guard: 0.


Internal statistics:

num_allocs_failed_limit: 9.
num_arena_births: 970.
num_arena_deaths: 0.
num_vsnodes_births: 2.
num_vsnodes_deaths: 0.
num_space_committed: 1189.
num_space_uncommitted: 0.
num_chunks_returned_to_freelist: 9.
num_chunks_taken_from_freelist: 3747.
num_chunk_merges: 9.
num_chunk_splits: 2782.
num_chunks_enlarged: 2224.
num_inconsistent_stats: 0.

CodeCache: size=49152Kb used=13076Kb max_used=14131Kb free=36075Kb
 bounds [0x00000276a0a80000, 0x00000276a1850000, 0x00000276a3a80000]
 total_blobs=8099 nmethods=7377 adapters=644
 compilation: enabled
              stopped_count=0, restarted_count=0
 full_count=0

Compilation events (20 events):
Event: 10.195 Thread 0x00000276a8faf3e0 nmethod 7462 0x00000276a0cafb10 code [0x00000276a0cafcc0, 0x00000276a0caff58]
Event: 10.195 Thread 0x00000276a8faf3e0 7463       1       org.antlr.v4.runtime.CodePointCharStream::release (1 bytes)
Event: 10.195 Thread 0x00000276ee213430 nmethod 7461 0x00000276a0caf490 code [0x00000276a0caf660, 0x00000276a0caf930]
Event: 10.195 Thread 0x00000276a8faf3e0 nmethod 7463 0x00000276a0caf190 code [0x00000276a0caf320, 0x00000276a0caf3e8]
Event: 10.195 Thread 0x00000276ee213430 7465       1       org.antlr.v4.runtime.Parser::exitRule (81 bytes)
Event: 10.195 Thread 0x00000276a8faf3e0 7464       1       java.util.ArrayList::fastRemove (44 bytes)
Event: 10.195 Thread 0x00000276a8faf3e0 nmethod 7464 0x00000276a0caed10 code [0x00000276a0caeec0, 0x00000276a0caf0c8]
Event: 10.195 Thread 0x00000276a8faf3e0 7466       1       org.antlr.v4.runtime.atn.EmptyPredictionContext::size (2 bytes)
Event: 10.195 Thread 0x00000276ee213430 nmethod 7465 0x00000276a0cae690 code [0x00000276a0cae860, 0x00000276a0caeb78]
Event: 10.195 Thread 0x00000276a8faf3e0 nmethod 7466 0x00000276a0cae390 code [0x00000276a0cae520, 0x00000276a0cae5e8]
Event: 10.195 Thread 0x00000276ee213430 7467       1       org.antlr.v4.runtime.CommonToken::setLine (6 bytes)
Event: 10.195 Thread 0x00000276a8faf3e0 7468       1       org.antlr.v4.runtime.CommonToken::setCharPositionInLine (6 bytes)
Event: 10.195 Thread 0x00000276a8faf3e0 nmethod 7468 0x00000276a0cae090 code [0x00000276a0cae220, 0x00000276a0cae2e8]
Event: 10.195 Thread 0x00000276ee213430 nmethod 7467 0x00000276a0cadd90 code [0x00000276a0cadf20, 0x00000276a0cadfe8]
Event: 10.195 Thread 0x00000276a8faf3e0 7469       1       org.antlr.v4.runtime.Lexer::emit (6 bytes)
Event: 10.195 Thread 0x00000276ee213430 7470       1       org.antlr.v4.runtime.CommonToken::setTokenIndex (6 bytes)
Event: 10.195 Thread 0x00000276ee213430 nmethod 7470 0x00000276a0cada90 code [0x00000276a0cadc20, 0x00000276a0cadce8]
Event: 10.195 Thread 0x00000276a8faf3e0 nmethod 7469 0x00000276a0cad790 code [0x00000276a0cad920, 0x00000276a0cada30]
Event: 10.208 Thread 0x00000276ee213430 7471       1       org.antlr.v4.runtime.atn.ParserATNSimulator::actionTransition (60 bytes)
Event: 10.209 Thread 0x00000276ee213430 nmethod 7471 0x00000276a0cacf10 code [0x00000276a0cad120, 0x00000276a0cad4f8]

GC Heap History (20 events):
Event: 3.357 GC heap after
{Heap after GC invocations=7 (full 0):
 garbage-first heap   total reserved 1929216K, committed 61440K, used 22033K [0x000000008a400000, 0x0000000100000000)
  region size 1024K, 5 young (5120K), 5 survivors (5120K)
 Metaspace       used 32529K, committed 33152K, reserved 1114112K
  class space    used 4643K, committed 4928K, reserved 1048576K
}
Event: 3.715 GC heap before
{Heap before GC invocations=7 (full 0):
 garbage-first heap   total reserved 1929216K, committed 61440K, used 38417K [0x000000008a400000, 0x0000000100000000)
  region size 1024K, 23 young (23552K), 5 survivors (5120K)
 Metaspace       used 35328K, committed 35968K, reserved 1114112K
  class space    used 5062K, committed 5376K, reserved 1048576K
}
Event: 3.719 GC heap after
{Heap after GC invocations=8 (full 0):
 garbage-first heap   total reserved 1929216K, committed 61440K, used 23278K [0x000000008a400000, 0x0000000100000000)
  region size 1024K, 4 young (4096K), 4 survivors (4096K)
 Metaspace       used 35328K, committed 35968K, reserved 1114112K
  class space    used 5062K, committed 5376K, reserved 1048576K
}
Event: 4.228 GC heap before
{Heap before GC invocations=9 (full 0):
 garbage-first heap   total reserved 1929216K, committed 61440K, used 51950K [0x000000008a400000, 0x0000000100000000)
  region size 1024K, 32 young (32768K), 4 survivors (4096K)
 Metaspace       used 40821K, committed 41472K, reserved 1114112K
  class space    used 6164K, committed 6464K, reserved 1048576K
}
Event: 4.234 GC heap after
{Heap after GC invocations=10 (full 0):
 garbage-first heap   total reserved 1929216K, committed 73728K, used 25262K [0x000000008a400000, 0x0000000100000000)
  region size 1024K, 4 young (4096K), 4 survivors (4096K)
 Metaspace       used 40821K, committed 41472K, reserved 1114112K
  class space    used 6164K, committed 6464K, reserved 1048576K
}
Event: 5.235 GC heap before
{Heap before GC invocations=10 (full 0):
 garbage-first heap   total reserved 1929216K, committed 73728K, used 63150K [0x000000008a400000, 0x0000000100000000)
  region size 1024K, 41 young (41984K), 4 survivors (4096K)
 Metaspace       used 50470K, committed 51136K, reserved 1114112K
  class space    used 7325K, committed 7616K, reserved 1048576K
}
Event: 5.242 GC heap after
{Heap after GC invocations=11 (full 0):
 garbage-first heap   total reserved 1929216K, committed 73728K, used 28223K [0x000000008a400000, 0x0000000100000000)
  region size 1024K, 6 young (6144K), 6 survivors (6144K)
 Metaspace       used 50470K, committed 51136K, reserved 1114112K
  class space    used 7325K, committed 7616K, reserved 1048576K
}
Event: 5.838 GC heap before
{Heap before GC invocations=11 (full 0):
 garbage-first heap   total reserved 1929216K, committed 73728K, used 62015K [0x000000008a400000, 0x0000000100000000)
  region size 1024K, 39 young (39936K), 6 survivors (6144K)
 Metaspace       used 58131K, committed 58752K, reserved 1114112K
  class space    used 8397K, committed 8640K, reserved 1048576K
}
Event: 5.843 GC heap after
{Heap after GC invocations=12 (full 0):
 garbage-first heap   total reserved 1929216K, committed 73728K, used 29987K [0x000000008a400000, 0x0000000100000000)
  region size 1024K, 2 young (2048K), 2 survivors (2048K)
 Metaspace       used 58131K, committed 58752K, reserved 1114112K
  class space    used 8397K, committed 8640K, reserved 1048576K
}
Event: 5.963 GC heap before
{Heap before GC invocations=12 (full 0):
 garbage-first heap   total reserved 1929216K, committed 73728K, used 35107K [0x000000008a400000, 0x0000000100000000)
  region size 1024K, 8 young (8192K), 2 survivors (2048K)
 Metaspace       used 59690K, committed 60288K, reserved 1114112K
  class space    used 8637K, committed 8896K, reserved 1048576K
}
Event: 5.965 GC heap after
{Heap after GC invocations=13 (full 0):
 garbage-first heap   total reserved 1929216K, committed 73728K, used 29836K [0x000000008a400000, 0x0000000100000000)
  region size 1024K, 2 young (2048K), 2 survivors (2048K)
 Metaspace       used 59690K, committed 60288K, reserved 1114112K
  class space    used 8637K, committed 8896K, reserved 1048576K
}
Event: 6.391 GC heap before
{Heap before GC invocations=14 (full 0):
 garbage-first heap   total reserved 1929216K, committed 73728K, used 65676K [0x000000008a400000, 0x0000000100000000)
  region size 1024K, 37 young (37888K), 2 survivors (2048K)
 Metaspace       used 61254K, committed 61952K, reserved 1114112K
  class space    used 8979K, committed 9280K, reserved 1048576K
}
Event: 6.393 GC heap after
{Heap after GC invocations=15 (full 0):
 garbage-first heap   total reserved 1929216K, committed 73728K, used 30386K [0x000000008a400000, 0x0000000100000000)
  region size 1024K, 2 young (2048K), 2 survivors (2048K)
 Metaspace       used 61254K, committed 61952K, reserved 1114112K
  class space    used 8979K, committed 9280K, reserved 1048576K
}
Event: 7.238 GC heap before
{Heap before GC invocations=15 (full 0):
 garbage-first heap   total reserved 1929216K, committed 73728K, used 66226K [0x000000008a400000, 0x0000000100000000)
  region size 1024K, 37 young (37888K), 2 survivors (2048K)
 Metaspace       used 68005K, committed 68736K, reserved 1114112K
  class space    used 9969K, committed 10240K, reserved 1048576K
}
Event: 7.242 GC heap after
{Heap after GC invocations=16 (full 0):
 garbage-first heap   total reserved 1929216K, committed 73728K, used 33076K [0x000000008a400000, 0x0000000100000000)
  region size 1024K, 5 young (5120K), 5 survivors (5120K)
 Metaspace       used 68005K, committed 68736K, reserved 1114112K
  class space    used 9969K, committed 10240K, reserved 1048576K
}
Event: 7.649 GC heap before
{Heap before GC invocations=16 (full 0):
 garbage-first heap   total reserved 1929216K, committed 73728K, used 61748K [0x000000008a400000, 0x0000000100000000)
  region size 1024K, 34 young (34816K), 5 survivors (5120K)
 Metaspace       used 70983K, committed 71680K, reserved 1114112K
  class space    used 10539K, committed 10816K, reserved 1048576K
}
Event: 7.656 GC heap after
{Heap after GC invocations=17 (full 0):
 garbage-first heap   total reserved 1929216K, committed 73728K, used 35085K [0x000000008a400000, 0x0000000100000000)
  region size 1024K, 3 young (3072K), 3 survivors (3072K)
 Metaspace       used 70983K, committed 71680K, reserved 1114112K
  class space    used 10539K, committed 10816K, reserved 1048576K
}
Event: 10.083 GC heap before
{Heap before GC invocations=17 (full 0):
 garbage-first heap   total reserved 1929216K, committed 73728K, used 62733K [0x000000008a400000, 0x0000000100000000)
  region size 1024K, 31 young (31744K), 3 survivors (3072K)
 Metaspace       used 75202K, committed 75968K, reserved 1114112K
  class space    used 11345K, committed 11712K, reserved 1048576K
}
Event: 10.086 GC heap after
{Heap after GC invocations=18 (full 0):
 garbage-first heap   total reserved 1929216K, committed 73728K, used 36461K [0x000000008a400000, 0x0000000100000000)
  region size 1024K, 4 young (4096K), 4 survivors (4096K)
 Metaspace       used 75202K, committed 75968K, reserved 1114112K
  class space    used 11345K, committed 11712K, reserved 1048576K
}
Event: 10.216 GC heap before
{Heap before GC invocations=19 (full 0):
 garbage-first heap   total reserved 1929216K, committed 73728K, used 63085K [0x000000008a400000, 0x0000000100000000)
  region size 1024K, 30 young (30720K), 4 survivors (4096K)
 Metaspace       used 75372K, committed 76096K, reserved 1114112K
  class space    used 11380K, committed 11712K, reserved 1048576K
}

Dll operation events (10 events):
Event: 0.008 Loaded shared library C:\Program Files\Java\jdk-22\bin\java.dll
Event: 0.085 Loaded shared library C:\Program Files\Java\jdk-22\bin\net.dll
Event: 0.086 Loaded shared library C:\Program Files\Java\jdk-22\bin\nio.dll
Event: 0.089 Loaded shared library C:\Program Files\Java\jdk-22\bin\zip.dll
Event: 0.176 Loaded shared library C:\Program Files\Java\jdk-22\bin\jimage.dll
Event: 0.468 Loaded shared library C:\Program Files\Java\jdk-22\bin\management.dll
Event: 0.476 Loaded shared library C:\Program Files\Java\jdk-22\bin\management_ext.dll
Event: 0.946 Loaded shared library C:\Program Files\Java\jdk-22\bin\le.dll
Event: 1.451 Loaded shared library C:\Program Files\Java\jdk-22\bin\sunmscapi.dll
Event: 4.457 Loaded shared library C:\Program Files\Java\jdk-22\bin\extnet.dll

Deoptimization events (0 events):
No events

Classes loaded (20 events):
Event: 7.284 Loading class java/util/regex/Pattern$Behind
Event: 7.284 Loading class java/util/regex/Pattern$Behind done
Event: 7.339 Loading class java/util/WeakHashMap$KeyIterator
Event: 7.339 Loading class java/util/WeakHashMap$KeyIterator done
Event: 7.365 Loading class java/util/regex/Pattern$SliceU
Event: 7.365 Loading class java/util/regex/Pattern$SliceU done
Event: 7.365 Loading class java/util/regex/Pattern$Bound
Event: 7.366 Loading class java/util/regex/Pattern$Bound done
Event: 7.366 Loading class java/util/regex/Pattern$NotBehind
Event: 7.366 Loading class java/util/regex/Pattern$NotBehind done
Event: 7.385 Loading class java/util/EmptyStackException
Event: 7.385 Loading class java/util/EmptyStackException done
Event: 7.533 Loading class java/io/InvalidClassException
Event: 7.533 Loading class java/io/InvalidClassException done
Event: 10.175 Loading class sun/reflect/ReflectionFactory
Event: 10.176 Loading class sun/reflect/ReflectionFactory done
Event: 10.176 Loading class sun/reflect/ReflectionFactory$1
Event: 10.176 Loading class sun/reflect/ReflectionFactory$1 done
Event: 10.176 Loading class java/io/OptionalDataException
Event: 10.176 Loading class java/io/OptionalDataException done

Classes unloaded (0 events):
No events

Classes redefined (0 events):
No events

Internal exceptions (20 events):
Event: 4.873 Thread 0x00000276a8f95840 Exception <a 'java/lang/NoSuchMethodError'{0x000000008d622678}: 'java.lang.Object java.lang.invoke.DirectMethodHandle$Holder.newInvokeSpecial(java.lang.Object, java.lang.Object, java.lang.Object, java.lang.Object, java.lang.Object, int, java.lang.Object)'> (0x000000008d622678) 
thrown [s\open\src\hotspot\share\interpreter\linkResolver.cpp, line 774]
Event: 5.107 Thread 0x00000276a8f95840 Exception <a 'java/lang/NoSuchMethodError'{0x000000008ca69bb8}: 'java.lang.Object java.lang.invoke.DirectMethodHandle$Holder.invokeSpecial(java.lang.Object, java.lang.Object, int, java.lang.Object, int)'> (0x000000008ca69bb8) 
thrown [s\open\src\hotspot\share\interpreter\linkResolver.cpp, line 774]
Event: 5.138 Thread 0x00000276a8f95840 Exception <a 'java/lang/NoSuchMethodError'{0x000000008c9f4d98}: 'void java.lang.invoke.DirectMethodHandle$Holder.invokeSpecial(java.lang.Object, java.lang.Object, int, java.lang.Object)'> (0x000000008c9f4d98) 
thrown [s\open\src\hotspot\share\interpreter\linkResolver.cpp, line 774]
Event: 5.619 Thread 0x00000276a8f95840 Exception <a 'java/lang/IncompatibleClassChangeError'{0x000000008d198eb8}: Found class java.lang.Object, but interface was expected> (0x000000008d198eb8) 
thrown [s\open\src\hotspot\share\interpreter\linkResolver.cpp, line 841]
Event: 5.632 Thread 0x00000276a8f95840 Exception <a 'java/lang/NoSuchMethodError'{0x000000008d059d58}: 'java.lang.Object java.lang.invoke.DirectMethodHandle$Holder.invokeStaticInit(java.lang.Object, java.lang.Object, int, java.lang.Object)'> (0x000000008d059d58) 
thrown [s\open\src\hotspot\share\interpreter\linkResolver.cpp, line 774]
Event: 6.408 Thread 0x00000276a8f95840 Exception <a 'java/lang/NoSuchMethodError'{0x00000000919884e0}: 'void java.lang.invoke.DirectMethodHandle$Holder.invokeStaticInit(java.lang.Object, int, java.lang.Object, java.lang.Object, java.lang.Object, java.lang.Object)'> (0x00000000919884e0) 
thrown [s\open\src\hotspot\share\interpreter\linkResolver.cpp, line 774]
Event: 6.438 Thread 0x00000276a8f95840 Exception <a 'java/lang/NoSuchMethodError'{0x000000008e9bebc0}: 'int java.lang.invoke.DirectMethodHandle$Holder.invokeStatic(java.lang.Object, java.lang.Object, java.lang.Object, java.lang.Object, java.lang.Object, java.lang.Object)'> (0x000000008e9bebc0) 
thrown [s\open\src\hotspot\share\interpreter\linkResolver.cpp, line 774]
Event: 6.440 Thread 0x00000276a8f95840 Exception <a 'java/lang/NoSuchMethodError'{0x000000008e9d3490}: 'int java.lang.invoke.DirectMethodHandle$Holder.invokeStatic(java.lang.Object, java.lang.Object, java.lang.Object, java.lang.Object, java.lang.Object)'> (0x000000008e9d3490) 
thrown [s\open\src\hotspot\share\interpreter\linkResolver.cpp, line 774]
Event: 6.463 Thread 0x00000276a8f95840 Exception <a 'java/lang/NoSuchMethodError'{0x000000008e8cd440}: 'void java.lang.invoke.DirectMethodHandle$Holder.invokeInterface(java.lang.Object, java.lang.Object, int, java.lang.Object)'> (0x000000008e8cd440) 
thrown [s\open\src\hotspot\share\interpreter\linkResolver.cpp, line 774]
Event: 6.467 Thread 0x00000276a8f95840 Exception <a 'java/lang/NoSuchMethodError'{0x000000008e7026b8}: 'java.lang.Object java.lang.invoke.DirectMethodHandle$Holder.newInvokeSpecial(java.lang.Object, java.lang.Object, int, java.lang.Object)'> (0x000000008e7026b8) 
thrown [s\open\src\hotspot\share\interpreter\linkResolver.cpp, line 774]
Event: 6.488 Thread 0x00000276a8f95840 Exception <a 'java/lang/NoSuchMethodError'{0x000000008e7ddcb8}: 'void java.lang.invoke.DirectMethodHandle$Holder.invokeSpecial(java.lang.Object, java.lang.Object, java.lang.Object, java.lang.Object, java.lang.Object, java.lang.Object, java.lang.Object, java.lang.Object)'> (0x000000008e7ddcb8) 
thrown [s\open\src\hotspot\share\interpreter\linkResolver.cpp, line 774]
Event: 6.530 Thread 0x00000276a8f95840 Exception <a 'java/lang/NoSuchMethodError'{0x000000008e5eccc0}: 'java.lang.Object java.lang.invoke.Invokers$Holder.linkToTargetMethod(java.lang.Object, java.lang.Object, java.lang.Object, java.lang.Object, java.lang.Object, java.lang.Object, java.lang.Object, java.lang.Object, java.lang.Object, java.lang.Object, java.lang.Object, java.lang.Object)'> (0x000000008e5eccc0) 
thrown [s\open\src\hotspot\share\interpreter\linkResolver.cpp, line 774]
Event: 6.571 Thread 0x00000276a8f95840 Exception <a 'java/lang/IncompatibleClassChangeError'{0x000000008e3e8720}: Found class java.lang.Object, but interface was expected> (0x000000008e3e8720) 
thrown [s\open\src\hotspot\share\interpreter\linkResolver.cpp, line 841]
Event: 6.582 Thread 0x00000276a8f95840 Exception <a 'java/lang/NoSuchMethodError'{0x000000008e072108}: 'java.lang.Object java.lang.invoke.DirectMethodHandle$Holder.newInvokeSpecial(java.lang.Object, java.lang.Object, int, java.lang.Object, int, java.lang.Object, java.lang.Object)'> (0x000000008e072108) 
thrown [s\open\src\hotspot\share\interpreter\linkResolver.cpp, line 774]
Event: 7.024 Thread 0x00000276a8f95840 Exception <a 'java/lang/IncompatibleClassChangeError'{0x000000008d073e68}: Found class java.lang.Object, but interface was expected> (0x000000008d073e68) 
thrown [s\open\src\hotspot\share\interpreter\linkResolver.cpp, line 841]
Event: 7.067 Thread 0x00000276a8f95840 Exception <a 'java/lang/IncompatibleClassChangeError'{0x000000008cea2830}: Found class java.lang.Object, but interface was expected> (0x000000008cea2830) 
thrown [s\open\src\hotspot\share\interpreter\linkResolver.cpp, line 841]
Event: 7.280 Thread 0x00000276a8f95840 Exception <a 'java/lang/IncompatibleClassChangeError'{0x000000008e9ced98}: Found class java.lang.Object, but interface was expected> (0x000000008e9ced98) 
thrown [s\open\src\hotspot\share\interpreter\linkResolver.cpp, line 841]
Event: 7.304 Thread 0x00000276a8f95840 Exception <a 'java/lang/NoSuchMethodError'{0x000000008e61f190}: 'void java.lang.invoke.Invokers$Holder.invokeExact_MT(java.lang.Object, java.lang.Object, java.lang.Object, java.lang.Object)'> (0x000000008e61f190) 
thrown [s\open\src\hotspot\share\interpreter\linkResolver.cpp, line 774]
Event: 7.367 Thread 0x00000276a8f95840 Exception <a 'java/lang/IncompatibleClassChangeError'{0x000000008df36878}: Found class java.lang.Object, but interface was expected> (0x000000008df36878) 
thrown [s\open\src\hotspot\share\interpreter\linkResolver.cpp, line 841]
Event: 10.161 Thread 0x00000276a8f95840 Exception <a 'java/lang/NoSuchMethodError'{0x000000008d8549d0}: 'int java.lang.invoke.DirectMethodHandle$Holder.invokeStaticInit(java.lang.Object, int, java.lang.Object, java.lang.Object, java.lang.Object, java.lang.Object)'> (0x000000008d8549d0) 
thrown [s\open\src\hotspot\share\interpreter\linkResolver.cpp, line 774]

ZGC Phase Switch (0 events):
No events

VM Operations (20 events):
Event: 7.170 Executing VM operation: HandshakeAllThreads (Deoptimize) done
Event: 7.238 Executing VM operation: G1CollectForAllocation (G1 Evacuation Pause)
Event: 7.242 Executing VM operation: G1CollectForAllocation (G1 Evacuation Pause) done
Event: 7.547 Executing VM operation: HandshakeAllThreads (Deoptimize)
Event: 7.547 Executing VM operation: HandshakeAllThreads (Deoptimize) done
Event: 7.649 Executing VM operation: G1CollectForAllocation (G1 Evacuation Pause)
Event: 7.657 Executing VM operation: G1CollectForAllocation (G1 Evacuation Pause) done
Event: 7.667 Executing VM operation: HandshakeAllThreads (Deoptimize)
Event: 7.667 Executing VM operation: HandshakeAllThreads (Deoptimize) done
Event: 7.959 Executing VM operation: HandshakeAllThreads (Deoptimize)
Event: 7.959 Executing VM operation: HandshakeAllThreads (Deoptimize) done
Event: 8.968 Executing VM operation: Cleanup
Event: 9.045 Executing VM operation: Cleanup done
Event: 10.083 Executing VM operation: G1CollectForAllocation (G1 Evacuation Pause)
Event: 10.086 Executing VM operation: G1CollectForAllocation (G1 Evacuation Pause) done
Event: 10.108 Executing VM operation: G1PauseRemark
Event: 10.111 Executing VM operation: G1PauseRemark done
Event: 10.116 Executing VM operation: G1PauseCleanup
Event: 10.117 Executing VM operation: G1PauseCleanup done
Event: 10.216 Executing VM operation: G1CollectForAllocation (G1 Evacuation Pause)

Events (20 events):
Event: 10.110 Thread 0x00000276a8f63e20 flushing nmethod 0x00000276a0ec5690
Event: 10.110 Thread 0x00000276a8f63e20 flushing nmethod 0x00000276a14b0b90
Event: 10.110 Thread 0x00000276a8f63e20 flushing nmethod 0x00000276a14b2310
Event: 10.110 Thread 0x00000276a8f63e20 flushing nmethod 0x00000276a1533a10
Event: 10.110 Thread 0x00000276a8f63e20 flushing nmethod 0x00000276a1534710
Event: 10.110 Thread 0x00000276a8f63e20 flushing nmethod 0x00000276a0cea590
Event: 10.110 Thread 0x00000276a8f63e20 flushing nmethod 0x00000276a146fa10
Event: 10.110 Thread 0x00000276a8f63e20 flushing nmethod 0x00000276a13d0510
Event: 10.110 Thread 0x00000276a8f63e20 flushing nmethod 0x00000276a13d0810
Event: 10.110 Thread 0x00000276a8f63e20 flushing nmethod 0x00000276a14eb190
Event: 10.110 Thread 0x00000276a8f63e20 flushing nmethod 0x00000276a1520210
Event: 10.110 Thread 0x00000276a8f63e20 flushing nmethod 0x00000276a1533510
Event: 10.110 Thread 0x00000276a8f63e20 flushing nmethod 0x00000276a1476e10
Event: 10.110 Thread 0x00000276a8f63e20 flushing nmethod 0x00000276a1477890
Event: 10.110 Thread 0x00000276a8f63e20 flushing nmethod 0x00000276a1461490
Event: 10.110 Thread 0x00000276a8f63e20 flushing nmethod 0x00000276a14f6c90
Event: 10.110 Thread 0x00000276a8f63e20 flushing nmethod 0x00000276a14f7110
Event: 10.110 Thread 0x00000276a8f63e20 flushing nmethod 0x00000276a14fab90
Event: 10.110 Thread 0x00000276a8f63e20 flushing nmethod 0x00000276a155ff90
Event: 10.110 Thread 0x00000276a8f63e20 flushing nmethod 0x00000276a1563710


Dynamic libraries:
0x00007ff6e7760000 - 0x00007ff6e776e000 	C:\Program Files\Java\jdk-22\bin\java.exe
0x00007ffc2e0a0000 - 0x00007ffc2e307000 	C:\WINDOWS\SYSTEM32\ntdll.dll
0x00007ffc2cc60000 - 0x00007ffc2cd29000 	C:\WINDOWS\System32\KERNEL32.DLL
0x00007ffc2b770000 - 0x00007ffc2bb61000 	C:\WINDOWS\System32\KERNELBASE.dll
0x00007ffc2b4e0000 - 0x00007ffc2b62b000 	C:\WINDOWS\System32\ucrtbase.dll
0x00007ffc02770000 - 0x00007ffc0278b000 	C:\Program Files\Java\jdk-22\bin\VCRUNTIME140.dll
0x00007ffc02750000 - 0x00007ffc02767000 	C:\Program Files\Java\jdk-22\bin\jli.dll
0x00007ffc2be40000 - 0x00007ffc2c005000 	C:\WINDOWS\System32\USER32.dll
0x00007ffc1c760000 - 0x00007ffc1c9f3000 	C:\WINDOWS\WinSxS\amd64_microsoft.windows.common-controls_6595b64144ccf1df_6.0.26100.8037_none_3e092faae333b53b\COMCTL32.dll
0x00007ffc2c310000 - 0x00007ffc2c3b9000 	C:\WINDOWS\System32\msvcrt.dll
0x00007ffc2bca0000 - 0x00007ffc2bcc7000 	C:\WINDOWS\System32\win32u.dll
0x00007ffc2de50000 - 0x00007ffc2de7b000 	C:\WINDOWS\System32\GDI32.dll
0x00007ffc2bb70000 - 0x00007ffc2bc9b000 	C:\WINDOWS\System32\gdi32full.dll
0x00007ffc2b2b0000 - 0x00007ffc2b353000 	C:\WINDOWS\System32\msvcp_win.dll
0x00007ffc2c2c0000 - 0x00007ffc2c2f1000 	C:\WINDOWS\System32\IMM32.DLL
0x00007ffc11be0000 - 0x00007ffc11bec000 	C:\Program Files\Java\jdk-22\bin\vcruntime140_1.dll
0x00007ffc026c0000 - 0x00007ffc0274e000 	C:\Program Files\Java\jdk-22\bin\msvcp140.dll
0x00007ffb74830000 - 0x00007ffb75578000 	C:\Program Files\Java\jdk-22\bin\server\jvm.dll
0x00007ffc2cfa0000 - 0x00007ffc2d05b000 	C:\WINDOWS\System32\ADVAPI32.dll
0x00007ffc2cb80000 - 0x00007ffc2cc27000 	C:\WINDOWS\System32\sechost.dll
0x00007ffc2c090000 - 0x00007ffc2c1a8000 	C:\WINDOWS\System32\RPCRT4.dll
0x00007ffc2d9a0000 - 0x00007ffc2da14000 	C:\WINDOWS\System32\WS2_32.dll
0x00007ffc2a800000 - 0x00007ffc2a85e000 	C:\WINDOWS\SYSTEM32\POWRPROF.dll
0x00007ffc23e40000 - 0x00007ffc23e4b000 	C:\WINDOWS\SYSTEM32\VERSION.dll
0x00007ffc20fa0000 - 0x00007ffc20fd5000 	C:\WINDOWS\SYSTEM32\WINMM.dll
0x00007ffc2a7e0000 - 0x00007ffc2a7f4000 	C:\WINDOWS\SYSTEM32\UMPDC.dll
0x00007ffc296e0000 - 0x00007ffc296fb000 	C:\WINDOWS\SYSTEM32\kernel.appcore.dll
0x00007ffc0a440000 - 0x00007ffc0a44a000 	C:\Program Files\Java\jdk-22\bin\jimage.dll
0x00007ffc22f10000 - 0x00007ffc23152000 	C:\WINDOWS\SYSTEM32\DBGHELP.DLL
0x00007ffc2d060000 - 0x00007ffc2d3e2000 	C:\WINDOWS\System32\combase.dll
0x00007ffc2da20000 - 0x00007ffc2daf7000 	C:\WINDOWS\System32\OLEAUT32.dll
0x00007ffc153f0000 - 0x00007ffc1542b000 	C:\WINDOWS\SYSTEM32\dbgcore.DLL
0x00007ffc2b6c0000 - 0x00007ffc2b765000 	C:\WINDOWS\System32\bcryptPrimitives.dll
0x00007ffc026a0000 - 0x00007ffc026be000 	C:\Program Files\Java\jdk-22\bin\java.dll
0x00007ffc2c3c0000 - 0x00007ffc2cb1f000 	C:\WINDOWS\System32\SHELL32.dll
0x00007ffc2bcd0000 - 0x00007ffc2be3a000 	C:\WINDOWS\System32\wintypes.dll
0x00007ffc2ce00000 - 0x00007ffc2cf95000 	C:\WINDOWS\System32\ole32.dll
0x00007ffc2a980000 - 0x00007ffc2b1e4000 	C:\WINDOWS\System32\windows.storage.dll
0x00007ffc2c1b0000 - 0x00007ffc2c2a7000 	C:\WINDOWS\System32\SHCORE.dll
0x00007ffc2dc80000 - 0x00007ffc2dce7000 	C:\WINDOWS\System32\shlwapi.dll
0x00007ffc2a8a0000 - 0x00007ffc2a8c9000 	C:\WINDOWS\SYSTEM32\profapi.dll
0x00007ffc08100000 - 0x00007ffc08110000 	C:\Program Files\Java\jdk-22\bin\net.dll
0x00007ffc29c80000 - 0x00007ffc29ceb000 	C:\WINDOWS\system32\mswsock.dll
0x00007ffc02680000 - 0x00007ffc02696000 	C:\Program Files\Java\jdk-22\bin\nio.dll
0x00007ffc02480000 - 0x00007ffc02497000 	C:\Program Files\Java\jdk-22\bin\zip.dll
0x00007ffc040a0000 - 0x00007ffc040aa000 	C:\Program Files\Java\jdk-22\bin\management.dll
0x00007ffc02670000 - 0x00007ffc0267b000 	C:\Program Files\Java\jdk-22\bin\management_ext.dll
0x00007ffc2c2b0000 - 0x00007ffc2c2b8000 	C:\WINDOWS\System32\PSAPI.DLL
0x00007ffc02470000 - 0x00007ffc0247b000 	C:\Program Files\Java\jdk-22\bin\le.dll
0x00007ffc24670000 - 0x00007ffc2467e000 	C:\Program Files\Java\jdk-22\bin\sunmscapi.dll
0x00007ffc2b360000 - 0x00007ffc2b4d7000 	C:\WINDOWS\System32\CRYPT32.dll
0x00007ffc2a180000 - 0x00007ffc2a1b0000 	C:\WINDOWS\SYSTEM32\ncrypt.dll
0x00007ffc2a130000 - 0x00007ffc2a16f000 	C:\WINDOWS\SYSTEM32\NTASN1.dll
0x00007ffc29f70000 - 0x00007ffc29f8b000 	C:\WINDOWS\SYSTEM32\CRYPTSP.dll
0x00007ffc29640000 - 0x00007ffc29679000 	C:\WINDOWS\system32\rsaenh.dll
0x00007ffc29d30000 - 0x00007ffc29d62000 	C:\WINDOWS\SYSTEM32\USERENV.dll
0x00007ffc2a870000 - 0x00007ffc2a89a000 	C:\WINDOWS\SYSTEM32\bcrypt.dll
0x00007ffc29f60000 - 0x00007ffc29f6c000 	C:\WINDOWS\SYSTEM32\CRYPTBASE.dll
0x00007ffc290c0000 - 0x00007ffc290f3000 	C:\WINDOWS\SYSTEM32\IPHLPAPI.DLL
0x00007ffc2c300000 - 0x00007ffc2c30a000 	C:\WINDOWS\System32\NSI.dll
0x00007ffc29150000 - 0x00007ffc2927a000 	C:\WINDOWS\SYSTEM32\DNSAPI.dll
0x00007ffc19790000 - 0x00007ffc1979b000 	C:\Windows\System32\rasadhlp.dll
0x00007ffc23400000 - 0x00007ffc23486000 	C:\WINDOWS\System32\fwpuclnt.dll
0x00007ffc24680000 - 0x00007ffc24689000 	C:\Program Files\Java\jdk-22\bin\extnet.dll

dbghelp: loaded successfully - version: 4.0.5 - missing functions: none
symbol engine: initialized successfully - sym options: 0x614 - pdb path: .;C:\Program Files\Java\jdk-22\bin;C:\WINDOWS\SYSTEM32;C:\WINDOWS\WinSxS\amd64_microsoft.windows.common-controls_6595b64144ccf1df_6.0.26100.8037_none_3e092faae333b53b;C:\Program Files\Java\jdk-22\bin\server

VM Arguments:
jvm_args: -XX:TieredStopAtLevel=1 
java_command: Nhom08.Project.QltdApplication
java_class_path (initial): D:\DuongTanHuy\QLCV\job-management-system\target\classes;C:\Users\Administrator\.m2\repository\ch\qos\logback\logback-classic\1.5.25\logback-classic-1.5.25.jar;C:\Users\Administrator\.m2\repository\ch\qos\logback\logback-core\1.5.25\logback-core-1.5.25.jar;C:\Users\Administrator\.m2\repository\org\apache\logging\log4j\log4j-to-slf4j\2.25.3\log4j-to-slf4j-2.25.3.jar;C:\Users\Administrator\.m2\repository\org\apache\logging\log4j\log4j-api\2.25.3\log4j-api-2.25.3.jar;C:\Users\Administrator\.m2\repository\org\slf4j\jul-to-slf4j\2.0.17\jul-to-slf4j-2.0.17.jar;C:\Users\Administrator\.m2\repository\jakarta\annotation\jakarta.annotation-api\3.0.0\jakarta.annotation-api-3.0.0.jar;C:\Users\Administrator\.m2\repository\org\yaml\snakeyaml\2.5\snakeyaml-2.5.jar;C:\Users\Administrator\.m2\repository\org\springframework\boot\spring-boot-jackson\4.1.0-M1\spring-boot-jackson-4.1.0-M1.jar;C:\Users\Administrator\.m2\repository\tools\jackson\core\jackson-databind\3.0.4\jackson-databind-3.0.4.jar;C:\Users\Administrator\.m2\repository\tools\jackson\core\jackson-core\3.0.4\jackson-core-3.0.4.jar;C:\Users\Administrator\.m2\repository\org\apache\tomcat\embed\tomcat-embed-core\11.0.15\tomcat-embed-core-11.0.15.jar;C:\Users\Administrator\.m2\repository\org\apache\tomcat\embed\tomcat-embed-websocket\11.0.15\tomcat-embed-websocket-11.0.15.jar;C:\Users\Administrator\.m2\repository\org\springframework\boot\spring-boot-tomcat\4.1.0-M1\spring-boot-tomcat-4.1.0-M1.jar;C:\Users\Administrator\.m2\repository\org\springframework\boot\spring-boot-http-converter\4.1.0-M1\spring-boot-http-converter-4.1.0-M1.jar;C:\Users\Administrator\.m2\repository\org\springframework\spring-web\7.0.3\spring-web-7.0.3.jar;C:\Users\Administrator\.m2\repository\io\micrometer\micrometer-observation\1.17.0-M1\micrometer-observation-1.17.0-M1.jar;C:\Users\Administrator\.m2\repository\io\micrometer\micrometer-commons\1.17.0-M1\micrometer-commons-1.17.0-M1.jar;C:\Users\Administrator\.m2\repository\org\springframework\boot\spring-boot-webmvc\4.1.0-M1\spring-boot-webmvc-4.1.0-M1.jar;C:\Users\Administrator\.m2\repository\org\springframework\boot\spring-boot-servlet\4.1.0-M1\spring-boot-servlet-4.1.0-M1.jar;C:\Users\Administrator\.m2\repository\org\springframework\spring-webmvc\7.0.3\spring-webmvc-7.0.3.jar;C:\Users\Administrator\.m2\repository\org\springframework\spring-expression\7.0.3\spring-expression-7.0.3.jar;C:\Users\Administrator\.m2\repository\org\springframework\boot\spring-boot-devtools\4.1.0-M1\spring-boot-devtools-4.1.0-M1.jar;C:\Users\Administrator\.m2\repository\org\springframework\boot\spring-boot\4.1.0-M1\spring-boot-4.1.0-M1.jar;C:\Users\Administrator\.m2\repository\org\springframework\spring-core\7.0.3\spring-core-7.0.3.jar;C:\Users\Administrator\.m2\repository\commons-logging\commons-logging\1.3.5\commons-logging-1.3.5.jar;C:\Users\Administrator\.m2\repository\org\jspecify\jspecify\1.0.0\jspecify-1.0.0.jar;C:\Users\Administrator\.m2\repository\org\springframework\spring-context\7.0.3\spring-context-7.0.3.jar;C:\Users\Administrator\.m2\repository\org\springframework\boot\spring-boot-autoconfigure\4.1.0-M1\spring-boot-autoconfigure-4.1.0-M1.jar;C:\Users\Administrator\.m2\repository\jakarta\xml\bind\jakarta.xml.bind-api\4.0.4\jakarta.xml.bind-api-4.0.4.jar;C:\Users\Administrator\.m2\repository\jakarta\activation\jakarta.activation-api\2.1.4\jakarta.activation-api-2.1.4.jar;C:\Users\Administrator\.m2\repository\net\bytebuddy\byte-buddy\1.18.4\byte-buddy-1.18.4.jar;C:\Users\Administrator\.m2\repository\org\springframework\boot\spring-boot-web-server\4.1.0-M1\spring-boot-web-server-4.1.0-M1.jar;C:\Users\Administrator\.m2\repository\com\zaxxer\HikariCP\7.0.2\HikariCP-7.0.2.jar;C:\Users\Administrator\.m2\repository\org\springframework\boot\spring-boot-data-jpa\4.1.0-M1\spring-boot-data-jpa-4.1.0-M1.jar;C:\Users\Administrator\.m2\repository\org\springframework\boot\spring-boot-data-commons\4.1.0-M1\spring-boot-data-commons-4.1.0-M1.jar;C:\Users\Administrator\.m2\repository\org\springframework\boot\spring-boot-persistence\4.1.0-M1\spring-boot-persistence-4.1.0-M1.jar;C:\Users\Administrator\.m2\repository\org\springframework\data\spring-data-commons\4.0.2\spring-data-commons-4.0.2.jar;C:\Users\Administrator\.m2\repository\org\springframework\boot\spring-boot-hibernate\4.1.0-M1\spring-boot-hibernate-4.1.0-M1.jar;C:\Users\Administrator\.m2\repository\org\springframework\boot\spring-boot-jpa\4.1.0-M1\spring-boot-jpa-4.1.0-M1.jar;C:\Users\Administrator\.m2\repository\jakarta\persistence\jakarta.persistence-api\3.2.0\jakarta.persistence-api-3.2.0.jar;C:\Users\Administrator\.m2\repository\org\hibernate\orm\hibernate-core\7.2.1.Final\hibernate-core-7.2.1.Final.jar;C:\Users\Administrator\.m2\repository\jakarta\transaction\jakarta.transaction-api\2.0.1\jakarta.transaction-api-2.0.1.jar;C:\Users\Administrator\.m2\repository\org\hibernate\models\hibernate-models\1.0.1\hibernate-models-1.0.1.jar;C:\Users\Administrator\.m2\repository\org\glassfish\jaxb\jaxb-runtime\4.0.6\jaxb-runtime-4.0.6.jar;C:\Users\Administrator\.m2\repository\org\glassfish\jaxb\jaxb-core\4.0.6\jaxb-core-4.0.6.jar;C:\Users\Administrator\.m2\repository\org\eclipse\angus\angus-activation\2.0.3\angus-activation-2.0.3.jar;C:\Users\Administrator\.m2\repository\org\glassfish\jaxb\txw2\4.0.6\txw2-4.0.6.jar;C:\Users\Administrator\.m2\repository\com\sun\istack\istack-commons-runtime\4.1.2\istack-commons-runtime-4.1.2.jar;C:\Users\Administrator\.m2\repository\jakarta\inject\jakarta.inject-api\2.0.1\jakarta.inject-api-2.0.1.jar;C:\Users\Administrator\.m2\repository\org\springframework\spring-orm\7.0.3\spring-orm-7.0.3.jar;C:\Users\Administrator\.m2\repository\org\springframework\data\spring-data-jpa\4.0.2\spring-data-jpa-4.0.2.jar;C:\Users\Administrator\.m2\repository\org\springframework\spring-tx\7.0.3\spring-tx-7.0.3.jar;C:\Users\Administrator\.m2\repository\org\antlr\antlr4-runtime\4.13.2\antlr4-runtime-4.13.2.jar;C:\Users\Administrator\.m2\repository\org\springframework\spring-aspects\7.0.3\spring-aspects-7.0.3.jar;C:\Users\Administrator\.m2\repository\org\aspectj\aspectjweaver\1.9.25.1\aspectjweaver-1.9.25.1.jar;C:\Users\Administrator\.m2\repository\org\springframework\boot\spring-boot-jdbc\4.1.0-M1\spring-boot-jdbc-4.1.0-M1.jar;C:\Users\Administrator\.m2\repository\org\springframework\boot\spring-boot-sql\4.1.0-M1\spring-boot-sql-4.1.0-M1.jar;C:\Users\Administrator\.m2\repository\org\springframework\boot\spring-boot-transaction\4.1.0-M1\spring-boot-transaction-4.1.0-M1.jar;C:\Users\Administrator\.m2\repository\org\springframework\spring-jdbc\7.0.3\spring-jdbc-7.0.3.jar;C:\Users\Administrator\.m2\repository\com\mysql\mysql-connector-j\9.5.0\mysql-connector-j-9.5.0.jar;C:\Users\Administrator\.m2\repository\org\springframework\boot\spring-boot-validation\4.1.0-M1\spring-boot-validation-4.1.0-M1.jar;C:\Users\Administrator\.m2\repository\org\apache\tomcat\embed\tomcat-embed-el\11.0.15\tomcat-embed-el-11.0.15.jar;C:\Users\Administrator\.m2\repository\org\hibernate\validator\hibernate-validator\9.1.0.Final\hibernate-validator-9.1.0.Final.jar;C:\Users\Administrator\.m2\repository\jakarta\validation\jakarta.validation-api\3.1.1\jakarta.validation-api-3.1.1.jar;C:\Users\Administrator\.m2\repository\org\jboss\logging\jboss-logging\3.6.1.Final\jboss-logging-3.6.1.Final.jar;C:\Users\Administrator\.m2\repository\com\fasterxml\classmate\1.7.3\classmate-1.7.3.jar;C:\Users\Administrator\.m2\repository\org\springframework\boot\spring-boot-security\4.1.0-M1\spring-boot-security-4.1.0-M1.jar;C:\Users\Administrator\.m2\repository\org\springframework\security\spring-security-config\7.1.0-M1\spring-security-config-7.1.0-M1.jar;C:\Users\Administrator\.m2\repository\org\springframework\security\spring-security-core\7.1.0-M1\spring-security-core-7.1.0-M1.jar;C:\Users\Administrator\.m2\repository\org\springframework\security\spring-security-crypto\7.1.0-M1\spring-security-crypto-7.1.0-M1.jar;C:\Users\Administrator\.m2\repository\org\springframework\security\spring-security-web\7.1.0-M1\spring-security-web-7.1.0-M1.jar;C:\Users\Administrator\.m2\repository\org\springframework\spring-aop\7.0.3\spring-aop-7.0.3.jar;C:\Users\Administrator\.m2\repository\org\springframework\spring-beans\7.0.3\spring-beans-7.0.3.jar;C:\Users\Administrator\.m2\repository\org\springframework\boot\spring-boot-thymeleaf\4.1.0-M1\spring-boot-thymeleaf-4.1.0-M1.jar;C:\Users\Administrator\.m2\repository\org\thymeleaf\extras\thymeleaf-extras-springsecurity6\3.1.3.RELEASE\thymeleaf-extras-springsecurity6-3.1.3.RELEASE.jar;C:\Users\Administrator\.m2\repository\org\thymeleaf\thymeleaf-spring6\3.1.3.RELEASE\thymeleaf-spring6-3.1.3.RELEASE.jar;C:\Users\Administrator\.m2\repository\org\thymeleaf\thymeleaf\3.1.3.RELEASE\thymeleaf-3.1.3.RELEASE.jar;C:\Users\Administrator\.m2\repository\org\attoparser\attoparser\2.0.7.RELEASE\attoparser-2.0.7.RELEASE.jar;C:\Users\Administrator\.m2\repository\org\unbescape\unbescape\1.1.6.RELEASE\unbescape-1.1.6.RELEASE.jar;C:\Users\Administrator\.m2\repository\org\slf4j\slf4j-api\2.0.17\slf4j-api-2.0.17.jar;C:\Users\Administrator\.m2\repository\com\fasterxml\jackson\core\jackson-databind\2.21.0\jackson-databind-2.21.0.jar;C:\Users\Administrator\.m2\repository\com\fasterxml\jackson\core\jackson-annotations\2.21\jackson-annotations-2.21.jar;C:\Users\Administrator\.m2\repository\com\fasterxml\jackson\core\jackson-core\2.21.0\jackson-core-2.21.0.jar
Launcher Type: SUN_STANDARD

[Global flags]
     intx CICompilerCount                          = 4                                         {product} {ergonomic}
     uint ConcGCThreads                            = 3                                         {product} {ergonomic}
     uint G1ConcRefinementThreads                  = 10                                        {product} {ergonomic}
   size_t G1HeapRegionSize                         = 1048576                                   {product} {ergonomic}
   size_t InitialHeapSize                          = 123731968                                 {product} {ergonomic}
   size_t MarkStackSize                            = 4194304                                   {product} {ergonomic}
   size_t MaxHeapSize                              = 1975517184                                {product} {ergonomic}
   size_t MaxNewSize                               = 1184890880                                {product} {ergonomic}
   size_t MinHeapDeltaBytes                        = 1048576                                   {product} {ergonomic}
   size_t MinHeapSize                              = 8388608                                   {product} {ergonomic}
    uintx NonNMethodCodeHeapSize                   = 4096                                   {pd product} {ergonomic}
    uintx NonProfiledCodeHeapSize                  = 0                                      {pd product} {ergonomic}
     bool ProfileInterpreter                       = false                                  {pd product} {command line}
    uintx ProfiledCodeHeapSize                     = 0                                      {pd product} {ergonomic}
   size_t SoftMaxHeapSize                          = 1975517184                             {manageable} {ergonomic}
     intx TieredStopAtLevel                        = 1                                         {product} {command line}
     bool UseCompressedOops                        = true                           {product lp64_product} {ergonomic}
     bool UseG1GC                                  = true                                      {product} {ergonomic}
     bool UseLargePagesIndividualAllocation        = false                                  {pd product} {ergonomic}

Logging:
Log output configuration:
 #0: stdout all=warning uptime,level,tags foldmultilines=false
 #1: stderr all=off uptime,level,tags foldmultilines=false

Environment Variables:
JAVA_HOME=C:\Program Files\Java\jdk-22
PATH=C:\Users\Administrator\AppData\Local\Programs\Microsoft VS Code;C:\Program Files\Java\jdk-22\bin;C:\Windows\system32;C:\Windows;C:\Windows\System32\Wbem;C:\Windows\System32\WindowsPowerShell\v1.0\;C:\Windows\System32\OpenSSH\;C:\Program Files (x86)\NVIDIA Corporation\PhysX\Common;C:\WINDOWS\system32;C:\WINDOWS;C:\WINDOWS\System32\Wbem;C:\WINDOWS\System32\WindowsPowerShell\v1.0\;C:\WINDOWS\System32\OpenSSH\;C:\Program Files (x86)\Microsoft SQL Server\160\Tools\Binn\;C:\Program Files\Microsoft SQL Server\160\Tools\Binn\;C:\Program Files\Microsoft SQL Server\Client SDK\ODBC\170\Tools\Binn\;C:\Program Files\Microsoft SQL Server\160\DTS\Binn\;C:\Program Files (x86)\Microsoft SQL Server\160\DTS\Binn\;C:\Program Files\Microsoft SQL Server\150\Tools\Binn\;C:\Flutter\flutter\bin;C:\Program Files\dotnet\;C:\Gradle\gradle-9.1.0\bin;C:\Users\Administrator\AppData\Local\Android\Sdk\platforms;C:\Users\Administrator\AppData\Local\Android\Sdk\platform-tools;C:\Users\Administrator\AppData\Local\Android\Sdk\emulator;C:\Program Files\NVIDIA Corporation\NVIDIA App\NvDLISR;C:\Program Files\nodejs\;C:\Program Files\Git\cmd;C:\Users\Administrator\AppData\Local\Pub\Cache\bin;C:\Users\Administrator\AppData\Roaming\npm;C:\Program Files\Java\jdk-22;C:\Users\Administrator\.factory\bin;C:\Program Files\ApacheMaven\apache-maven-3.9.13\bin;C:\Program Files\Docker\Docker\resources\bin;C:\Users\Administrator\AppData\Local\Programs\Python\Python313\Scripts\;C:\Users\Administrator\AppData\Local\Programs\Python\Python313\;C:\Users\Administrator\AppData\Local\Programs\Python\Launcher\;C:\Users\Administrator\AppData\Local\Microsoft\WindowsApps;C:\Users\Administrator\AppData\Local\Programs\Microsoft VS Code\bin;C:\Users\Administrator\AppData\Local\Microsoft\WinGet\Packages\Schniz.fnm_Microsoft.Winget.Source_8wekyb3d8bbwe;C:\Users\Administrator\AppData\Local\Android\Sdk\platform-tools;C:\Users\Administrator\AppData\Local\Android\Sdk\platforms;C:\Users\Administrator\AppData\Local\Android\Sdk\emulator;C:\Users\Administrator\AppData\Local\Pub\Cache\bin;C:\Users\Administrator\bin;C:\Users\Administrator\.factory\bin;;C:\Users\Administrator\AppData\Local\Microsoft\WindowsApps;c:\Users\Administrator\.vscode\extensions\vscjava.vscode-java-debug-0.58.5\bundled\scripts\noConfigScripts
USERNAME=Administrator
LANG=en_US.UTF-8
OS=Windows_NT
PROCESSOR_IDENTIFIER=AMD64 Family 25 Model 80 Stepping 0, AuthenticAMD
TMP=C:\Users\ADMINI~1\AppData\Local\Temp
TEMP=C:\Users\ADMINI~1\AppData\Local\Temp




Periodic native trim disabled

---------------  S Y S T E M  ---------------

OS:
 Windows 11 , 64 bit Build 26100 (10.0.26100.7920)
OS uptime: 0 days 0:05 hours
Hyper-V role detected

CPU: total 12 (initial active 12) (12 cores per cpu, 2 threads per core) family 25 model 80 stepping 0 microcode 0xa50000d, cx8, cmov, fxsr, ht, mmx, 3dnowpref, sse, sse2, sse3, ssse3, sse4a, sse4.1, sse4.2, popcnt, lzcnt, tsc, tscinvbit, avx, avx2, aes, erms, clmul, bmi1, bmi2, adx, sha, fma, vzeroupper, clflush, clflushopt, hv, rdtscp, rdpid, fsrm, f16c, cet_ss
Processor Information for processor 0
  Max Mhz: 3301, Current Mhz: 3301, Mhz Limit: 3301
Processor Information for processor 1
  Max Mhz: 3301, Current Mhz: 2630, Mhz Limit: 3301
Processor Information for processor 2
  Max Mhz: 3301, Current Mhz: 3301, Mhz Limit: 3301
Processor Information for processor 3
  Max Mhz: 3301, Current Mhz: 3301, Mhz Limit: 3301
Processor Information for processor 4
  Max Mhz: 3301, Current Mhz: 2630, Mhz Limit: 3301
Processor Information for processor 5
  Max Mhz: 3301, Current Mhz: 2630, Mhz Limit: 3301
Processor Information for processor 6
  Max Mhz: 3301, Current Mhz: 2630, Mhz Limit: 3301
Processor Information for processor 7
  Max Mhz: 3301, Current Mhz: 2630, Mhz Limit: 3301
Processor Information for processor 8
  Max Mhz: 3301, Current Mhz: 3301, Mhz Limit: 3301
Processor Information for processor 9
  Max Mhz: 3301, Current Mhz: 2630, Mhz Limit: 3301
Processor Information for processor 10
  Max Mhz: 3301, Current Mhz: 2630, Mhz Limit: 3301
Processor Information for processor 11
  Max Mhz: 3301, Current Mhz: 2630, Mhz Limit: 3301

Memory: 4k page, system-wide physical 7532M (419M free)
TotalPageFile size 15724M (AvailPageFile size 4M)
current process WorkingSet (physical memory assigned to process): 250M, peak: 250M
current process commit charge ("private bytes"): 292M, peak: 294M

vm_info: OpenJDK 64-Bit Server VM (22+36-2370) for windows-amd64 JRE (22+36-2370), built on 2024-02-15T22:15:19Z by "mach5one" with MS VC++ 17.6 (VS2022)

END.
