#
# There is insufficient memory for the Java Runtime Environment to continue.
# Native memory allocation (malloc) failed to allocate 231280 bytes. Error detail: Chunk::new
# Possible reasons:
#   The system is out of physical RAM or swap space
#   This process is running with CompressedOops enabled, and the Java Heap may be blocking the growth of the native heap
# Possible solutions:
#   Reduce memory load on the system
#   Increase physical memory or swap space
#   Check if swap backing store is full
#   Decrease Java heap size (-Xmx/-Xms)
#   Decrease number of Java threads
#   Decrease Java thread stack sizes (-Xss)
#   Set larger code cache with -XX:ReservedCodeCacheSize=
#   JVM is running with Unscaled Compressed Oops mode in which the Java heap is
#     placed in the first 4GB address space. The Java Heap base address is the
#     maximum limit for the native heap growth. Please use -XX:HeapBaseMinAddress
#     to set the Java Heap base and to place the Java Heap above 4GB virtual address.
# This output file may be truncated or incomplete.
#
#  Out of Memory Error (arena.cpp:168), pid=23424, tid=21560
#
# JRE version: OpenJDK Runtime Environment Temurin-21.0.10+7 (21.0.10+7) (build 21.0.10+7-LTS)
# Java VM: OpenJDK 64-Bit Server VM Temurin-21.0.10+7 (21.0.10+7-LTS, mixed mode, sharing, tiered, compressed oops, compressed class ptrs, parallel gc, windows-amd64)
# No core dump will be written. Minidumps are not enabled by default on client versions of Windows
#

---------------  S U M M A R Y ------------

Command Line: --add-modules=ALL-SYSTEM --add-opens=java.base/java.util=ALL-UNNAMED --add-opens=java.base/java.lang=ALL-UNNAMED --add-opens=java.base/sun.nio.fs=ALL-UNNAMED -Declipse.application=org.eclipse.jdt.ls.core.id1 -Dosgi.bundles.defaultStartLevel=4 -Declipse.product=org.eclipse.jdt.ls.core.product -Djava.import.generatesMetadataFilesAtProjectRoot=false -DDetectVMInstallationsJob.disabled=true -Dfile.encoding=utf8 -XX:+UseParallelGC -XX:GCTimeRatio=4 -XX:AdaptiveSizePolicyWeight=90 -Dsun.zip.disableMemoryMapping=true -Xmx2G -Xms100m -Xlog:disable -javaagent:c:\Users\Administrator\.vscode\extensions\redhat.java-1.53.0-win32-x64\lombok\lombok-1.18.39-4050.jar c:\Users\Administrator\.vscode\extensions\redhat.java-1.53.0-win32-x64\server\plugins\org.eclipse.equinox.launcher_1.7.100.v20251111-0406.jar -configuration c:\Users\Administrator\AppData\Roaming\Code\User\globalStorage\redhat.java\1.53.0\config_ss_win -data c:\Users\Administrator\AppData\Roaming\Code\User\workspaceStorage\bae7c9a209c1bf6c646f2226ddde99a7\redhat.java\ss_ws --pipe=\\.\pipe\lsp-7baee21550386d718d415c93dc5e6dc6-sock

Host: AMD Ryzen 5 5600H with Radeon Graphics         , 12 cores, 7G,  Windows 11 , 64 bit Build 26100 (10.0.26100.7920)
Time: Wed Mar 25 01:38:11 2026 SE Asia Standard Time elapsed time: 24.835519 seconds (0d 0h 0m 24s)

---------------  T H R E A D  ---------------

Current thread (0x0000023365793f90):  JavaThread "C2 CompilerThread0" daemon [_thread_in_native, id=21560, stack(0x00000069b1600000,0x00000069b1700000) (1024K)]


Current CompileTask:
C2:24835 1933   !   4       java.io.BufferedInputStream::read (69 bytes)

Stack: [0x00000069b1600000,0x00000069b1700000]
Native frames: (J=compiled Java code, j=interpreted, Vv=VM code, C=native code)
V  [jvm.dll+0x6d7a39]
V  [jvm.dll+0x8b4b26]
V  [jvm.dll+0x8b70de]
V  [jvm.dll+0x8b77c3]
V  [jvm.dll+0x284346]
V  [jvm.dll+0xc66ed]
V  [jvm.dll+0xc6c31]
V  [jvm.dll+0x3bec3b]
V  [jvm.dll+0x38b162]
V  [jvm.dll+0x38a5aa]
V  [jvm.dll+0x24c560]
V  [jvm.dll+0x24bb40]
V  [jvm.dll+0x1cb34e]
V  [jvm.dll+0x25b85d]
V  [jvm.dll+0x259dea]
V  [jvm.dll+0x3f857e]
V  [jvm.dll+0x85f59d]
V  [jvm.dll+0x6d626d]
C  [ucrtbase.dll+0x37b0]
C  [KERNEL32.DLL+0x2e8d7]
C  [ntdll.dll+0x8c48c]


---------------  P R O C E S S  ---------------

Threads class SMR info:
_java_thread_list=0x0000023366b2cfe0, length=17, elements={
0x000002330caadb70, 0x00000233232adc90, 0x000002330cb55b30, 0x000002330cb590f0,
0x000002330cb59b50, 0x000002330cb5a5b0, 0x000002330cb5b010, 0x0000023365793f90,
0x0000023365795280, 0x00000233659ec4d0, 0x0000023365abb3b0, 0x00000233667cd510,
0x0000023365a411c0, 0x0000023366ba5ef0, 0x000002336587fc10, 0x0000023366b160d0,
0x00000233667324d0
}

Java Threads: ( => current thread )
  0x000002330caadb70 JavaThread "main"                              [_thread_blocked, id=19064, stack(0x00000069b0c00000,0x00000069b0d00000) (1024K)]
  0x00000233232adc90 JavaThread "Reference Handler"          daemon [_thread_blocked, id=15672, stack(0x00000069b1000000,0x00000069b1100000) (1024K)]
  0x000002330cb55b30 JavaThread "Finalizer"                  daemon [_thread_blocked, id=6748, stack(0x00000069b1100000,0x00000069b1200000) (1024K)]
  0x000002330cb590f0 JavaThread "Signal Dispatcher"          daemon [_thread_blocked, id=17504, stack(0x00000069b1200000,0x00000069b1300000) (1024K)]
  0x000002330cb59b50 JavaThread "Attach Listener"            daemon [_thread_blocked, id=18980, stack(0x00000069b1300000,0x00000069b1400000) (1024K)]
  0x000002330cb5a5b0 JavaThread "Service Thread"             daemon [_thread_blocked, id=1740, stack(0x00000069b1400000,0x00000069b1500000) (1024K)]
  0x000002330cb5b010 JavaThread "Monitor Deflation Thread"   daemon [_thread_blocked, id=16344, stack(0x00000069b1500000,0x00000069b1600000) (1024K)]
=>0x0000023365793f90 JavaThread "C2 CompilerThread0"         daemon [_thread_in_native, id=21560, stack(0x00000069b1600000,0x00000069b1700000) (1024K)]
  0x0000023365795280 JavaThread "C1 CompilerThread0"         daemon [_thread_blocked, id=19172, stack(0x00000069b1700000,0x00000069b1800000) (1024K)]
  0x00000233659ec4d0 JavaThread "Common-Cleaner"             daemon [_thread_blocked, id=23324, stack(0x00000069b1900000,0x00000069b1a00000) (1024K)]
  0x0000023365abb3b0 JavaThread "Notification Thread"        daemon [_thread_blocked, id=20564, stack(0x00000069b1a00000,0x00000069b1b00000) (1024K)]
  0x00000233667cd510 JavaThread "Active Thread: Equinox Container: ce1940d3-2740-4f8a-8f60-a3e085017a18"        [_thread_blocked, id=11668, stack(0x00000069b2200000,0x00000069b2300000) (1024K)]
  0x0000023365a411c0 JavaThread "Framework Event Dispatcher: Equinox Container: ce1940d3-2740-4f8a-8f60-a3e085017a18" daemon [_thread_blocked, id=8636, stack(0x00000069b1800000,0x00000069b1900000) (1024K)]
  0x0000023366ba5ef0 JavaThread "Start Level: Equinox Container: ce1940d3-2740-4f8a-8f60-a3e085017a18" daemon [_thread_blocked, id=19496, stack(0x00000069b2100000,0x00000069b2200000) (1024K)]
  0x000002336587fc10 JavaThread "SCR Component Actor"        daemon [_thread_blocked, id=15676, stack(0x00000069b2400000,0x00000069b2500000) (1024K)]
  0x0000023366b160d0 JavaThread "C2 CompilerThread1"         daemon [_thread_blocked, id=19324, stack(0x00000069b2500000,0x00000069b2600000) (1024K)]
  0x00000233667324d0 JavaThread "C2 CompilerThread2"         daemon [_thread_blocked, id=22816, stack(0x00000069b2600000,0x00000069b2700000) (1024K)]
Total: 17

Other Threads:
  0x000002330cb52960 VMThread "VM Thread"                           [id=10056, stack(0x00000069b0f00000,0x00000069b1000000) (1024K)] _threads_hazard_ptr=0x0000023366b2cfe0
  0x000002332318ba00 WatcherThread "VM Periodic Task Thread"        [id=14964, stack(0x00000069b0e00000,0x00000069b0f00000) (1024K)]
  0x000002330cacd260 WorkerThread "GC Thread#0"                     [id=18956, stack(0x00000069b0d00000,0x00000069b0e00000) (1024K)]
  0x0000023366c65ad0 WorkerThread "GC Thread#1"                     [id=23452, stack(0x00000069b1b00000,0x00000069b1c00000) (1024K)]
  0x000002336692bed0 WorkerThread "GC Thread#2"                     [id=6776, stack(0x00000069b1c00000,0x00000069b1d00000) (1024K)]
  0x000002336692c280 WorkerThread "GC Thread#3"                     [id=6340, stack(0x00000069b1d00000,0x00000069b1e00000) (1024K)]
  0x000002336692c630 WorkerThread "GC Thread#4"                     [id=19408, stack(0x00000069b1e00000,0x00000069b1f00000) (1024K)]
  0x000002336692c9e0 WorkerThread "GC Thread#5"                     [id=20964, stack(0x00000069b1f00000,0x00000069b2000000) (1024K)]
  0x000002336692cd90 WorkerThread "GC Thread#6"                     [id=22016, stack(0x00000069b2000000,0x00000069b2100000) (1024K)]
  0x00000233658174f0 WorkerThread "GC Thread#7"                     [id=23416, stack(0x00000069b2300000,0x00000069b2400000) (1024K)]
Total: 10

Threads with active compile tasks:
C2 CompilerThread0  27883 1933   !   4       java.io.BufferedInputStream::read (69 bytes)
C1 CompilerThread0  27883 1963   !   3       org.eclipse.osgi.internal.loader.BundleLoader::findRequiredSource (283 bytes)
C2 CompilerThread1  27883 1939       4       java.io.DataInputStream::readUTF (501 bytes)
C2 CompilerThread2  27883 1934       4       java.io.DataInputStream::readFully (59 bytes)
Total: 4

VM state: synchronizing (normal execution)

VM Mutex/Monitor currently owned by a thread:  ([mutex/lock_event])
[0x00007ffd4ad0e560] Threads_lock - owner thread: 0x000002330cb52960

Heap address: 0x0000000080000000, size: 2048 MB, Compressed Oops mode: 32-bit

CDS archive(s) mapped at: [0x0000023324000000-0x0000023324ba0000-0x0000023324ba0000), size 12189696, SharedBaseAddress: 0x0000023324000000, ArchiveRelocationMode: 1.
Compressed class space mapped at: 0x0000023325000000-0x0000023365000000, reserved size: 1073741824
Narrow klass base: 0x0000023324000000, Narrow klass shift: 0, Narrow klass range: 0x100000000

GC Precious Log:
 CardTable entry size: 512
 CPUs: 12 total, 12 available
 Memory: 7532M
 Large Page Support: Disabled
 NUMA Support: Disabled
 Compressed Oops: Enabled (32-bit)
 Alignments: Space 512K, Generation 512K, Heap 2M
 Heap Min Capacity: 100M
 Heap Initial Capacity: 100M
 Heap Max Capacity: 2G
 Pre-touch: Disabled
 Parallel Workers: 10

Heap:
 PSYoungGen      total 29696K, used 17682K [0x00000000d5580000, 0x00000000d7680000, 0x0000000100000000)
  eden space 25600K, 53% used [0x00000000d5580000,0x00000000d62c6be0,0x00000000d6e80000)
  from space 4096K, 99% used [0x00000000d7280000,0x00000000d767de88,0x00000000d7680000)
  to   space 4096K, 0% used [0x00000000d6e80000,0x00000000d6e80000,0x00000000d7280000)
 ParOldGen       total 68608K, used 1144K [0x0000000080000000, 0x0000000084300000, 0x00000000d5580000)
  object space 68608K, 1% used [0x0000000080000000,0x000000008011e020,0x0000000084300000)
 Metaspace       used 10908K, committed 11264K, reserved 1114112K
  class space    used 1176K, committed 1344K, reserved 1048576K

Card table byte_map: [0x000002330c360000,0x000002330c770000] _byte_map_base: 0x000002330bf60000

Marking Bits: (ParMarkBitMap*) 0x00007ffd4ad13450
 Begin Bits: [0x000002331ecb0000, 0x0000023320cb0000)
 End Bits:   [0x0000023320cb0000, 0x0000023322cb0000)

Polling page: 0x000002330a840000

Metaspace:

Usage:
  Non-class:      9.50 MB used.
      Class:      1.15 MB used.
       Both:     10.65 MB used.

Virtual space:
  Non-class space:       64.00 MB reserved,       9.69 MB ( 15%) committed,  1 nodes.
      Class space:        1.00 GB reserved,       1.31 MB ( <1%) committed,  1 nodes.
             Both:        1.06 GB reserved,      11.00 MB (  1%) committed. 

Chunk freelists:
   Non-Class:  5.88 MB
       Class:  14.67 MB
        Both:  20.55 MB

MaxMetaspaceSize: unlimited
CompressedClassSpaceSize: 1.00 GB
Initial GC threshold: 21.00 MB
Current GC threshold: 21.00 MB
CDS: on
 - commit_granule_bytes: 65536.
 - commit_granule_words: 8192.
 - virtual_space_node_default_size: 8388608.
 - enlarge_chunks_in_place: 1.
 - use_allocation_guard: 0.


Internal statistics:

num_allocs_failed_limit: 0.
num_arena_births: 252.
num_arena_deaths: 0.
num_vsnodes_births: 2.
num_vsnodes_deaths: 0.
num_space_committed: 176.
num_space_uncommitted: 0.
num_chunks_returned_to_freelist: 0.
num_chunks_taken_from_freelist: 566.
num_chunk_merges: 0.
num_chunk_splits: 364.
num_chunks_enlarged: 245.
num_inconsistent_stats: 0.

CodeHeap 'non-profiled nmethods': size=120000Kb used=829Kb max_used=829Kb free=119170Kb
 bounds [0x0000023317780000, 0x00000233179f0000, 0x000002331ecb0000]
CodeHeap 'profiled nmethods': size=120000Kb used=3602Kb max_used=3602Kb free=116398Kb
 bounds [0x000002330fcb0000, 0x0000023310040000, 0x00000233171e0000]
CodeHeap 'non-nmethods': size=5760Kb used=1222Kb max_used=1260Kb free=4537Kb
 bounds [0x00000233171e0000, 0x0000023317450000, 0x0000023317780000]
CodeCache: size=245760Kb, used=5653Kb, max_used=5691Kb, free=240105Kb
 total_blobs=2448, nmethods=1956, adapters=399, full_count=0
Compilation: enabled, stopped_count=0, restarted_count=0

Compilation events (20 events):
Event: 21.800 Thread 0x0000023365795280 1929       3       java.lang.invoke.InnerClassLambdaMetafactory::getOpcodeOffset (38 bytes)
Event: 21.800 Thread 0x0000023365795280 nmethod 1929 0x0000023310021b90 code [0x0000023310021d60, 0x0000023310022018]
Event: 21.802 Thread 0x0000023365795280 1930       3       sun.invoke.util.Wrapper::isDoubleWord (15 bytes)
Event: 21.802 Thread 0x0000023365795280 nmethod 1930 0x0000023310022110 code [0x00000233100222a0, 0x0000023310022408]
Event: 21.804 Thread 0x0000023365793f90 1932       4       java.lang.Object::equals (11 bytes)
Event: 21.805 Thread 0x0000023365793f90 nmethod 1932 0x000002331784f110 code [0x000002331784f2a0, 0x000002331784f338]
Event: 21.806 Thread 0x0000023365793f90 1933   !   4       java.io.BufferedInputStream::read (69 bytes)
Event: 21.808 Thread 0x0000023365795280 1940   !   3       org.eclipse.osgi.container.ModuleDatabase::getWiring (31 bytes)
Event: 21.809 Thread 0x0000023365795280 nmethod 1940 0x0000023310022490 code [0x0000023310022700, 0x0000023310023070]
Event: 21.809 Thread 0x00000233667324d0 1934       4       java.io.DataInputStream::readFully (59 bytes)
Event: 21.809 Thread 0x0000023366b160d0 1939       4       java.io.DataInputStream::readUTF (501 bytes)
Event: 21.812 Thread 0x0000023365795280 1941       3       java.util.concurrent.locks.AbstractQueuedSynchronizer::acquireShared (20 bytes)
Event: 21.812 Thread 0x0000023365795280 nmethod 1941 0x0000023310023510 code [0x00000233100236e0, 0x0000023310023950]
Event: 21.814 Thread 0x0000023365795280 1942       3       org.eclipse.osgi.internal.loader.ModuleClassLoader::getClassLoadingLock (9 bytes)
Event: 21.814 Thread 0x0000023365795280 nmethod 1942 0x0000023310023a10 code [0x0000023310023bc0, 0x0000023310023d00]
Event: 21.814 Thread 0x0000023365795280 1943       3       org.eclipse.osgi.internal.container.KeyBasedLockStore::getLock (105 bytes)
Event: 21.815 Thread 0x0000023365795280 nmethod 1943 0x0000023310023e10 code [0x00000233100240e0, 0x0000023310025108]
Event: 22.834 Thread 0x0000023365795280 1944       3       java.util.ArrayList$SubList::size (9 bytes)
Event: 24.832 Thread 0x0000023365795280 nmethod 1944 0x0000023310025690 code [0x0000023310025860, 0x0000023310025ae8]
Event: 24.832 Thread 0x0000023365795280 1947       3       java.util.concurrent.Semaphore$Sync::nonfairTryAcquireShared (27 bytes)

GC Heap History (4 events):
Event: 3.959 GC heap before
{Heap before GC invocations=1 (full 0):
 PSYoungGen      total 29696K, used 25600K [0x00000000d5580000, 0x00000000d7680000, 0x0000000100000000)
  eden space 25600K, 100% used [0x00000000d5580000,0x00000000d6e80000,0x00000000d6e80000)
  from space 4096K, 0% used [0x00000000d7280000,0x00000000d7280000,0x00000000d7680000)
  to   space 4096K, 0% used [0x00000000d6e80000,0x00000000d6e80000,0x00000000d7280000)
 ParOldGen       total 68608K, used 0K [0x0000000080000000, 0x0000000084300000, 0x00000000d5580000)
  object space 68608K, 0% used [0x0000000080000000,0x0000000080000000,0x0000000084300000)
 Metaspace       used 4369K, committed 4608K, reserved 1114112K
  class space    used 474K, committed 576K, reserved 1048576K
}
Event: 3.968 GC heap after
{Heap after GC invocations=1 (full 0):
 PSYoungGen      total 29696K, used 3287K [0x00000000d5580000, 0x00000000d7680000, 0x0000000100000000)
  eden space 25600K, 0% used [0x00000000d5580000,0x00000000d5580000,0x00000000d6e80000)
  from space 4096K, 80% used [0x00000000d6e80000,0x00000000d71b5ea8,0x00000000d7280000)
  to   space 4096K, 0% used [0x00000000d7280000,0x00000000d7280000,0x00000000d7680000)
 ParOldGen       total 68608K, used 16K [0x0000000080000000, 0x0000000084300000, 0x00000000d5580000)
  object space 68608K, 0% used [0x0000000080000000,0x0000000080004000,0x0000000084300000)
 Metaspace       used 4369K, committed 4608K, reserved 1114112K
  class space    used 474K, committed 576K, reserved 1048576K
}
Event: 21.557 GC heap before
{Heap before GC invocations=2 (full 0):
 PSYoungGen      total 29696K, used 28887K [0x00000000d5580000, 0x00000000d7680000, 0x0000000100000000)
  eden space 25600K, 100% used [0x00000000d5580000,0x00000000d6e80000,0x00000000d6e80000)
  from space 4096K, 80% used [0x00000000d6e80000,0x00000000d71b5ea8,0x00000000d7280000)
  to   space 4096K, 0% used [0x00000000d7280000,0x00000000d7280000,0x00000000d7680000)
 ParOldGen       total 68608K, used 16K [0x0000000080000000, 0x0000000084300000, 0x00000000d5580000)
  object space 68608K, 0% used [0x0000000080000000,0x0000000080004000,0x0000000084300000)
 Metaspace       used 8153K, committed 8448K, reserved 1114112K
  class space    used 868K, committed 1024K, reserved 1048576K
}
Event: 21.564 GC heap after
{Heap after GC invocations=2 (full 0):
 PSYoungGen      total 29696K, used 4087K [0x00000000d5580000, 0x00000000d7680000, 0x0000000100000000)
  eden space 25600K, 0% used [0x00000000d5580000,0x00000000d5580000,0x00000000d6e80000)
  from space 4096K, 99% used [0x00000000d7280000,0x00000000d767de88,0x00000000d7680000)
  to   space 4096K, 0% used [0x00000000d6e80000,0x00000000d6e80000,0x00000000d7280000)
 ParOldGen       total 68608K, used 1144K [0x0000000080000000, 0x0000000084300000, 0x00000000d5580000)
  object space 68608K, 1% used [0x0000000080000000,0x000000008011e020,0x0000000084300000)
 Metaspace       used 8153K, committed 8448K, reserved 1114112K
  class space    used 868K, committed 1024K, reserved 1048576K
}

Dll operation events (9 events):
Event: 0.179 Loaded shared library c:\Users\Administrator\.vscode\extensions\redhat.java-1.53.0-win32-x64\jre\21.0.10-win32-x86_64\bin\java.dll
Event: 0.424 Loaded shared library c:\Users\Administrator\.vscode\extensions\redhat.java-1.53.0-win32-x64\jre\21.0.10-win32-x86_64\bin\zip.dll
Event: 0.497 Loaded shared library C:\Users\Administrator\.vscode\extensions\redhat.java-1.53.0-win32-x64\jre\21.0.10-win32-x86_64\bin\instrument.dll
Event: 0.788 Loaded shared library C:\Users\Administrator\.vscode\extensions\redhat.java-1.53.0-win32-x64\jre\21.0.10-win32-x86_64\bin\net.dll
Event: 0.986 Loaded shared library C:\Users\Administrator\.vscode\extensions\redhat.java-1.53.0-win32-x64\jre\21.0.10-win32-x86_64\bin\nio.dll
Event: 1.000 Loaded shared library C:\Users\Administrator\.vscode\extensions\redhat.java-1.53.0-win32-x64\jre\21.0.10-win32-x86_64\bin\zip.dll
Event: 1.062 Loaded shared library C:\Users\Administrator\.vscode\extensions\redhat.java-1.53.0-win32-x64\jre\21.0.10-win32-x86_64\bin\jimage.dll
Event: 1.285 Loaded shared library c:\Users\Administrator\.vscode\extensions\redhat.java-1.53.0-win32-x64\jre\21.0.10-win32-x86_64\bin\verify.dll
Event: 21.615 Loaded shared library C:\Users\Administrator\AppData\Roaming\Code\User\globalStorage\redhat.java\1.53.0\config_ss_win\org.eclipse.equinox.launcher\org.eclipse.equinox.launcher.win32.win32.x86_64_1.3.0.v20260203-2149\eclipse_11919.dll

Deoptimization events (20 events):
Event: 4.475 Thread 0x000002330caadb70 DEOPT PACKING pc=0x000002330fe31f08 sp=0x00000069b0cfca30
Event: 4.475 Thread 0x000002330caadb70 DEOPT UNPACKING pc=0x0000023317234242 sp=0x00000069b0cfbeb0 mode 0
Event: 4.476 Thread 0x000002330caadb70 DEOPT PACKING pc=0x000002330fe31f08 sp=0x00000069b0cfcd30
Event: 4.476 Thread 0x000002330caadb70 DEOPT UNPACKING pc=0x0000023317234242 sp=0x00000069b0cfc1b0 mode 0
Event: 21.548 Thread 0x0000023366ba5ef0 Uncommon trap: trap_request=0xffffff6e fr.pc=0x00000233177f7928 relative=0x0000000000000368
Event: 21.548 Thread 0x0000023366ba5ef0 Uncommon trap: reason=loop_limit_check action=maybe_recompile pc=0x00000233177f7928 method=java.lang.StringLatin1.indexOf([BI[BII)I @ 37 c2
Event: 21.548 Thread 0x0000023366ba5ef0 DEOPT PACKING pc=0x00000233177f7928 sp=0x00000069b21f8d00
Event: 21.548 Thread 0x0000023366ba5ef0 DEOPT UNPACKING pc=0x0000023317233aa2 sp=0x00000069b21f8c60 mode 2
Event: 21.722 Thread 0x0000023366ba5ef0 Uncommon trap: trap_request=0xffffff45 fr.pc=0x00000233178309a0 relative=0x00000000000009c0
Event: 21.722 Thread 0x0000023366ba5ef0 Uncommon trap: reason=unstable_if action=reinterpret pc=0x00000233178309a0 method=java.util.concurrent.ConcurrentHashMap.putVal(Ljava/lang/Object;Ljava/lang/Object;Z)Ljava/lang/Object; @ 148 c2
Event: 21.722 Thread 0x0000023366ba5ef0 DEOPT PACKING pc=0x00000233178309a0 sp=0x00000069b21f8d10
Event: 21.722 Thread 0x0000023366ba5ef0 DEOPT UNPACKING pc=0x0000023317233aa2 sp=0x00000069b21f8c80 mode 2
Event: 21.728 Thread 0x0000023366ba5ef0 Uncommon trap: trap_request=0xffffff45 fr.pc=0x0000023317841bf0 relative=0x00000000000013f0
Event: 21.728 Thread 0x0000023366ba5ef0 Uncommon trap: reason=unstable_if action=reinterpret pc=0x0000023317841bf0 method=java.io.WinNTFileSystem.normalize(Ljava/lang/String;II)Ljava/lang/String; @ 100 c2
Event: 21.728 Thread 0x0000023366ba5ef0 DEOPT PACKING pc=0x0000023317841bf0 sp=0x00000069b21f9160
Event: 21.728 Thread 0x0000023366ba5ef0 DEOPT UNPACKING pc=0x0000023317233aa2 sp=0x00000069b21f90a0 mode 2
Event: 21.760 Thread 0x0000023366ba5ef0 Uncommon trap: trap_request=0xffffff45 fr.pc=0x0000023317802034 relative=0x0000000000000094
Event: 21.760 Thread 0x0000023366ba5ef0 Uncommon trap: reason=unstable_if action=reinterpret pc=0x0000023317802034 method=java.io.BufferedInputStream.getBufIfOpen(Z)[B @ 13 c2
Event: 21.760 Thread 0x0000023366ba5ef0 DEOPT PACKING pc=0x0000023317802034 sp=0x00000069b21f8a40
Event: 21.760 Thread 0x0000023366ba5ef0 DEOPT UNPACKING pc=0x0000023317233aa2 sp=0x00000069b21f89c0 mode 2

Classes loaded (20 events):
Event: 21.746 Loading class java/lang/CloneNotSupportedException
Event: 21.746 Loading class java/lang/CloneNotSupportedException done
Event: 21.800 Loading class java/util/stream/ReferencePipeline$5
Event: 21.801 Loading class java/util/stream/LongPipeline$StatelessOp
Event: 21.801 Loading class java/util/stream/LongPipeline
Event: 21.801 Loading class java/util/stream/LongStream
Event: 21.802 Loading class java/util/stream/LongStream done
Event: 21.802 Loading class java/util/stream/LongPipeline done
Event: 21.802 Loading class java/util/stream/LongPipeline$StatelessOp done
Event: 21.802 Loading class java/util/stream/ReferencePipeline$5 done
Event: 21.802 Loading class java/util/function/LongBinaryOperator
Event: 21.802 Loading class java/util/function/LongBinaryOperator done
Event: 21.803 Loading class java/util/stream/ReduceOps$10
Event: 21.803 Loading class java/util/stream/ReduceOps$10 done
Event: 21.803 Loading class java/util/stream/ReduceOps$8ReducingSink
Event: 21.803 Loading class java/util/stream/Sink$OfLong
Event: 21.803 Loading class java/util/stream/Sink$OfLong done
Event: 21.803 Loading class java/util/stream/ReduceOps$8ReducingSink done
Event: 21.803 Loading class java/util/stream/ReferencePipeline$5$1
Event: 21.803 Loading class java/util/stream/ReferencePipeline$5$1 done

Classes unloaded (0 events):
No events

Classes redefined (0 events):
No events

Internal exceptions (20 events):
Event: 3.969 Thread 0x000002330caadb70 Exception <a 'java/lang/ClassNotFoundException'{0x00000000d5582e18}: sun/net/www/protocol/c/Handler> (0x00000000d5582e18) 
thrown [s\src\hotspot\share\classfile\systemDictionary.cpp, line 312]
Event: 3.977 Thread 0x000002330caadb70 Exception <a 'java/io/FileNotFoundException'{0x00000000d55ab768}> (0x00000000d55ab768) 
thrown [s\src\hotspot\share\prims\jni.cpp, line 520]
Event: 4.007 Thread 0x000002330caadb70 Implicit null exception at 0x00000233177db049 to 0x00000233177db9bc
Event: 4.007 Thread 0x000002330caadb70 Implicit null exception at 0x00000233177eff1a to 0x00000233177f0124
Event: 4.008 Thread 0x000002330caadb70 Exception <a 'java/lang/NoSuchMethodError'{0x00000000d56dbbc0}: 'void java.lang.invoke.DirectMethodHandle$Holder.invokeStatic(java.lang.Object, java.lang.Object, java.lang.Object, java.lang.Object)'> (0x00000000d56dbbc0) 
thrown [s\src\hotspot\share\interpreter\linkResolver.cpp, line 773]
Event: 4.009 Thread 0x000002330caadb70 Implicit null exception at 0x00000233177e433c to 0x00000233177e45c8
Event: 4.009 Thread 0x000002330caadb70 Implicit null exception at 0x00000233177f0cbd to 0x00000233177f0d41
Event: 4.103 Thread 0x000002330caadb70 Exception <a 'java/lang/NoSuchMethodError'{0x00000000d59a0fd8}: 'void java.lang.invoke.DirectMethodHandle$Holder.invokeSpecial(java.lang.Object, java.lang.Object, java.lang.Object)'> (0x00000000d59a0fd8) 
thrown [s\src\hotspot\share\interpreter\linkResolver.cpp, line 773]
Event: 4.307 Thread 0x000002330caadb70 Exception <a 'java/lang/NoSuchMethodError'{0x00000000d62be1d8}: 'int java.lang.invoke.DirectMethodHandle$Holder.invokeVirtual(java.lang.Object, java.lang.Object)'> (0x00000000d62be1d8) 
thrown [s\src\hotspot\share\interpreter\linkResolver.cpp, line 773]
Event: 4.363 Thread 0x000002330caadb70 Exception <a 'java/lang/NoSuchMethodError'{0x00000000d6433d58}: 'int java.lang.invoke.DirectMethodHandle$Holder.invokeStaticInit(java.lang.Object, java.lang.Object, java.lang.Object, java.lang.Object)'> (0x00000000d6433d58) 
thrown [s\src\hotspot\share\interpreter\linkResolver.cpp, line 773]
Event: 4.364 Thread 0x000002330caadb70 Exception <a 'java/lang/IncompatibleClassChangeError'{0x00000000d643c160}: Found class java.lang.Object, but interface was expected> (0x00000000d643c160) 
thrown [s\src\hotspot\share\interpreter\linkResolver.cpp, line 840]
Event: 4.365 Thread 0x000002330caadb70 Exception <a 'java/lang/NoSuchMethodError'{0x00000000d6442710}: 'void java.lang.invoke.DirectMethodHandle$Holder.invokeStaticInit(java.lang.Object, java.lang.Object)'> (0x00000000d6442710) 
thrown [s\src\hotspot\share\interpreter\linkResolver.cpp, line 773]
Event: 4.366 Thread 0x000002330caadb70 Exception <a 'java/lang/NoSuchMethodError'{0x00000000d644b838}: 'int java.lang.invoke.DirectMethodHandle$Holder.invokeStaticInit(java.lang.Object, java.lang.Object)'> (0x00000000d644b838) 
thrown [s\src\hotspot\share\interpreter\linkResolver.cpp, line 773]
Event: 4.404 Thread 0x000002330caadb70 Exception <a 'java/lang/NoSuchMethodError'{0x00000000d6694f18}: 'java.lang.Object java.lang.invoke.DirectMethodHandle$Holder.newInvokeSpecial(java.lang.Object, int, java.lang.Object)'> (0x00000000d6694f18) 
thrown [s\src\hotspot\share\interpreter\linkResolver.cpp, line 773]
Event: 4.445 Thread 0x000002330caadb70 Exception <a 'java/lang/ClassNotFoundException'{0x00000000d68ae158}: sun/net/www/protocol/plurl/Handler> (0x00000000d68ae158) 
thrown [s\src\hotspot\share\classfile\systemDictionary.cpp, line 312]
Event: 4.445 Thread 0x000002330caadb70 Exception <a 'java/lang/ClassNotFoundException'{0x00000000d68aefd8}: sun/net/www/protocol/plurl/Handler> (0x00000000d68aefd8) 
thrown [s\src\hotspot\share\classfile\systemDictionary.cpp, line 312]
Event: 21.531 Thread 0x000002330caadb70 Exception <a 'java/lang/UnsatisfiedLinkError'{0x00000000d6d03158}: 'void org.eclipse.equinox.launcher.JNIBridge._update_splash()'> (0x00000000d6d03158) 
thrown [s\src\hotspot\share\prims\nativeLookup.cpp, line 415]
Event: 21.605 Thread 0x0000023366ba5ef0 Exception <a 'java/lang/NullPointerException'{0x00000000d579a240}> (0x00000000d579a240) 
thrown [s\src\hotspot\share\interpreter\linkResolver.cpp, line 1372]
Event: 21.605 Thread 0x0000023366ba5ef0 Exception <a 'java/lang/NullPointerException'{0x00000000d579a520}> (0x00000000d579a520) 
thrown [s\src\hotspot\share\interpreter\linkResolver.cpp, line 1372]
Event: 21.799 Thread 0x0000023366ba5ef0 Exception <a 'java/lang/NoSuchMethodError'{0x00000000d610b110}: 'long java.lang.invoke.DirectMethodHandle$Holder.invokeSpecial(java.lang.Object, java.lang.Object)'> (0x00000000d610b110) 
thrown [s\src\hotspot\share\interpreter\linkResolver.cpp, line 773]

ZGC Phase Switch (0 events):
No events

VM Operations (20 events):
Event: 4.386 Executing non-safepoint VM operation: HandshakeAllThreads (Deoptimize)
Event: 4.386 Executing non-safepoint VM operation: HandshakeAllThreads (Deoptimize) done
Event: 4.394 Executing non-safepoint VM operation: HandshakeAllThreads (Deoptimize)
Event: 4.394 Executing non-safepoint VM operation: HandshakeAllThreads (Deoptimize) done
Event: 4.428 Executing non-safepoint VM operation: HandshakeAllThreads (Deoptimize)
Event: 4.428 Executing non-safepoint VM operation: HandshakeAllThreads (Deoptimize) done
Event: 4.441 Executing non-safepoint VM operation: HandshakeAllThreads (Deoptimize)
Event: 4.441 Executing non-safepoint VM operation: HandshakeAllThreads (Deoptimize) done
Event: 4.977 Executing safepoint VM operation: ICBufferFull
Event: 4.977 Executing safepoint VM operation: ICBufferFull done
Event: 5.985 Executing safepoint VM operation: Cleanup
Event: 5.986 Executing safepoint VM operation: Cleanup done
Event: 21.557 Executing safepoint VM operation: ParallelGCFailedAllocation (Allocation Failure)
Event: 21.564 Executing safepoint VM operation: ParallelGCFailedAllocation (Allocation Failure) done
Event: 21.697 Executing non-safepoint VM operation: HandshakeAllThreads (Deoptimize)
Event: 21.697 Executing non-safepoint VM operation: HandshakeAllThreads (Deoptimize) done
Event: 22.710 Executing safepoint VM operation: Cleanup
Event: 22.833 Executing safepoint VM operation: Cleanup done
Event: 23.845 Executing safepoint VM operation: Cleanup
Event: 23.845 Executing safepoint VM operation: Cleanup done

Memory protections (0 events):
No events

Nmethod flushes (0 events):
No events

Events (20 events):
Event: 0.332 Thread 0x000002330caadb70 Thread added: 0x000002330cb5a5b0
Event: 0.332 Thread 0x000002330caadb70 Thread added: 0x000002330cb5b010
Event: 0.332 Thread 0x000002330caadb70 Thread added: 0x0000023365793f90
Event: 0.332 Thread 0x000002330caadb70 Thread added: 0x0000023365795280
Event: 0.446 Thread 0x0000023365795280 Thread added: 0x00000233659ab600
Event: 0.503 Thread 0x000002330caadb70 Thread added: 0x00000233659ec4d0
Event: 1.003 Thread 0x00000233659ab600 Thread exited: 0x00000233659ab600
Event: 1.220 Thread 0x0000023365795280 Thread added: 0x0000023365a40be0
Event: 1.386 Thread 0x000002330caadb70 Thread added: 0x0000023365abb3b0
Event: 1.504 Thread 0x0000023365a40be0 Thread added: 0x0000023365b45570
Event: 3.828 Thread 0x0000023365b45570 Thread exited: 0x0000023365b45570
Event: 4.149 Thread 0x0000023365795280 Thread added: 0x0000023366c474b0
Event: 4.375 Thread 0x000002330caadb70 Thread added: 0x00000233667cd510
Event: 4.632 Thread 0x0000023366c474b0 Thread exited: 0x0000023366c474b0
Event: 4.649 Thread 0x0000023365a40be0 Thread exited: 0x0000023365a40be0
Event: 21.524 Thread 0x000002330caadb70 Thread added: 0x0000023365a411c0
Event: 21.529 Thread 0x000002330caadb70 Thread added: 0x0000023366ba5ef0
Event: 21.687 Thread 0x0000023366ba5ef0 Thread added: 0x000002336587fc10
Event: 21.809 Thread 0x0000023365795280 Thread added: 0x0000023366b160d0
Event: 21.809 Thread 0x0000023365795280 Thread added: 0x00000233667324d0


Dynamic libraries:
0x00007ff77a3a0000 - 0x00007ff77a3ae000 	c:\Users\Administrator\.vscode\extensions\redhat.java-1.53.0-win32-x64\jre\21.0.10-win32-x86_64\bin\java.exe
0x00007ffe29d20000 - 0x00007ffe29f87000 	C:\WINDOWS\SYSTEM32\ntdll.dll
0x00007ffe29070000 - 0x00007ffe29139000 	C:\WINDOWS\System32\KERNEL32.DLL
0x00007ffe27600000 - 0x00007ffe279f1000 	C:\WINDOWS\System32\KERNELBASE.dll
0x00007ffe27320000 - 0x00007ffe2746b000 	C:\WINDOWS\System32\ucrtbase.dll
0x00007ffdcc190000 - 0x00007ffdcc1ae000 	c:\Users\Administrator\.vscode\extensions\redhat.java-1.53.0-win32-x64\jre\21.0.10-win32-x86_64\bin\VCRUNTIME140.dll
0x00007ffdcc170000 - 0x00007ffdcc188000 	c:\Users\Administrator\.vscode\extensions\redhat.java-1.53.0-win32-x64\jre\21.0.10-win32-x86_64\bin\jli.dll
0x00007ffe286f0000 - 0x00007ffe288b5000 	C:\WINDOWS\System32\USER32.dll
0x00007ffe27470000 - 0x00007ffe27497000 	C:\WINDOWS\System32\win32u.dll
0x00007ffe28910000 - 0x00007ffe2893b000 	C:\WINDOWS\System32\GDI32.dll
0x00007ffe271f0000 - 0x00007ffe2731b000 	C:\WINDOWS\System32\gdi32full.dll
0x00007ffe16ab0000 - 0x00007ffe16d43000 	C:\WINDOWS\WinSxS\amd64_microsoft.windows.common-controls_6595b64144ccf1df_6.0.26100.8037_none_3e092faae333b53b\COMCTL32.dll
0x00007ffe29300000 - 0x00007ffe293a9000 	C:\WINDOWS\System32\msvcrt.dll
0x00007ffe274a0000 - 0x00007ffe27543000 	C:\WINDOWS\System32\msvcp_win.dll
0x00007ffe299f0000 - 0x00007ffe29a21000 	C:\WINDOWS\System32\IMM32.DLL
0x00007ffe1ef50000 - 0x00007ffe1ef5c000 	c:\Users\Administrator\.vscode\extensions\redhat.java-1.53.0-win32-x64\jre\21.0.10-win32-x86_64\bin\vcruntime140_1.dll
0x00007ffdcc080000 - 0x00007ffdcc10d000 	c:\Users\Administrator\.vscode\extensions\redhat.java-1.53.0-win32-x64\jre\21.0.10-win32-x86_64\bin\msvcp140.dll
0x00007ffd4a050000 - 0x00007ffd4adf1000 	c:\Users\Administrator\.vscode\extensions\redhat.java-1.53.0-win32-x64\jre\21.0.10-win32-x86_64\bin\server\jvm.dll
0x00007ffe29a30000 - 0x00007ffe29aeb000 	C:\WINDOWS\System32\ADVAPI32.dll
0x00007ffe293b0000 - 0x00007ffe29457000 	C:\WINDOWS\System32\sechost.dll
0x00007ffe28c40000 - 0x00007ffe28d58000 	C:\WINDOWS\System32\RPCRT4.dll
0x00007ffe29c60000 - 0x00007ffe29cd4000 	C:\WINDOWS\System32\WS2_32.dll
0x00007ffe26480000 - 0x00007ffe264de000 	C:\WINDOWS\SYSTEM32\POWRPROF.dll
0x00007ffe1b480000 - 0x00007ffe1b4b5000 	C:\WINDOWS\SYSTEM32\WINMM.dll
0x00007ffe1fb00000 - 0x00007ffe1fb0b000 	C:\WINDOWS\SYSTEM32\VERSION.dll
0x00007ffe26460000 - 0x00007ffe26474000 	C:\WINDOWS\SYSTEM32\UMPDC.dll
0x00007ffe25360000 - 0x00007ffe2537b000 	C:\WINDOWS\SYSTEM32\kernel.appcore.dll
0x00007ffe060c0000 - 0x00007ffe060ca000 	c:\Users\Administrator\.vscode\extensions\redhat.java-1.53.0-win32-x64\jre\21.0.10-win32-x86_64\bin\jimage.dll
0x00007ffe1d5b0000 - 0x00007ffe1d7f2000 	C:\WINDOWS\SYSTEM32\DBGHELP.DLL
0x00007ffe29660000 - 0x00007ffe299e2000 	C:\WINDOWS\System32\combase.dll
0x00007ffe28e80000 - 0x00007ffe28f57000 	C:\WINDOWS\System32\OLEAUT32.dll
0x00007ffe111c0000 - 0x00007ffe111fb000 	C:\WINDOWS\SYSTEM32\dbgcore.DLL
0x00007ffe27550000 - 0x00007ffe275f5000 	C:\WINDOWS\System32\bcryptPrimitives.dll
0x00007ffdcc070000 - 0x00007ffdcc07f000 	c:\Users\Administrator\.vscode\extensions\redhat.java-1.53.0-win32-x64\jre\21.0.10-win32-x86_64\bin\instrument.dll
0x00007ffdcc050000 - 0x00007ffdcc070000 	c:\Users\Administrator\.vscode\extensions\redhat.java-1.53.0-win32-x64\jre\21.0.10-win32-x86_64\bin\java.dll
0x00007ffe27f80000 - 0x00007ffe286df000 	C:\WINDOWS\System32\SHELL32.dll
0x00007ffe27080000 - 0x00007ffe271ea000 	C:\WINDOWS\System32\wintypes.dll
0x00007ffe26600000 - 0x00007ffe26e64000 	C:\WINDOWS\System32\windows.storage.dll
0x00007ffe28f70000 - 0x00007ffe29067000 	C:\WINDOWS\System32\SHCORE.dll
0x00007ffe29bf0000 - 0x00007ffe29c57000 	C:\WINDOWS\System32\shlwapi.dll
0x00007ffe26520000 - 0x00007ffe26549000 	C:\WINDOWS\SYSTEM32\profapi.dll
0x00007ffdcc030000 - 0x00007ffdcc048000 	c:\Users\Administrator\.vscode\extensions\redhat.java-1.53.0-win32-x64\jre\21.0.10-win32-x86_64\bin\zip.dll
0x00007ffdcbf90000 - 0x00007ffdcbfa0000 	C:\Users\Administrator\.vscode\extensions\redhat.java-1.53.0-win32-x64\jre\21.0.10-win32-x86_64\bin\net.dll
0x00007ffe1ed60000 - 0x00007ffe1ee87000 	C:\WINDOWS\SYSTEM32\WINHTTP.dll
0x00007ffe25900000 - 0x00007ffe2596b000 	C:\WINDOWS\system32\mswsock.dll
0x00007ffdcbf70000 - 0x00007ffdcbf86000 	C:\Users\Administrator\.vscode\extensions\redhat.java-1.53.0-win32-x64\jre\21.0.10-win32-x86_64\bin\nio.dll
0x00007ffdcbf60000 - 0x00007ffdcbf70000 	c:\Users\Administrator\.vscode\extensions\redhat.java-1.53.0-win32-x64\jre\21.0.10-win32-x86_64\bin\verify.dll
0x00007ffdcc2a0000 - 0x00007ffdcc2e5000 	C:\Users\Administrator\AppData\Roaming\Code\User\globalStorage\redhat.java\1.53.0\config_ss_win\org.eclipse.equinox.launcher\org.eclipse.equinox.launcher.win32.win32.x86_64_1.3.0.v20260203-2149\eclipse_11919.dll
0x00007ffe28aa0000 - 0x00007ffe28c35000 	C:\WINDOWS\System32\ole32.dll

JVMTI agents:
c:\Users\Administrator\.vscode\extensions\redhat.java-1.53.0-win32-x64\lombok\lombok-1.18.39-4050.jar path:c:\Users\Administrator\.vscode\extensions\redhat.java-1.53.0-win32-x64\jre\21.0.10-win32-x86_64\bin\instrument.dll, loaded, initialized, instrumentlib options:none

dbghelp: loaded successfully - version: 4.0.5 - missing functions: none
symbol engine: initialized successfully - sym options: 0x614 - pdb path: .;c:\Users\Administrator\.vscode\extensions\redhat.java-1.53.0-win32-x64\jre\21.0.10-win32-x86_64\bin;C:\WINDOWS\SYSTEM32;C:\WINDOWS\WinSxS\amd64_microsoft.windows.common-controls_6595b64144ccf1df_6.0.26100.8037_none_3e092faae333b53b;c:\Users\Administrator\.vscode\extensions\redhat.java-1.53.0-win32-x64\jre\21.0.10-win32-x86_64\bin\server;C:\Users\Administrator\AppData\Roaming\Code\User\globalStorage\redhat.java\1.53.0\config_ss_win\org.eclipse.equinox.launcher\org.eclipse.equinox.launcher.win32.win32.x86_64_1.3.0.v20260203-2149

VM Arguments:
jvm_args: --add-modules=ALL-SYSTEM --add-opens=java.base/java.util=ALL-UNNAMED --add-opens=java.base/java.lang=ALL-UNNAMED --add-opens=java.base/sun.nio.fs=ALL-UNNAMED -Declipse.application=org.eclipse.jdt.ls.core.id1 -Dosgi.bundles.defaultStartLevel=4 -Declipse.product=org.eclipse.jdt.ls.core.product -Djava.import.generatesMetadataFilesAtProjectRoot=false -DDetectVMInstallationsJob.disabled=true -Dfile.encoding=utf8 -XX:+UseParallelGC -XX:GCTimeRatio=4 -XX:AdaptiveSizePolicyWeight=90 -Dsun.zip.disableMemoryMapping=true -Xmx2G -Xms100m -Xlog:disable -javaagent:c:\Users\Administrator\.vscode\extensions\redhat.java-1.53.0-win32-x64\lombok\lombok-1.18.39-4050.jar 
java_command: c:\Users\Administrator\.vscode\extensions\redhat.java-1.53.0-win32-x64\server\plugins\org.eclipse.equinox.launcher_1.7.100.v20251111-0406.jar -configuration c:\Users\Administrator\AppData\Roaming\Code\User\globalStorage\redhat.java\1.53.0\config_ss_win -data c:\Users\Administrator\AppData\Roaming\Code\User\workspaceStorage\bae7c9a209c1bf6c646f2226ddde99a7\redhat.java\ss_ws --pipe=\\.\pipe\lsp-7baee21550386d718d415c93dc5e6dc6-sock
java_class_path (initial): c:\Users\Administrator\.vscode\extensions\redhat.java-1.53.0-win32-x64\server\plugins\org.eclipse.equinox.launcher_1.7.100.v20251111-0406.jar
Launcher Type: SUN_STANDARD

[Global flags]
    uintx AdaptiveSizePolicyWeight                 = 90                                        {product} {command line}
     intx CICompilerCount                          = 4                                         {product} {ergonomic}
    uintx GCTimeRatio                              = 4                                         {product} {command line}
   size_t InitialHeapSize                          = 104857600                                 {product} {command line}
   size_t MaxHeapSize                              = 2147483648                                {product} {command line}
   size_t MaxNewSize                               = 715653120                                 {product} {ergonomic}
   size_t MinHeapDeltaBytes                        = 524288                                    {product} {ergonomic}
   size_t MinHeapSize                              = 104857600                                 {product} {command line}
   size_t NewSize                                  = 34603008                                  {product} {ergonomic}
    uintx NonNMethodCodeHeapSize                   = 5839372                                {pd product} {ergonomic}
    uintx NonProfiledCodeHeapSize                  = 122909434                              {pd product} {ergonomic}
   size_t OldSize                                  = 70254592                                  {product} {ergonomic}
    uintx ProfiledCodeHeapSize                     = 122909434                              {pd product} {ergonomic}
    uintx ReservedCodeCacheSize                    = 251658240                              {pd product} {ergonomic}
     bool SegmentedCodeCache                       = true                                      {product} {ergonomic}
   size_t SoftMaxHeapSize                          = 2147483648                             {manageable} {ergonomic}
     bool UseCompressedOops                        = true                           {product lp64_product} {ergonomic}
     bool UseLargePagesIndividualAllocation        = false                                  {pd product} {ergonomic}
     bool UseParallelGC                            = true                                      {product} {command line}

Logging:
Log output configuration:
 #0: stdout all=off uptime,level,tags foldmultilines=false
 #1: stderr all=off uptime,level,tags foldmultilines=false

Release file:
JAVA_VERSION="21.0.10" 
MODULES="java.base java.compiler java.datatransfer java.xml java.prefs java.desktop java.instrument java.logging java.management java.security.sasl java.naming java.rmi java.management.rmi java.net.http java.scripting java.security.jgss java.transaction.xa java.sql java.sql.rowset java.xml.crypto java.se java.smartcardio jdk.accessibility jdk.internal.jvmstat jdk.attach jdk.charsets jdk.internal.opt jdk.zipfs jdk.compiler jdk.crypto.ec jdk.crypto.cryptoki jdk.crypto.mscapi jdk.dynalink jdk.internal.ed jdk.editpad jdk.hotspot.agent jdk.httpserver jdk.internal.le jdk.internal.vm.ci jdk.internal.vm.compiler jdk.internal.vm.compiler.management jdk.jartool jdk.javadoc jdk.jcmd jdk.management jdk.management.agent jdk.jconsole jdk.jdeps jdk.jdwp.agent jdk.jdi jdk.jfr jdk.jshell jdk.jsobject jdk.jstatd jdk.localedata jdk.management.jfr jdk.naming.dns jdk.naming.rmi jdk.net jdk.nio.mapmode jdk.random jdk.sctp jdk.security.auth jdk.security.jgss jdk.unsupported jdk.unsupported.desktop jdk.xml.dom" 

Environment Variables:
JAVA_HOME=C:\Program Files\Java\jdk-22
PATH=C:\Users\Administrator\AppData\Local\Programs\Microsoft VS Code;C:\Program Files\Java\jdk-22\bin;C:\Windows\system32;C:\Windows;C:\Windows\System32\Wbem;C:\Windows\System32\WindowsPowerShell\v1.0\;C:\Windows\System32\OpenSSH\;C:\Program Files (x86)\NVIDIA Corporation\PhysX\Common;C:\WINDOWS\system32;C:\WINDOWS;C:\WINDOWS\System32\Wbem;C:\WINDOWS\System32\WindowsPowerShell\v1.0\;C:\WINDOWS\System32\OpenSSH\;C:\Program Files (x86)\Microsoft SQL Server\160\Tools\Binn\;C:\Program Files\Microsoft SQL Server\160\Tools\Binn\;C:\Program Files\Microsoft SQL Server\Client SDK\ODBC\170\Tools\Binn\;C:\Program Files\Microsoft SQL Server\160\DTS\Binn\;C:\Program Files (x86)\Microsoft SQL Server\160\DTS\Binn\;C:\Program Files\Microsoft SQL Server\150\Tools\Binn\;C:\Flutter\flutter\bin;C:\Program Files\dotnet\;C:\Gradle\gradle-9.1.0\bin;C:\Users\Administrator\AppData\Local\Android\Sdk\platforms;C:\Users\Administrator\AppData\Local\Android\Sdk\platform-tools;C:\Users\Administrator\AppData\Local\Android\Sdk\emulator;C:\Program Files\NVIDIA Corporation\NVIDIA App\NvDLISR;C:\Program Files\nodejs\;C:\Program Files\Git\cmd;C:\Users\Administrator\AppData\Local\Pub\Cache\bin;C:\Users\Administrator\AppData\Roaming\npm;C:\Program Files\Java\jdk-22;C:\Users\Administrator\.factory\bin;C:\Program Files\ApacheMaven\apache-maven-3.9.13\bin;;C:\Program Files\Docker\Docker\resources\bin;C:\Users\Administrator\AppData\Local\Programs\Python\Python313\Scripts\;C:\Users\Administrator\AppData\Local\Programs\Python\Python313\;C:\Users\Administrator\AppData\Local\Programs\Python\Launcher\;C:\Users\Administrator\AppData\Local\Microsoft\WindowsApps;C:\Users\Administrator\AppData\Local\Programs\Microsoft VS Code\bin;C:\Users\Administrator\AppData\Local\Microsoft\WinGet\Packages\Schniz.fnm_Microsoft.Winget.Source_8wekyb3d8bbwe;C:\Users\Administrator\AppData\Local\Android\Sdk\platform-tools;C:\Users\Administrator\AppData\Local\Android\Sdk\platforms;C:\Users\Administrator\AppData\Local\Android\Sdk\emulator;C:\Users\Administrator\AppData\Local\Pub\Cache\bin;C:\Users\Administrator\bin;C:\Users\Administrator\.factory\bin;;%USERPROFILE%\AppData\Local\Microsoft\WindowsApps
USERNAME=Administrator
OS=Windows_NT
PROCESSOR_IDENTIFIER=AMD64 Family 25 Model 80 Stepping 0, AuthenticAMD
TMP=C:\Users\ADMINI~1\AppData\Local\Temp
TEMP=C:\Users\ADMINI~1\AppData\Local\Temp




Periodic native trim disabled

---------------  S Y S T E M  ---------------

OS:
 Windows 11 , 64 bit Build 26100 (10.0.26100.7920)
OS uptime: 0 days 0:05 hours
Hyper-V role detected

CPU: total 12 (initial active 12) (12 cores per cpu, 2 threads per core) family 25 model 80 stepping 0 microcode 0xa50000d, cx8, cmov, fxsr, ht, mmx, 3dnowpref, sse, sse2, sse3, ssse3, sse4a, sse4.1, sse4.2, popcnt, lzcnt, tsc, tscinvbit, avx, avx2, aes, erms, clmul, bmi1, bmi2, adx, sha, fma, vzeroupper, clflush, clflushopt, hv, rdtscp, rdpid, fsrm, f16c, cet_ss
Processor Information for processor 0
  Max Mhz: 3301, Current Mhz: 3301, Mhz Limit: 3301
Processor Information for processor 1
  Max Mhz: 3301, Current Mhz: 2630, Mhz Limit: 3301
Processor Information for processor 2
  Max Mhz: 3301, Current Mhz: 3301, Mhz Limit: 3301
Processor Information for processor 3
  Max Mhz: 3301, Current Mhz: 3301, Mhz Limit: 3301
Processor Information for processor 4
  Max Mhz: 3301, Current Mhz: 3301, Mhz Limit: 3301
Processor Information for processor 5
  Max Mhz: 3301, Current Mhz: 3301, Mhz Limit: 3301
Processor Information for processor 6
  Max Mhz: 3301, Current Mhz: 3301, Mhz Limit: 3301
Processor Information for processor 7
  Max Mhz: 3301, Current Mhz: 3301, Mhz Limit: 3301
Processor Information for processor 8
  Max Mhz: 3301, Current Mhz: 3301, Mhz Limit: 3301
Processor Information for processor 9
  Max Mhz: 3301, Current Mhz: 3301, Mhz Limit: 3301
Processor Information for processor 10
  Max Mhz: 3301, Current Mhz: 3301, Mhz Limit: 3301
Processor Information for processor 11
  Max Mhz: 3301, Current Mhz: 3301, Mhz Limit: 3301

Memory: 4k page, system-wide physical 7532M (632M free)
TotalPageFile size 15724M (AvailPageFile size 1M)
current process WorkingSet (physical memory assigned to process): 103M, peak: 103M
current process commit charge ("private bytes"): 255M, peak: 255M

vm_info: OpenJDK 64-Bit Server VM (21.0.10+7-LTS) for windows-amd64 JRE (21.0.10+7-LTS), built on 2026-01-20T00:00:00Z by "admin" with MS VC++ 17.12 (VS2022)

END.
