#
# There is insufficient memory for the Java Runtime Environment to continue.
# Native memory allocation (malloc) failed to allocate 1617808 bytes. Error detail: Chunk::new
# Possible reasons:
#   The system is out of physical RAM or swap space
#   This process is running with CompressedOops enabled, and the Java Heap may be blocking the growth of the native heap
# Possible solutions:
#   Reduce memory load on the system
#   Increase physical memory or swap space
#   Check if swap backing store is full
#   Decrease Java heap size (-Xmx/-Xms)
#   Decrease number of Java threads
#   Decrease Java thread stack sizes (-Xss)
#   Set larger code cache with -XX:ReservedCodeCacheSize=
#   JVM is running with Unscaled Compressed Oops mode in which the Java heap is
#     placed in the first 4GB address space. The Java Heap base address is the
#     maximum limit for the native heap growth. Please use -XX:HeapBaseMinAddress
#     to set the Java Heap base and to place the Java Heap above 4GB virtual address.
# This output file may be truncated or incomplete.
#
#  Out of Memory Error (arena.cpp:168), pid=14796, tid=17204
#
# JRE version: OpenJDK Runtime Environment Temurin-21.0.10+7 (21.0.10+7) (build 21.0.10+7-LTS)
# Java VM: OpenJDK 64-Bit Server VM Temurin-21.0.10+7 (21.0.10+7-LTS, mixed mode, sharing, tiered, compressed oops, compressed class ptrs, parallel gc, windows-amd64)
# No core dump will be written. Minidumps are not enabled by default on client versions of Windows
#

---------------  S U M M A R Y ------------

Command Line: --add-modules=ALL-SYSTEM --add-opens=java.base/java.util=ALL-UNNAMED --add-opens=java.base/java.lang=ALL-UNNAMED --add-opens=java.base/sun.nio.fs=ALL-UNNAMED -Declipse.application=org.eclipse.jdt.ls.core.id1 -Dosgi.bundles.defaultStartLevel=4 -Declipse.product=org.eclipse.jdt.ls.core.product -Djava.import.generatesMetadataFilesAtProjectRoot=false -DDetectVMInstallationsJob.disabled=true -Dfile.encoding=utf8 -XX:+UseParallelGC -XX:GCTimeRatio=4 -XX:AdaptiveSizePolicyWeight=90 -Dsun.zip.disableMemoryMapping=true -Xmx2G -Xms100m -Xlog:disable -javaagent:c:\Users\Administrator\.vscode\extensions\redhat.java-1.53.0-win32-x64\lombok\lombok-1.18.39-4050.jar -XX:+HeapDumpOnOutOfMemoryError -XX:HeapDumpPath=c:\Users\Administrator\AppData\Roaming\Code\User\workspaceStorage\bae7c9a209c1bf6c646f2226ddde99a7\redhat.java -Daether.dependencyCollector.impl=bf c:\Users\Administrator\.vscode\extensions\redhat.java-1.53.0-win32-x64\server\plugins\org.eclipse.equinox.launcher_1.7.100.v20251111-0406.jar -configuration c:\Users\Administrator\AppData\Roaming\Code\User\globalStorage\redhat.java\1.53.0\config_win -data c:\Users\Administrator\AppData\Roaming\Code\User\workspaceStorage\bae7c9a209c1bf6c646f2226ddde99a7\redhat.java\jdt_ws --pipe=\\.\pipe\lsp-ad76dc52cd6a7df3f2b8b055db192acc-sock

Host: AMD Ryzen 5 5600H with Radeon Graphics         , 12 cores, 7G,  Windows 11 , 64 bit Build 26100 (10.0.26100.7920)
Time: Tue Mar 31 13:31:45 2026 SE Asia Standard Time elapsed time: 35.317345 seconds (0d 0h 0m 35s)

---------------  T H R E A D  ---------------

Current thread (0x0000021f8cd74aa0):  JavaThread "C2 CompilerThread1" daemon [_thread_in_native, id=17204, stack(0x000000aba9900000,0x000000aba9a00000) (1024K)]


Current CompileTask:
C2:35317 4562   !   4       org.eclipse.osgi.internal.loader.classpath.ClasspathManager::findClassImpl (328 bytes)

Stack: [0x000000aba9900000,0x000000aba9a00000]
Native frames: (J=compiled Java code, j=interpreted, Vv=VM code, C=native code)
V  [jvm.dll+0x6d7a39]
V  [jvm.dll+0x8b4b26]
V  [jvm.dll+0x8b70de]
V  [jvm.dll+0x8b77c3]
V  [jvm.dll+0x284346]
V  [jvm.dll+0xc66ed]
V  [jvm.dll+0xc6c31]
V  [jvm.dll+0x3bec3b]
V  [jvm.dll+0x1e3d62]
V  [jvm.dll+0x24c6b3]
V  [jvm.dll+0x24bb40]
V  [jvm.dll+0x1cb34e]
V  [jvm.dll+0x25b85d]
V  [jvm.dll+0x259dea]
V  [jvm.dll+0x3f857e]
V  [jvm.dll+0x85f59d]
V  [jvm.dll+0x6d626d]
C  [ucrtbase.dll+0x37b0]
C  [KERNEL32.DLL+0x2e8d7]
C  [ntdll.dll+0x8c48c]


---------------  P R O C E S S  ---------------

Threads class SMR info:
_java_thread_list=0x0000021f8dc02c60, length=54, elements={
0x0000021f2cb8da10, 0x0000021f4363e860, 0x0000021f2cc42140, 0x0000021f2cc46610,
0x0000021f2cc46ca0, 0x0000021f2cc43820, 0x0000021f2cc43eb0, 0x0000021f2cc4ab90,
0x0000021f2cc4c520, 0x0000021f2cc44540, 0x0000021f2cc44bd0, 0x0000021f2cc45260,
0x0000021f2cc458f0, 0x0000021f2cc45f80, 0x0000021f85c23c70, 0x0000021f85c263d0,
0x0000021f85c22f50, 0x0000021f85c24300, 0x0000021f85c24990, 0x0000021f85c26a60,
0x0000021f85c256b0, 0x0000021f8cd74aa0, 0x0000021f8cbc8d60, 0x0000021f85c235e0,
0x0000021f85c270f0, 0x0000021f85c27e10, 0x0000021f85c27780, 0x0000021f85c284a0,
0x0000021f85c25d40, 0x0000021f85c25020, 0x0000021f85c28b30, 0x0000021f85c2a570,
0x0000021f85c29ee0, 0x0000021f85c291c0, 0x0000021f85c29850, 0x0000021f8e5aecf0,
0x0000021f8e5b0dc0, 0x0000021f8e5b1450, 0x0000021f8e5b1ae0, 0x0000021f8e5b2170,
0x0000021f8e5b2800, 0x0000021f8e5b00a0, 0x0000021f8e5af380, 0x0000021f8e5b2e90,
0x0000021f8e5afa10, 0x0000021f8e5b3520, 0x0000021f8e5b3bb0, 0x0000021f8e5b0730,
0x0000021f8e5b48d0, 0x0000021f8e5b4240, 0x0000021f8e5b4f60, 0x0000021f8e5b5c80,
0x0000021f8e5b55f0, 0x0000021f8e5b6310
}

Java Threads: ( => current thread )
  0x0000021f2cb8da10 JavaThread "main"                              [_thread_blocked, id=8868, stack(0x000000aba7c00000,0x000000aba7d00000) (1024K)]
  0x0000021f4363e860 JavaThread "Reference Handler"          daemon [_thread_blocked, id=13820, stack(0x000000aba8000000,0x000000aba8100000) (1024K)]
  0x0000021f2cc42140 JavaThread "Finalizer"                  daemon [_thread_blocked, id=13732, stack(0x000000aba8100000,0x000000aba8200000) (1024K)]
  0x0000021f2cc46610 JavaThread "Signal Dispatcher"          daemon [_thread_blocked, id=10908, stack(0x000000aba8200000,0x000000aba8300000) (1024K)]
  0x0000021f2cc46ca0 JavaThread "Attach Listener"            daemon [_thread_blocked, id=14476, stack(0x000000aba8300000,0x000000aba8400000) (1024K)]
  0x0000021f2cc43820 JavaThread "Service Thread"             daemon [_thread_blocked, id=14752, stack(0x000000aba8400000,0x000000aba8500000) (1024K)]
  0x0000021f2cc43eb0 JavaThread "Monitor Deflation Thread"   daemon [_thread_blocked, id=15028, stack(0x000000aba8500000,0x000000aba8600000) (1024K)]
  0x0000021f2cc4ab90 JavaThread "C2 CompilerThread0"         daemon [_thread_blocked, id=13092, stack(0x000000aba8600000,0x000000aba8700000) (1024K)]
  0x0000021f2cc4c520 JavaThread "C1 CompilerThread0"         daemon [_thread_blocked, id=21212, stack(0x000000aba8700000,0x000000aba8800000) (1024K)]
  0x0000021f2cc44540 JavaThread "Common-Cleaner"             daemon [_thread_blocked, id=15556, stack(0x000000aba8800000,0x000000aba8900000) (1024K)]
  0x0000021f2cc44bd0 JavaThread "Notification Thread"        daemon [_thread_blocked, id=4212, stack(0x000000aba8900000,0x000000aba8a00000) (1024K)]
  0x0000021f2cc45260 JavaThread "Active Thread: Equinox Container: 59503db5-6399-4081-8056-1517df571945"        [_thread_blocked, id=11424, stack(0x000000aba9100000,0x000000aba9200000) (1024K)]
  0x0000021f2cc458f0 JavaThread "Refresh Thread: Equinox Container: 59503db5-6399-4081-8056-1517df571945" daemon [_thread_blocked, id=1436, stack(0x000000aba9200000,0x000000aba9300000) (1024K)]
  0x0000021f2cc45f80 JavaThread "Framework Event Dispatcher: Equinox Container: 59503db5-6399-4081-8056-1517df571945" daemon [_thread_blocked, id=21260, stack(0x000000aba9300000,0x000000aba9400000) (1024K)]
  0x0000021f85c23c70 JavaThread "Start Level: Equinox Container: 59503db5-6399-4081-8056-1517df571945" daemon [_thread_blocked, id=15428, stack(0x000000aba9400000,0x000000aba9500000) (1024K)]
  0x0000021f85c263d0 JavaThread "Bundle File Closer"         daemon [_thread_blocked, id=11252, stack(0x000000aba9800000,0x000000aba9900000) (1024K)]
  0x0000021f85c22f50 JavaThread "SCR Component Actor"        daemon [_thread_blocked, id=4876, stack(0x000000aba7a00000,0x000000aba7b00000) (1024K)]
  0x0000021f85c24300 JavaThread "Worker-JM"                         [_thread_blocked, id=13000, stack(0x000000aba9b00000,0x000000aba9c00000) (1024K)]
  0x0000021f85c24990 JavaThread "JNA Cleaner"                daemon [_thread_blocked, id=19680, stack(0x000000aba9a00000,0x000000aba9b00000) (1024K)]
  0x0000021f85c26a60 JavaThread "Worker-0"                          [_thread_blocked, id=19880, stack(0x000000aba9c00000,0x000000aba9d00000) (1024K)]
  0x0000021f85c256b0 JavaThread "Worker-1: Initialize After Load"        [_thread_blocked, id=21580, stack(0x000000aba9d00000,0x000000aba9e00000) (1024K)]
=>0x0000021f8cd74aa0 JavaThread "C2 CompilerThread1"         daemon [_thread_in_native, id=17204, stack(0x000000aba9900000,0x000000aba9a00000) (1024K)]
  0x0000021f8cbc8d60 JavaThread "C2 CompilerThread2"         daemon [_thread_in_native, id=4624, stack(0x000000aba9e00000,0x000000aba9f00000) (1024K)]
  0x0000021f85c235e0 JavaThread "Java indexing"              daemon [_thread_blocked, id=3776, stack(0x000000aba9f00000,0x000000abaa000000) (1024K)]
  0x0000021f85c270f0 JavaThread "Worker-2: Repository registry initialization"        [_thread_blocked, id=21012, stack(0x000000abaa100000,0x000000abaa200000) (1024K)]
  0x0000021f85c27e10 JavaThread "Worker-3"                          [_thread_blocked, id=2356, stack(0x000000abaa200000,0x000000abaa300000) (1024K)]
  0x0000021f85c27780 JavaThread "Worker-4"                          [_thread_blocked, id=11712, stack(0x000000abaa300000,0x000000abaa400000) (1024K)]
  0x0000021f85c284a0 JavaThread "Thread-1"                   daemon [_thread_in_native, id=912, stack(0x000000abaa400000,0x000000abaa500000) (1024K)]
  0x0000021f85c25d40 JavaThread "Thread-2"                   daemon [_thread_in_native, id=22492, stack(0x000000abaa500000,0x000000abaa600000) (1024K)]
  0x0000021f85c25020 JavaThread "Thread-3"                   daemon [_thread_in_native, id=22292, stack(0x000000abaa600000,0x000000abaa700000) (1024K)]
  0x0000021f85c28b30 JavaThread "Thread-4"                   daemon [_thread_in_native, id=22296, stack(0x000000abaa700000,0x000000abaa800000) (1024K)]
  0x0000021f85c2a570 JavaThread "Thread-5"                   daemon [_thread_in_native, id=3668, stack(0x000000abaa800000,0x000000abaa900000) (1024K)]
  0x0000021f85c29ee0 JavaThread "Thread-6"                   daemon [_thread_in_native, id=1972, stack(0x000000abaa900000,0x000000abaaa00000) (1024K)]
  0x0000021f85c291c0 JavaThread "Thread-7"                   daemon [_thread_in_native, id=10528, stack(0x000000abaaa00000,0x000000abaab00000) (1024K)]
  0x0000021f85c29850 JavaThread "Thread-8"                   daemon [_thread_in_native, id=7388, stack(0x000000abaab00000,0x000000abaac00000) (1024K)]
  0x0000021f8e5aecf0 JavaThread "Thread-9"                   daemon [_thread_in_native, id=20472, stack(0x000000abaac00000,0x000000abaad00000) (1024K)]
  0x0000021f8e5b0dc0 JavaThread "Thread-10"                  daemon [_thread_in_native, id=21272, stack(0x000000abaad00000,0x000000abaae00000) (1024K)]
  0x0000021f8e5b1450 JavaThread "Thread-11"                  daemon [_thread_in_native, id=13980, stack(0x000000abaae00000,0x000000abaaf00000) (1024K)]
  0x0000021f8e5b1ae0 JavaThread "Thread-12"                  daemon [_thread_in_native, id=21668, stack(0x000000abaaf00000,0x000000abab000000) (1024K)]
  0x0000021f8e5b2170 JavaThread "Thread-13"                  daemon [_thread_in_native, id=12884, stack(0x000000abab000000,0x000000abab100000) (1024K)]
  0x0000021f8e5b2800 JavaThread "pool-2-thread-1"                   [_thread_blocked, id=21688, stack(0x000000abab100000,0x000000abab200000) (1024K)]
  0x0000021f8e5b00a0 JavaThread "WorkspaceEventsHandler"            [_thread_blocked, id=21976, stack(0x000000abab200000,0x000000abab300000) (1024K)]
  0x0000021f8e5af380 JavaThread "pool-1-thread-1"                   [_thread_blocked, id=20716, stack(0x000000abab300000,0x000000abab400000) (1024K)]
  0x0000021f8e5b2e90 JavaThread "ForkJoinPool.commonPool-worker-1" daemon [_thread_blocked, id=19932, stack(0x000000abab400000,0x000000abab500000) (1024K)]
  0x0000021f8e5afa10 JavaThread "ForkJoinPool.commonPool-worker-2" daemon [_thread_blocked, id=9964, stack(0x000000abab500000,0x000000abab600000) (1024K)]
  0x0000021f8e5b3520 JavaThread "ForkJoinPool.commonPool-worker-3" daemon [_thread_blocked, id=22004, stack(0x000000abab600000,0x000000abab700000) (1024K)]
  0x0000021f8e5b3bb0 JavaThread "ForkJoinPool.commonPool-worker-4" daemon [_thread_blocked, id=4568, stack(0x000000abab700000,0x000000abab800000) (1024K)]
  0x0000021f8e5b0730 JavaThread "ForkJoinPool.commonPool-worker-5" daemon [_thread_blocked, id=15756, stack(0x000000abab800000,0x000000abab900000) (1024K)]
  0x0000021f8e5b48d0 JavaThread "ForkJoinPool.commonPool-worker-6" daemon [_thread_blocked, id=20000, stack(0x000000abab900000,0x000000ababa00000) (1024K)]
  0x0000021f8e5b4240 JavaThread "ForkJoinPool.commonPool-worker-7" daemon [_thread_blocked, id=17468, stack(0x000000ababa00000,0x000000ababb00000) (1024K)]
  0x0000021f8e5b4f60 JavaThread "ForkJoinPool.commonPool-worker-8" daemon [_thread_blocked, id=15616, stack(0x000000ababb00000,0x000000ababc00000) (1024K)]
  0x0000021f8e5b5c80 JavaThread "ForkJoinPool.commonPool-worker-9" daemon [_thread_blocked, id=19684, stack(0x000000ababc00000,0x000000ababd00000) (1024K)]
  0x0000021f8e5b55f0 JavaThread "ForkJoinPool.commonPool-worker-10" daemon [_thread_blocked, id=21872, stack(0x000000ababd00000,0x000000ababe00000) (1024K)]
  0x0000021f8e5b6310 JavaThread "ForkJoinPool.commonPool-worker-11" daemon [_thread_blocked, id=11616, stack(0x000000ababe00000,0x000000ababf00000) (1024K)]
Total: 54

Other Threads:
  0x0000021f43623060 VMThread "VM Thread"                           [id=18364, stack(0x000000aba7f00000,0x000000aba8000000) (1024K)]
  0x0000021f4351c0d0 WatcherThread "VM Periodic Task Thread"        [id=19168, stack(0x000000aba7e00000,0x000000aba7f00000) (1024K)]
  0x0000021f2cbabe60 WorkerThread "GC Thread#0"                     [id=13384, stack(0x000000aba7d00000,0x000000aba7e00000) (1024K)]
  0x0000021f8b4b1080 WorkerThread "GC Thread#1"                     [id=19860, stack(0x000000aba8a00000,0x000000aba8b00000) (1024K)]
  0x0000021f8b2f51e0 WorkerThread "GC Thread#2"                     [id=6720, stack(0x000000aba8b00000,0x000000aba8c00000) (1024K)]
  0x0000021f8b2f5590 WorkerThread "GC Thread#3"                     [id=18116, stack(0x000000aba8c00000,0x000000aba8d00000) (1024K)]
  0x0000021f8b2f5940 WorkerThread "GC Thread#4"                     [id=18120, stack(0x000000aba8d00000,0x000000aba8e00000) (1024K)]
  0x0000021f8b2f5cf0 WorkerThread "GC Thread#5"                     [id=12248, stack(0x000000aba8e00000,0x000000aba8f00000) (1024K)]
  0x0000021f8b2f60a0 WorkerThread "GC Thread#6"                     [id=14876, stack(0x000000aba8f00000,0x000000aba9000000) (1024K)]
  0x0000021f85a4aeb0 WorkerThread "GC Thread#7"                     [id=5064, stack(0x000000aba9000000,0x000000aba9100000) (1024K)]
  0x0000021f8b2be380 WorkerThread "GC Thread#8"                     [id=22180, stack(0x000000aba9500000,0x000000aba9600000) (1024K)]
  0x0000021f8b2be730 WorkerThread "GC Thread#9"                     [id=13356, stack(0x000000aba9600000,0x000000aba9700000) (1024K)]
Total: 12

Threads with active compile tasks:
C2 CompilerThread0  36328 5370       4       jdk.internal.util.ArraysSupport::vectorizedHashCode (158 bytes)
C1 CompilerThread0  36328 5384       3       org.eclipse.jdt.internal.compiler.util.HashtableOfObject::putUnsafely (78 bytes)
C2 CompilerThread1  36328 4562   !   4       org.eclipse.osgi.internal.loader.classpath.ClasspathManager::findClassImpl (328 bytes)
C2 CompilerThread2  36328 4592       4       org.eclipse.osgi.internal.loader.BundleLoader::addExportedProvidersFor (167 bytes)
Total: 4

VM state: at safepoint (normal execution)

VM Mutex/Monitor currently owned by a thread:  ([mutex/lock_event])
[0x00007ffb7623e560] Threads_lock - owner thread: 0x0000021f43623060
[0x00007ffb7623e660] Heap_lock - owner thread: 0x0000021f8e5b4f60

Heap address: 0x0000000080000000, size: 2048 MB, Compressed Oops mode: 32-bit

CDS archive(s) mapped at: [0x0000021f44000000-0x0000021f44ba0000-0x0000021f44ba0000), size 12189696, SharedBaseAddress: 0x0000021f44000000, ArchiveRelocationMode: 1.
Compressed class space mapped at: 0x0000021f45000000-0x0000021f85000000, reserved size: 1073741824
Narrow klass base: 0x0000021f44000000, Narrow klass shift: 0, Narrow klass range: 0x100000000

GC Precious Log:
 CardTable entry size: 512
 CPUs: 12 total, 12 available
 Memory: 7532M
 Large Page Support: Disabled
 NUMA Support: Disabled
 Compressed Oops: Enabled (32-bit)
 Alignments: Space 512K, Generation 512K, Heap 2M
 Heap Min Capacity: 100M
 Heap Initial Capacity: 100M
 Heap Max Capacity: 2G
 Pre-touch: Disabled
 Parallel Workers: 10

Heap:
 PSYoungGen      total 23552K, used 1522K [0x00000000d5580000, 0x00000000d7180000, 0x0000000100000000)
  eden space 22016K, 0% used [0x00000000d5580000,0x00000000d5580000,0x00000000d6b00000)
  from space 1536K, 99% used [0x00000000d7000000,0x00000000d717cab8,0x00000000d7180000)
  to   space 1024K, 0% used [0x00000000d6f00000,0x00000000d6f00000,0x00000000d7000000)
 ParOldGen       total 68608K, used 24847K [0x0000000080000000, 0x0000000084300000, 0x00000000d5580000)
  object space 68608K, 36% used [0x0000000080000000,0x0000000081843da0,0x0000000084300000)
 Metaspace       used 40029K, committed 41216K, reserved 1114112K
  class space    used 4257K, committed 4736K, reserved 1048576K

Card table byte_map: [0x0000021f2c530000,0x0000021f2c940000] _byte_map_base: 0x0000021f2c130000

Marking Bits: (ParMarkBitMap*) 0x00007ffb76243450
 Begin Bits: [0x0000021f3f040000, 0x0000021f41040000)
 End Bits:   [0x0000021f41040000, 0x0000021f43040000)

Polling page: 0x0000021f2a9e0000

Metaspace:

Usage:
  Non-class:     34.93 MB used.
      Class:      4.16 MB used.
       Both:     39.09 MB used.

Virtual space:
  Non-class space:       64.00 MB reserved,      35.62 MB ( 56%) committed,  1 nodes.
      Class space:        1.00 GB reserved,       4.62 MB ( <1%) committed,  1 nodes.
             Both:        1.06 GB reserved,      40.25 MB (  4%) committed. 

Chunk freelists:
   Non-Class:  12.17 MB
       Class:  11.39 MB
        Both:  23.56 MB

MaxMetaspaceSize: unlimited
CompressedClassSpaceSize: 1.00 GB
Initial GC threshold: 21.00 MB
Current GC threshold: 58.38 MB
CDS: on
 - commit_granule_bytes: 65536.
 - commit_granule_words: 8192.
 - virtual_space_node_default_size: 8388608.
 - enlarge_chunks_in_place: 1.
 - use_allocation_guard: 0.


Internal statistics:

num_allocs_failed_limit: 6.
num_arena_births: 916.
num_arena_deaths: 14.
num_vsnodes_births: 2.
num_vsnodes_deaths: 0.
num_space_committed: 644.
num_space_uncommitted: 0.
num_chunks_returned_to_freelist: 20.
num_chunks_taken_from_freelist: 2724.
num_chunk_merges: 12.
num_chunk_splits: 1670.
num_chunks_enlarged: 897.
num_inconsistent_stats: 0.

CodeHeap 'non-profiled nmethods': size=120000Kb used=2235Kb max_used=2355Kb free=117764Kb
 bounds [0x0000021f37860000, 0x0000021f37ad0000, 0x0000021f3ed90000]
CodeHeap 'profiled nmethods': size=120000Kb used=9590Kb max_used=10008Kb free=110409Kb
 bounds [0x0000021f2fd90000, 0x0000021f30760000, 0x0000021f372c0000]
CodeHeap 'non-nmethods': size=5760Kb used=1362Kb max_used=1408Kb free=4397Kb
 bounds [0x0000021f372c0000, 0x0000021f37530000, 0x0000021f37860000]
CodeCache: size=245760Kb, used=13187Kb, max_used=13771Kb, free=232570Kb
 total_blobs=5428, nmethods=4770, adapters=564, full_count=0
Compilation: enabled, stopped_count=0, restarted_count=0

Compilation events (20 events):
Event: 34.387 Thread 0x0000021f2cc4c520 5373       3       org.eclipse.jdt.internal.compiler.util.SimpleLookupTable::keyForValue (54 bytes)
Event: 35.292 Thread 0x0000021f2cc4c520 nmethod 5373 0x0000021f2feac810 code [0x0000021f2feac9e0, 0x0000021f2feacdf8]
Event: 35.292 Thread 0x0000021f2cc4c520 5374       3       org.eclipse.jdt.internal.core.index.DiskIndex::readHeaderInfo (401 bytes)
Event: 35.293 Thread 0x0000021f2cc4c520 nmethod 5374 0x0000021f304f1690 code [0x0000021f304f1aa0, 0x0000021f304f31d0]
Event: 35.294 Thread 0x0000021f2cc4c520 5377       3       java.util.concurrent.ThreadLocalRandom::getProbe (13 bytes)
Event: 35.294 Thread 0x0000021f2cc4c520 nmethod 5377 0x0000021f304f1310 code [0x0000021f304f14a0, 0x0000021f304f15b0]
Event: 35.294 Thread 0x0000021f2cc4c520 5380       3       jdk.internal.misc.Unsafe::getAndSetInt (24 bytes)
Event: 35.294 Thread 0x0000021f2cc4c520 nmethod 5380 0x0000021f3016a590 code [0x0000021f3016a740, 0x0000021f3016a970]
Event: 35.294 Thread 0x0000021f2cc4c520 5381       3       java.lang.invoke.DirectMethodHandle$Holder::newInvokeSpecial (28 bytes)
Event: 35.295 Thread 0x0000021f2cc4c520 nmethod 5381 0x0000021f30169b10 code [0x0000021f30169d00, 0x0000021f3016a380]
Event: 35.295 Thread 0x0000021f2cc4c520 5376       1       org.eclipse.core.runtime.NullProgressMonitor::isCanceled (5 bytes)
Event: 35.295 Thread 0x0000021f2cc4c520 nmethod 5376 0x0000021f378b3490 code [0x0000021f378b3620, 0x0000021f378b36f0]
Event: 35.295 Thread 0x0000021f2cc4c520 5382       3       jdk.internal.misc.Unsafe::storeStoreFence (5 bytes)
Event: 35.295 Thread 0x0000021f2cc4c520 nmethod 5382 0x0000021f304f0f90 code [0x0000021f304f1120, 0x0000021f304f1240]
Event: 35.295 Thread 0x0000021f2cc4c520 5375       3       java.io.File::length (33 bytes)
Event: 35.295 Thread 0x0000021f2cc4c520 nmethod 5375 0x0000021f30169510 code [0x0000021f301696e0, 0x0000021f301699b0]
Event: 35.295 Thread 0x0000021f2cc4ab90 nmethod 4907 0x0000021f378e4090 code [0x0000021f378e4280, 0x0000021f378e45b8]
Event: 35.295 Thread 0x0000021f2cc4ab90 5370       4       jdk.internal.util.ArraysSupport::vectorizedHashCode (158 bytes)
Event: 35.302 Thread 0x0000021f2cc4ab90 nmethod 5370 0x0000021f378e3510 code [0x0000021f378e3700, 0x0000021f378e3d70]
Event: 35.312 Thread 0x0000021f2cc4c520 5384       3       org.eclipse.jdt.internal.compiler.util.HashtableOfObject::putUnsafely (78 bytes)

GC Heap History (20 events):
Event: 32.307 GC heap before
{Heap before GC invocations=8 (full 1):
 PSYoungGen      total 29696K, used 4890K [0x00000000d5580000, 0x00000000d7780000, 0x0000000100000000)
  eden space 24576K, 0% used [0x00000000d5580000,0x00000000d5580000,0x00000000d6d80000)
  from space 5120K, 95% used [0x00000000d6e80000,0x00000000d7346998,0x00000000d7380000)
  to   space 4096K, 0% used [0x00000000d7380000,0x00000000d7380000,0x00000000d7780000)
 ParOldGen       total 68608K, used 9839K [0x0000000080000000, 0x0000000084300000, 0x00000000d5580000)
  object space 68608K, 14% used [0x0000000080000000,0x000000008099bc40,0x0000000084300000)
 Metaspace       used 20640K, committed 21504K, reserved 1114112K
  class space    used 2195K, committed 2560K, reserved 1048576K
}
Event: 32.347 GC heap after
{Heap after GC invocations=8 (full 1):
 PSYoungGen      total 29696K, used 0K [0x00000000d5580000, 0x00000000d7780000, 0x0000000100000000)
  eden space 24576K, 0% used [0x00000000d5580000,0x00000000d5580000,0x00000000d6d80000)
  from space 5120K, 0% used [0x00000000d6e80000,0x00000000d6e80000,0x00000000d7380000)
  to   space 4096K, 0% used [0x00000000d7380000,0x00000000d7380000,0x00000000d7780000)
 ParOldGen       total 68608K, used 13818K [0x0000000080000000, 0x0000000084300000, 0x00000000d5580000)
  object space 68608K, 20% used [0x0000000080000000,0x0000000080d7e920,0x0000000084300000)
 Metaspace       used 20627K, committed 21504K, reserved 1114112K
  class space    used 2191K, committed 2560K, reserved 1048576K
}
Event: 32.536 GC heap before
{Heap before GC invocations=9 (full 1):
 PSYoungGen      total 29696K, used 24576K [0x00000000d5580000, 0x00000000d7780000, 0x0000000100000000)
  eden space 24576K, 100% used [0x00000000d5580000,0x00000000d6d80000,0x00000000d6d80000)
  from space 5120K, 0% used [0x00000000d6e80000,0x00000000d6e80000,0x00000000d7380000)
  to   space 4096K, 0% used [0x00000000d7380000,0x00000000d7380000,0x00000000d7780000)
 ParOldGen       total 68608K, used 13818K [0x0000000080000000, 0x0000000084300000, 0x00000000d5580000)
  object space 68608K, 20% used [0x0000000080000000,0x0000000080d7e920,0x0000000084300000)
 Metaspace       used 22538K, committed 23488K, reserved 1114112K
  class space    used 2369K, committed 2752K, reserved 1048576K
}
Event: 32.538 GC heap after
{Heap after GC invocations=9 (full 1):
 PSYoungGen      total 27136K, used 2914K [0x00000000d5580000, 0x00000000d7680000, 0x0000000100000000)
  eden space 24064K, 0% used [0x00000000d5580000,0x00000000d5580000,0x00000000d6d00000)
  from space 3072K, 94% used [0x00000000d7380000,0x00000000d7658b70,0x00000000d7680000)
  to   space 4096K, 0% used [0x00000000d6e80000,0x00000000d6e80000,0x00000000d7280000)
 ParOldGen       total 68608K, used 13826K [0x0000000080000000, 0x0000000084300000, 0x00000000d5580000)
  object space 68608K, 20% used [0x0000000080000000,0x0000000080d80920,0x0000000084300000)
 Metaspace       used 22538K, committed 23488K, reserved 1114112K
  class space    used 2369K, committed 2752K, reserved 1048576K
}
Event: 32.808 GC heap before
{Heap before GC invocations=10 (full 1):
 PSYoungGen      total 27136K, used 26978K [0x00000000d5580000, 0x00000000d7680000, 0x0000000100000000)
  eden space 24064K, 100% used [0x00000000d5580000,0x00000000d6d00000,0x00000000d6d00000)
  from space 3072K, 94% used [0x00000000d7380000,0x00000000d7658b70,0x00000000d7680000)
  to   space 4096K, 0% used [0x00000000d6e80000,0x00000000d6e80000,0x00000000d7280000)
 ParOldGen       total 68608K, used 13826K [0x0000000080000000, 0x0000000084300000, 0x00000000d5580000)
  object space 68608K, 20% used [0x0000000080000000,0x0000000080d80920,0x0000000084300000)
 Metaspace       used 26317K, committed 27264K, reserved 1114112K
  class space    used 2645K, committed 3072K, reserved 1048576K
}
Event: 32.811 GC heap after
{Heap after GC invocations=10 (full 1):
 PSYoungGen      total 25600K, used 1585K [0x00000000d5580000, 0x00000000d7400000, 0x0000000100000000)
  eden space 23552K, 0% used [0x00000000d5580000,0x00000000d5580000,0x00000000d6c80000)
  from space 2048K, 77% used [0x00000000d6e80000,0x00000000d700c790,0x00000000d7080000)
  to   space 2560K, 0% used [0x00000000d7180000,0x00000000d7180000,0x00000000d7400000)
 ParOldGen       total 68608K, used 13834K [0x0000000080000000, 0x0000000084300000, 0x00000000d5580000)
  object space 68608K, 20% used [0x0000000080000000,0x0000000080d82920,0x0000000084300000)
 Metaspace       used 26317K, committed 27264K, reserved 1114112K
  class space    used 2645K, committed 3072K, reserved 1048576K
}
Event: 33.056 GC heap before
{Heap before GC invocations=11 (full 1):
 PSYoungGen      total 25600K, used 25137K [0x00000000d5580000, 0x00000000d7400000, 0x0000000100000000)
  eden space 23552K, 100% used [0x00000000d5580000,0x00000000d6c80000,0x00000000d6c80000)
  from space 2048K, 77% used [0x00000000d6e80000,0x00000000d700c790,0x00000000d7080000)
  to   space 2560K, 0% used [0x00000000d7180000,0x00000000d7180000,0x00000000d7400000)
 ParOldGen       total 68608K, used 13834K [0x0000000080000000, 0x0000000084300000, 0x00000000d5580000)
  object space 68608K, 20% used [0x0000000080000000,0x0000000080d82920,0x0000000084300000)
 Metaspace       used 28049K, committed 29056K, reserved 1114112K
  class space    used 2768K, committed 3200K, reserved 1048576K
}
Event: 33.060 GC heap after
{Heap after GC invocations=11 (full 1):
 PSYoungGen      total 25088K, used 1915K [0x00000000d5580000, 0x00000000d7380000, 0x0000000100000000)
  eden space 23040K, 0% used [0x00000000d5580000,0x00000000d5580000,0x00000000d6c00000)
  from space 2048K, 93% used [0x00000000d7180000,0x00000000d735eda0,0x00000000d7380000)
  to   space 2048K, 0% used [0x00000000d6f80000,0x00000000d6f80000,0x00000000d7180000)
 ParOldGen       total 68608K, used 15697K [0x0000000080000000, 0x0000000084300000, 0x00000000d5580000)
  object space 68608K, 22% used [0x0000000080000000,0x0000000080f54630,0x0000000084300000)
 Metaspace       used 28049K, committed 29056K, reserved 1114112K
  class space    used 2768K, committed 3200K, reserved 1048576K
}
Event: 33.505 GC heap before
{Heap before GC invocations=12 (full 1):
 PSYoungGen      total 25088K, used 24955K [0x00000000d5580000, 0x00000000d7380000, 0x0000000100000000)
  eden space 23040K, 100% used [0x00000000d5580000,0x00000000d6c00000,0x00000000d6c00000)
  from space 2048K, 93% used [0x00000000d7180000,0x00000000d735eda0,0x00000000d7380000)
  to   space 2048K, 0% used [0x00000000d6f80000,0x00000000d6f80000,0x00000000d7180000)
 ParOldGen       total 68608K, used 15697K [0x0000000080000000, 0x0000000084300000, 0x00000000d5580000)
  object space 68608K, 22% used [0x0000000080000000,0x0000000080f54630,0x0000000084300000)
 Metaspace       used 31275K, committed 32384K, reserved 1114112K
  class space    used 3118K, committed 3584K, reserved 1048576K
}
Event: 33.510 GC heap after
{Heap after GC invocations=12 (full 1):
 PSYoungGen      total 24576K, used 2022K [0x00000000d5580000, 0x00000000d7480000, 0x0000000100000000)
  eden space 22528K, 0% used [0x00000000d5580000,0x00000000d5580000,0x00000000d6b80000)
  from space 2048K, 98% used [0x00000000d6f80000,0x00000000d7179b08,0x00000000d7180000)
  to   space 3072K, 0% used [0x00000000d7180000,0x00000000d7180000,0x00000000d7480000)
 ParOldGen       total 68608K, used 17541K [0x0000000080000000, 0x0000000084300000, 0x00000000d5580000)
  object space 68608K, 25% used [0x0000000080000000,0x0000000081121458,0x0000000084300000)
 Metaspace       used 31275K, committed 32384K, reserved 1114112K
  class space    used 3118K, committed 3584K, reserved 1048576K
}
Event: 33.677 GC heap before
{Heap before GC invocations=13 (full 1):
 PSYoungGen      total 24576K, used 24550K [0x00000000d5580000, 0x00000000d7480000, 0x0000000100000000)
  eden space 22528K, 99% used [0x00000000d5580000,0x00000000d6b7fdf8,0x00000000d6b80000)
  from space 2048K, 98% used [0x00000000d6f80000,0x00000000d7179b08,0x00000000d7180000)
  to   space 3072K, 0% used [0x00000000d7180000,0x00000000d7180000,0x00000000d7480000)
 ParOldGen       total 68608K, used 17541K [0x0000000080000000, 0x0000000084300000, 0x00000000d5580000)
  object space 68608K, 25% used [0x0000000080000000,0x0000000081121458,0x0000000084300000)
 Metaspace       used 34063K, committed 35136K, reserved 1114112K
  class space    used 3468K, committed 3968K, reserved 1048576K
}
Event: 33.681 GC heap after
{Heap after GC invocations=13 (full 1):
 PSYoungGen      total 24064K, used 1776K [0x00000000d5580000, 0x00000000d7380000, 0x0000000100000000)
  eden space 22016K, 0% used [0x00000000d5580000,0x00000000d5580000,0x00000000d6b00000)
  from space 2048K, 86% used [0x00000000d7180000,0x00000000d733c010,0x00000000d7380000)
  to   space 2560K, 0% used [0x00000000d6e80000,0x00000000d6e80000,0x00000000d7100000)
 ParOldGen       total 68608K, used 19438K [0x0000000080000000, 0x0000000084300000, 0x00000000d5580000)
  object space 68608K, 28% used [0x0000000080000000,0x00000000812fbab0,0x0000000084300000)
 Metaspace       used 34063K, committed 35136K, reserved 1114112K
  class space    used 3468K, committed 3968K, reserved 1048576K
}
Event: 33.725 GC heap before
{Heap before GC invocations=14 (full 1):
 PSYoungGen      total 24064K, used 7400K [0x00000000d5580000, 0x00000000d7380000, 0x0000000100000000)
  eden space 22016K, 25% used [0x00000000d5580000,0x00000000d5afe018,0x00000000d6b00000)
  from space 2048K, 86% used [0x00000000d7180000,0x00000000d733c010,0x00000000d7380000)
  to   space 2560K, 0% used [0x00000000d6e80000,0x00000000d6e80000,0x00000000d7100000)
 ParOldGen       total 68608K, used 19438K [0x0000000080000000, 0x0000000084300000, 0x00000000d5580000)
  object space 68608K, 28% used [0x0000000080000000,0x00000000812fbab0,0x0000000084300000)
 Metaspace       used 34765K, committed 35840K, reserved 1114112K
  class space    used 3564K, committed 4032K, reserved 1048576K
}
Event: 33.727 GC heap after
{Heap after GC invocations=14 (full 1):
 PSYoungGen      total 24576K, used 352K [0x00000000d5580000, 0x00000000d7200000, 0x0000000100000000)
  eden space 22016K, 0% used [0x00000000d5580000,0x00000000d5580000,0x00000000d6b00000)
  from space 2560K, 13% used [0x00000000d6e80000,0x00000000d6ed8000,0x00000000d7100000)
  to   space 1024K, 0% used [0x00000000d7100000,0x00000000d7100000,0x00000000d7200000)
 ParOldGen       total 68608K, used 21038K [0x0000000080000000, 0x0000000084300000, 0x00000000d5580000)
  object space 68608K, 30% used [0x0000000080000000,0x000000008148bad0,0x0000000084300000)
 Metaspace       used 34765K, committed 35840K, reserved 1114112K
  class space    used 3564K, committed 4032K, reserved 1048576K
}
Event: 33.727 GC heap before
{Heap before GC invocations=15 (full 2):
 PSYoungGen      total 24576K, used 352K [0x00000000d5580000, 0x00000000d7200000, 0x0000000100000000)
  eden space 22016K, 0% used [0x00000000d5580000,0x00000000d5580000,0x00000000d6b00000)
  from space 2560K, 13% used [0x00000000d6e80000,0x00000000d6ed8000,0x00000000d7100000)
  to   space 1024K, 0% used [0x00000000d7100000,0x00000000d7100000,0x00000000d7200000)
 ParOldGen       total 68608K, used 21038K [0x0000000080000000, 0x0000000084300000, 0x00000000d5580000)
  object space 68608K, 30% used [0x0000000080000000,0x000000008148bad0,0x0000000084300000)
 Metaspace       used 34765K, committed 35840K, reserved 1114112K
  class space    used 3564K, committed 4032K, reserved 1048576K
}
Event: 33.765 GC heap after
{Heap after GC invocations=15 (full 2):
 PSYoungGen      total 24576K, used 0K [0x00000000d5580000, 0x00000000d7200000, 0x0000000100000000)
  eden space 22016K, 0% used [0x00000000d5580000,0x00000000d5580000,0x00000000d6b00000)
  from space 2560K, 0% used [0x00000000d6e80000,0x00000000d6e80000,0x00000000d7100000)
  to   space 1024K, 0% used [0x00000000d7100000,0x00000000d7100000,0x00000000d7200000)
 ParOldGen       total 68608K, used 20417K [0x0000000080000000, 0x0000000084300000, 0x00000000d5580000)
  object space 68608K, 29% used [0x0000000080000000,0x00000000813f0608,0x0000000084300000)
 Metaspace       used 34765K, committed 35840K, reserved 1114112K
  class space    used 3564K, committed 4032K, reserved 1048576K
}
Event: 33.961 GC heap before
{Heap before GC invocations=16 (full 2):
 PSYoungGen      total 24576K, used 22016K [0x00000000d5580000, 0x00000000d7200000, 0x0000000100000000)
  eden space 22016K, 100% used [0x00000000d5580000,0x00000000d6b00000,0x00000000d6b00000)
  from space 2560K, 0% used [0x00000000d6e80000,0x00000000d6e80000,0x00000000d7100000)
  to   space 1024K, 0% used [0x00000000d7100000,0x00000000d7100000,0x00000000d7200000)
 ParOldGen       total 68608K, used 20417K [0x0000000080000000, 0x0000000084300000, 0x00000000d5580000)
  object space 68608K, 29% used [0x0000000080000000,0x00000000813f0608,0x0000000084300000)
 Metaspace       used 36967K, committed 38144K, reserved 1114112K
  class space    used 3899K, committed 4416K, reserved 1048576K
}
Event: 33.963 GC heap after
{Heap after GC invocations=16 (full 2):
 PSYoungGen      total 23040K, used 1024K [0x00000000d5580000, 0x00000000d7200000, 0x0000000100000000)
  eden space 22016K, 0% used [0x00000000d5580000,0x00000000d5580000,0x00000000d6b00000)
  from space 1024K, 100% used [0x00000000d7100000,0x00000000d7200000,0x00000000d7200000)
  to   space 1536K, 0% used [0x00000000d6f00000,0x00000000d6f00000,0x00000000d7080000)
 ParOldGen       total 68608K, used 20738K [0x0000000080000000, 0x0000000084300000, 0x00000000d5580000)
  object space 68608K, 30% used [0x0000000080000000,0x0000000081440a90,0x0000000084300000)
 Metaspace       used 36967K, committed 38144K, reserved 1114112K
  class space    used 3899K, committed 4416K, reserved 1048576K
}
Event: 34.145 GC heap before
{Heap before GC invocations=17 (full 2):
 PSYoungGen      total 23040K, used 23024K [0x00000000d5580000, 0x00000000d7200000, 0x0000000100000000)
  eden space 22016K, 99% used [0x00000000d5580000,0x00000000d6afc1f0,0x00000000d6b00000)
  from space 1024K, 100% used [0x00000000d7100000,0x00000000d7200000,0x00000000d7200000)
  to   space 1536K, 0% used [0x00000000d6f00000,0x00000000d6f00000,0x00000000d7080000)
 ParOldGen       total 68608K, used 20738K [0x0000000080000000, 0x0000000084300000, 0x00000000d5580000)
  object space 68608K, 30% used [0x0000000080000000,0x0000000081440a90,0x0000000084300000)
 Metaspace       used 38437K, committed 39680K, reserved 1114112K
  class space    used 4071K, committed 4608K, reserved 1048576K
}
Event: 34.147 GC heap after
{Heap after GC invocations=17 (full 2):
 PSYoungGen      total 23040K, used 1024K [0x00000000d5580000, 0x00000000d7180000, 0x0000000100000000)
  eden space 22016K, 0% used [0x00000000d5580000,0x00000000d5580000,0x00000000d6b00000)
  from space 1024K, 100% used [0x00000000d6f00000,0x00000000d7000000,0x00000000d7000000)
  to   space 1536K, 0% used [0x00000000d7000000,0x00000000d7000000,0x00000000d7180000)
 ParOldGen       total 68608K, used 21679K [0x0000000080000000, 0x0000000084300000, 0x00000000d5580000)
  object space 68608K, 31% used [0x0000000080000000,0x000000008152bdf8,0x0000000084300000)
 Metaspace       used 38437K, committed 39680K, reserved 1114112K
  class space    used 4071K, committed 4608K, reserved 1048576K
}

Dll operation events (10 events):
Event: 0.018 Loaded shared library c:\Users\Administrator\.vscode\extensions\redhat.java-1.53.0-win32-x64\jre\21.0.10-win32-x86_64\bin\java.dll
Event: 0.187 Loaded shared library c:\Users\Administrator\.vscode\extensions\redhat.java-1.53.0-win32-x64\jre\21.0.10-win32-x86_64\bin\zip.dll
Event: 0.235 Loaded shared library C:\Users\Administrator\.vscode\extensions\redhat.java-1.53.0-win32-x64\jre\21.0.10-win32-x86_64\bin\instrument.dll
Event: 0.244 Loaded shared library C:\Users\Administrator\.vscode\extensions\redhat.java-1.53.0-win32-x64\jre\21.0.10-win32-x86_64\bin\net.dll
Event: 0.248 Loaded shared library C:\Users\Administrator\.vscode\extensions\redhat.java-1.53.0-win32-x64\jre\21.0.10-win32-x86_64\bin\nio.dll
Event: 0.255 Loaded shared library C:\Users\Administrator\.vscode\extensions\redhat.java-1.53.0-win32-x64\jre\21.0.10-win32-x86_64\bin\zip.dll
Event: 0.309 Loaded shared library C:\Users\Administrator\.vscode\extensions\redhat.java-1.53.0-win32-x64\jre\21.0.10-win32-x86_64\bin\jimage.dll
Event: 0.472 Loaded shared library c:\Users\Administrator\.vscode\extensions\redhat.java-1.53.0-win32-x64\jre\21.0.10-win32-x86_64\bin\verify.dll
Event: 21.086 Loaded shared library C:\Users\Administrator\AppData\Roaming\Code\User\globalStorage\redhat.java\1.53.0\config_win\org.eclipse.equinox.launcher\org.eclipse.equinox.launcher.win32.win32.x86_64_1.3.0.v20260203-2149\eclipse_11919.dll
Event: 31.827 Loaded shared library C:\Users\Administrator\AppData\Local\Temp\jna-146731693\jna14649447465756414302.dll

Deoptimization events (20 events):
Event: 34.102 Thread 0x0000021f85c256b0 DEOPT PACKING pc=0x0000021f3073ef9f sp=0x000000aba9dfeb30
Event: 34.102 Thread 0x0000021f85c256b0 DEOPT UNPACKING pc=0x0000021f37314242 sp=0x000000aba9dfe008 mode 0
Event: 34.128 Thread 0x0000021f85c256b0 DEOPT PACKING pc=0x0000021f3073ef9f sp=0x000000aba9dfec20
Event: 34.128 Thread 0x0000021f85c256b0 DEOPT UNPACKING pc=0x0000021f37314242 sp=0x000000aba9dfe0f8 mode 0
Event: 34.129 Thread 0x0000021f85c256b0 DEOPT PACKING pc=0x0000021f3073ef9f sp=0x000000aba9dfeca0
Event: 34.129 Thread 0x0000021f85c256b0 DEOPT UNPACKING pc=0x0000021f37314242 sp=0x000000aba9dfe178 mode 0
Event: 34.129 Thread 0x0000021f85c256b0 DEOPT PACKING pc=0x0000021f3073ef9f sp=0x000000aba9dfeca0
Event: 34.129 Thread 0x0000021f85c256b0 DEOPT UNPACKING pc=0x0000021f37314242 sp=0x000000aba9dfe178 mode 0
Event: 34.135 Thread 0x0000021f85c270f0 DEOPT PACKING pc=0x0000021f2fe1ffd3 sp=0x000000abaa1fe2b0
Event: 34.135 Thread 0x0000021f85c270f0 DEOPT UNPACKING pc=0x0000021f37314242 sp=0x000000abaa1fd720 mode 0
Event: 34.212 Thread 0x0000021f85c256b0 DEOPT PACKING pc=0x0000021f3073ef9f sp=0x000000aba9dfe6f0
Event: 34.212 Thread 0x0000021f85c256b0 DEOPT UNPACKING pc=0x0000021f37314242 sp=0x000000aba9dfdbc8 mode 0
Event: 34.238 Thread 0x0000021f85c256b0 DEOPT PACKING pc=0x0000021f3073ef9f sp=0x000000aba9dfe7d0
Event: 34.238 Thread 0x0000021f85c256b0 DEOPT UNPACKING pc=0x0000021f37314242 sp=0x000000aba9dfdca8 mode 0
Event: 34.241 Thread 0x0000021f85c256b0 DEOPT PACKING pc=0x0000021f3073ef9f sp=0x000000aba9dfe7d0
Event: 34.241 Thread 0x0000021f85c256b0 DEOPT UNPACKING pc=0x0000021f37314242 sp=0x000000aba9dfdca8 mode 0
Event: 34.243 Thread 0x0000021f85c256b0 DEOPT PACKING pc=0x0000021f3073ef9f sp=0x000000aba9dfe790
Event: 34.243 Thread 0x0000021f85c256b0 DEOPT UNPACKING pc=0x0000021f37314242 sp=0x000000aba9dfdc68 mode 0
Event: 34.245 Thread 0x0000021f85c256b0 DEOPT PACKING pc=0x0000021f3073ef9f sp=0x000000aba9dfe790
Event: 34.245 Thread 0x0000021f85c256b0 DEOPT UNPACKING pc=0x0000021f37314242 sp=0x000000aba9dfdc68 mode 0

Classes loaded (20 events):
Event: 33.971 Loading class sun/reflect/generics/repository/FieldRepository
Event: 33.971 Loading class sun/reflect/generics/repository/FieldRepository done
Event: 33.985 Loading class java/lang/foreign/MemorySegment
Event: 33.985 Loading class java/lang/foreign/MemorySegment done
Event: 34.186 Loading class sun/nio/cs/ThreadLocalCoders
Event: 34.186 Loading class sun/nio/cs/ThreadLocalCoders done
Event: 34.186 Loading class sun/nio/cs/ThreadLocalCoders$1
Event: 34.186 Loading class sun/nio/cs/ThreadLocalCoders$Cache
Event: 34.186 Loading class sun/nio/cs/ThreadLocalCoders$Cache done
Event: 34.186 Loading class sun/nio/cs/ThreadLocalCoders$1 done
Event: 34.186 Loading class sun/nio/cs/ThreadLocalCoders$2
Event: 34.186 Loading class sun/nio/cs/ThreadLocalCoders$2 done
Event: 34.263 Loading class sun/reflect/annotation/AnnotatedTypeFactory$AnnotatedParameterizedTypeImpl
Event: 34.263 Loading class java/lang/reflect/AnnotatedParameterizedType
Event: 34.263 Loading class java/lang/reflect/AnnotatedParameterizedType done
Event: 34.263 Loading class sun/reflect/annotation/AnnotatedTypeFactory$AnnotatedParameterizedTypeImpl done
Event: 34.271 Loading class java/io/UTFDataFormatException
Event: 34.272 Loading class java/io/UTFDataFormatException done
Event: 35.292 Loading class java/util/concurrent/ForkJoinTask$AdaptedCallable
Event: 35.292 Loading class java/util/concurrent/ForkJoinTask$AdaptedCallable done

Classes unloaded (7 events):
Event: 32.311 Thread 0x0000021f43623060 Unloading class 0x0000021f451ab400 'java/lang/invoke/LambdaForm$MH+0x0000021f451ab400'
Event: 32.311 Thread 0x0000021f43623060 Unloading class 0x0000021f451ab000 'java/lang/invoke/LambdaForm$MH+0x0000021f451ab000'
Event: 32.311 Thread 0x0000021f43623060 Unloading class 0x0000021f451aac00 'java/lang/invoke/LambdaForm$MH+0x0000021f451aac00'
Event: 32.311 Thread 0x0000021f43623060 Unloading class 0x0000021f451aa800 'java/lang/invoke/LambdaForm$MH+0x0000021f451aa800'
Event: 32.311 Thread 0x0000021f43623060 Unloading class 0x0000021f451aa400 'java/lang/invoke/LambdaForm$BMH+0x0000021f451aa400'
Event: 32.311 Thread 0x0000021f43623060 Unloading class 0x0000021f451aa000 'java/lang/invoke/LambdaForm$DMH+0x0000021f451aa000'
Event: 32.311 Thread 0x0000021f43623060 Unloading class 0x0000021f451a8c00 'java/lang/invoke/LambdaForm$DMH+0x0000021f451a8c00'

Classes redefined (0 events):
No events

Internal exceptions (20 events):
Event: 33.879 Thread 0x0000021f85c256b0 Exception <a 'sun/nio/fs/WindowsException'{0x00000000d62d31f0}> (0x00000000d62d31f0) 
thrown [s\src\hotspot\share\prims\jni.cpp, line 520]
Event: 33.880 Thread 0x0000021f85c256b0 Exception <a 'sun/nio/fs/WindowsException'{0x00000000d62d4ae8}> (0x00000000d62d4ae8) 
thrown [s\src\hotspot\share\prims\jni.cpp, line 520]
Event: 33.880 Thread 0x0000021f85c256b0 Exception <a 'sun/nio/fs/WindowsException'{0x00000000d62d5118}> (0x00000000d62d5118) 
thrown [s\src\hotspot\share\prims\jni.cpp, line 520]
Event: 33.881 Thread 0x0000021f85c256b0 Exception <a 'sun/nio/fs/WindowsException'{0x00000000d62d7fe0}> (0x00000000d62d7fe0) 
thrown [s\src\hotspot\share\prims\jni.cpp, line 520]
Event: 33.881 Thread 0x0000021f85c256b0 Exception <a 'sun/nio/fs/WindowsException'{0x00000000d62d8640}> (0x00000000d62d8640) 
thrown [s\src\hotspot\share\prims\jni.cpp, line 520]
Event: 33.894 Thread 0x0000021f85c256b0 Exception <a 'sun/nio/fs/WindowsException'{0x00000000d640d030}> (0x00000000d640d030) 
thrown [s\src\hotspot\share\prims\jni.cpp, line 520]
Event: 33.894 Thread 0x0000021f85c256b0 Exception <a 'sun/nio/fs/WindowsException'{0x00000000d640d690}> (0x00000000d640d690) 
thrown [s\src\hotspot\share\prims\jni.cpp, line 520]
Event: 33.907 Thread 0x0000021f2cb8da10 Exception <a 'java/lang/NoSuchMethodError'{0x00000000d65cc158}: 'void java.lang.invoke.DirectMethodHandle$Holder.invokeSpecial(java.lang.Object, java.lang.Object, java.lang.Object, java.lang.Object, java.lang.Object, java.lang.Object)'> (0x00000000d65cc158) 
thrown [s\src\hotspot\share\interpreter\linkResolver.cpp, line 773]
Event: 33.908 Thread 0x0000021f2cb8da10 Exception <a 'java/lang/IncompatibleClassChangeError'{0x00000000d65d4638}: Found class java.lang.Object, but interface was expected> (0x00000000d65d4638) 
thrown [s\src\hotspot\share\interpreter\linkResolver.cpp, line 840]
Event: 33.909 Thread 0x0000021f2cb8da10 Exception <a 'java/lang/IncompatibleClassChangeError'{0x00000000d65d6318}: Found class java.lang.Object, but interface was expected> (0x00000000d65d6318) 
thrown [s\src\hotspot\share\interpreter\linkResolver.cpp, line 840]
Event: 33.938 Thread 0x0000021f85c270f0 Exception <a 'java/lang/NoClassDefFoundError'{0x00000000d6840370}: javax/enterprise/inject/Typed> (0x00000000d6840370) 
thrown [s\src\hotspot\share\classfile\systemDictionary.cpp, line 301]
Event: 34.236 Thread 0x0000021f85c256b0 Exception <a 'sun/nio/fs/WindowsException'{0x00000000d616cd30}> (0x00000000d616cd30) 
thrown [s\src\hotspot\share\prims\jni.cpp, line 520]
Event: 34.258 Thread 0x0000021f85c256b0 Exception <a 'java/io/FileNotFoundException'{0x00000000d6442368}> (0x00000000d6442368) 
thrown [s\src\hotspot\share\prims\jni.cpp, line 520]
Event: 34.258 Thread 0x0000021f85c256b0 Exception <a 'java/io/FileNotFoundException'{0x00000000d6443978}> (0x00000000d6443978) 
thrown [s\src\hotspot\share\prims\jni.cpp, line 520]
Event: 34.260 Thread 0x0000021f85c256b0 Exception <a 'java/lang/NoSuchMethodError'{0x00000000d647cae0}: 'java.lang.Object java.lang.invoke.DirectMethodHandle$Holder.newInvokeSpecial(java.lang.Object, java.lang.Object, java.lang.Object, int)'> (0x00000000d647cae0) 
thrown [s\src\hotspot\share\interpreter\linkResolver.cpp, line 773]
Event: 34.260 Thread 0x0000021f85c256b0 Exception <a 'java/lang/NoSuchMethodError'{0x00000000d6480758}: 'java.lang.Object java.lang.invoke.DirectMethodHandle$Holder.invokeSpecial(java.lang.Object, java.lang.Object, java.lang.Object, java.lang.Object, int)'> (0x00000000d6480758) 
thrown [s\src\hotspot\share\interpreter\linkResolver.cpp, line 773]
Event: 34.260 Thread 0x0000021f85c256b0 Exception <a 'java/lang/NoSuchMethodError'{0x00000000d6483c00}: 'java.lang.Object java.lang.invoke.Invokers$Holder.linkToTargetMethod(java.lang.Object, java.lang.Object, int, java.lang.Object)'> (0x00000000d6483c00) 
thrown [s\src\hotspot\share\interpreter\linkResolver.cpp, line 773]
Event: 34.263 Thread 0x0000021f85c256b0 Exception <a 'java/lang/NoSuchMethodError'{0x00000000d64bad40}: 'void java.lang.invoke.DirectMethodHandle$Holder.invokeStaticInit(java.lang.Object, java.lang.Object, java.lang.Object)'> (0x00000000d64bad40) 
thrown [s\src\hotspot\share\interpreter\linkResolver.cpp, line 773]
Event: 34.412 Thread 0x0000021f85c256b0 Exception <a 'java/io/FileNotFoundException'{0x00000000d67b08e8}> (0x00000000d67b08e8) 
thrown [s\src\hotspot\share\prims\jni.cpp, line 520]
Event: 34.412 Thread 0x0000021f85c256b0 Exception <a 'java/io/FileNotFoundException'{0x00000000d67b1670}> (0x00000000d67b1670) 
thrown [s\src\hotspot\share\prims\jni.cpp, line 520]

ZGC Phase Switch (0 events):
No events

VM Operations (20 events):
Event: 33.056 Executing safepoint VM operation: ParallelGCFailedAllocation (Allocation Failure)
Event: 33.060 Executing safepoint VM operation: ParallelGCFailedAllocation (Allocation Failure) done
Event: 33.131 Executing non-safepoint VM operation: HandshakeAllThreads (Deoptimize)
Event: 33.131 Executing non-safepoint VM operation: HandshakeAllThreads (Deoptimize) done
Event: 33.261 Executing non-safepoint VM operation: HandshakeAllThreads (Deoptimize)
Event: 33.261 Executing non-safepoint VM operation: HandshakeAllThreads (Deoptimize) done
Event: 33.479 Executing non-safepoint VM operation: HandshakeAllThreads (Deoptimize)
Event: 33.479 Executing non-safepoint VM operation: HandshakeAllThreads (Deoptimize) done
Event: 33.505 Executing safepoint VM operation: ParallelGCFailedAllocation (Allocation Failure)
Event: 33.510 Executing safepoint VM operation: ParallelGCFailedAllocation (Allocation Failure) done
Event: 33.677 Executing safepoint VM operation: ParallelGCFailedAllocation (Allocation Failure)
Event: 33.681 Executing safepoint VM operation: ParallelGCFailedAllocation (Allocation Failure) done
Event: 33.725 Executing safepoint VM operation: CollectForMetadataAllocation (Metadata GC Threshold)
Event: 33.765 Executing safepoint VM operation: CollectForMetadataAllocation (Metadata GC Threshold) done
Event: 33.929 Executing non-safepoint VM operation: HandshakeAllThreads (Deoptimize)
Event: 33.929 Executing non-safepoint VM operation: HandshakeAllThreads (Deoptimize) done
Event: 33.961 Executing safepoint VM operation: ParallelGCFailedAllocation (Allocation Failure)
Event: 33.963 Executing safepoint VM operation: ParallelGCFailedAllocation (Allocation Failure) done
Event: 34.145 Executing safepoint VM operation: ParallelGCFailedAllocation (Allocation Failure)
Event: 34.147 Executing safepoint VM operation: ParallelGCFailedAllocation (Allocation Failure) done

Memory protections (0 events):
No events

Nmethod flushes (20 events):
Event: 33.743 Thread 0x0000021f43623060 flushing  nmethod 0x0000021f30408e10
Event: 33.743 Thread 0x0000021f43623060 flushing  nmethod 0x0000021f30409610
Event: 33.743 Thread 0x0000021f43623060 flushing  nmethod 0x0000021f3040eb90
Event: 33.743 Thread 0x0000021f43623060 flushing  nmethod 0x0000021f3040fc10
Event: 33.743 Thread 0x0000021f43623060 flushing  nmethod 0x0000021f30410e90
Event: 33.743 Thread 0x0000021f43623060 flushing  nmethod 0x0000021f30411810
Event: 33.743 Thread 0x0000021f43623060 flushing  nmethod 0x0000021f30413190
Event: 33.743 Thread 0x0000021f43623060 flushing  nmethod 0x0000021f30413510
Event: 33.743 Thread 0x0000021f43623060 flushing  nmethod 0x0000021f30418f10
Event: 33.743 Thread 0x0000021f43623060 flushing  nmethod 0x0000021f30425510
Event: 33.743 Thread 0x0000021f43623060 flushing  nmethod 0x0000021f30425a10
Event: 33.743 Thread 0x0000021f43623060 flushing  nmethod 0x0000021f30443a90
Event: 33.743 Thread 0x0000021f43623060 flushing  nmethod 0x0000021f30446e10
Event: 33.743 Thread 0x0000021f43623060 flushing  nmethod 0x0000021f3044cf10
Event: 33.743 Thread 0x0000021f43623060 flushing  nmethod 0x0000021f30451190
Event: 33.743 Thread 0x0000021f43623060 flushing  nmethod 0x0000021f30458b10
Event: 33.743 Thread 0x0000021f43623060 flushing  nmethod 0x0000021f3045b890
Event: 33.743 Thread 0x0000021f43623060 flushing  nmethod 0x0000021f304d0b90
Event: 33.743 Thread 0x0000021f43623060 flushing  nmethod 0x0000021f304f0f90
Event: 33.743 Thread 0x0000021f43623060 flushing  nmethod 0x0000021f304fe690

Events (20 events):
Event: 33.626 Thread 0x0000021f2cb8da10 Thread added: 0x0000021f85c29850
Event: 33.626 Thread 0x0000021f2cb8da10 Thread added: 0x0000021f8e5aecf0
Event: 33.626 Thread 0x0000021f2cb8da10 Thread added: 0x0000021f8e5b0dc0
Event: 33.626 Thread 0x0000021f2cb8da10 Thread added: 0x0000021f8e5b1450
Event: 33.626 Thread 0x0000021f2cb8da10 Thread added: 0x0000021f8e5b1ae0
Event: 33.626 Thread 0x0000021f2cb8da10 Thread added: 0x0000021f8e5b2170
Event: 33.672 Thread 0x0000021f2cb8da10 Thread added: 0x0000021f8e5b2800
Event: 33.940 Thread 0x0000021f2cb8da10 Thread added: 0x0000021f8e5b00a0
Event: 33.940 Thread 0x0000021f2cb8da10 Thread added: 0x0000021f8e5af380
Event: 35.293 Thread 0x0000021f85c256b0 Thread added: 0x0000021f8e5b2e90
Event: 35.293 Thread 0x0000021f85c256b0 Thread added: 0x0000021f8e5afa10
Event: 35.293 Thread 0x0000021f8e5b2e90 Thread added: 0x0000021f8e5b3520
Event: 35.293 Thread 0x0000021f8e5afa10 Thread added: 0x0000021f8e5b3bb0
Event: 35.294 Thread 0x0000021f8e5b3520 Thread added: 0x0000021f8e5b0730
Event: 35.294 Thread 0x0000021f8e5b3bb0 Thread added: 0x0000021f8e5b48d0
Event: 35.294 Thread 0x0000021f8e5b0730 Thread added: 0x0000021f8e5b4240
Event: 35.294 Thread 0x0000021f8e5b4240 Thread added: 0x0000021f8e5b4f60
Event: 35.294 Thread 0x0000021f8e5b4f60 Thread added: 0x0000021f8e5b5c80
Event: 35.295 Thread 0x0000021f8e5b5c80 Thread added: 0x0000021f8e5b55f0
Event: 35.295 Thread 0x0000021f8e5b55f0 Thread added: 0x0000021f8e5b6310


Dynamic libraries:
0x00007ff75d480000 - 0x00007ff75d48e000 	c:\Users\Administrator\.vscode\extensions\redhat.java-1.53.0-win32-x64\jre\21.0.10-win32-x86_64\bin\java.exe
0x00007ffc2e0a0000 - 0x00007ffc2e307000 	C:\WINDOWS\SYSTEM32\ntdll.dll
0x00007ffc2cc60000 - 0x00007ffc2cd29000 	C:\WINDOWS\System32\KERNEL32.DLL
0x00007ffc2b770000 - 0x00007ffc2bb61000 	C:\WINDOWS\System32\KERNELBASE.dll
0x00007ffc2b4e0000 - 0x00007ffc2b62b000 	C:\WINDOWS\System32\ucrtbase.dll
0x00007ffc241a0000 - 0x00007ffc241b8000 	c:\Users\Administrator\.vscode\extensions\redhat.java-1.53.0-win32-x64\jre\21.0.10-win32-x86_64\bin\jli.dll
0x00007ffc2be40000 - 0x00007ffc2c005000 	C:\WINDOWS\System32\USER32.dll
0x00007ffc2bca0000 - 0x00007ffc2bcc7000 	C:\WINDOWS\System32\win32u.dll
0x00007ffc2de50000 - 0x00007ffc2de7b000 	C:\WINDOWS\System32\GDI32.dll
0x00007ffc2bb70000 - 0x00007ffc2bc9b000 	C:\WINDOWS\System32\gdi32full.dll
0x00007ffc2b2b0000 - 0x00007ffc2b353000 	C:\WINDOWS\System32\msvcp_win.dll
0x00007ffc203e0000 - 0x00007ffc203fe000 	c:\Users\Administrator\.vscode\extensions\redhat.java-1.53.0-win32-x64\jre\21.0.10-win32-x86_64\bin\VCRUNTIME140.dll
0x00007ffc1c760000 - 0x00007ffc1c9f3000 	C:\WINDOWS\WinSxS\amd64_microsoft.windows.common-controls_6595b64144ccf1df_6.0.26100.8037_none_3e092faae333b53b\COMCTL32.dll
0x00007ffc2c310000 - 0x00007ffc2c3b9000 	C:\WINDOWS\System32\msvcrt.dll
0x00007ffc2c2c0000 - 0x00007ffc2c2f1000 	C:\WINDOWS\System32\IMM32.DLL
0x00007ffc281a0000 - 0x00007ffc281ac000 	c:\Users\Administrator\.vscode\extensions\redhat.java-1.53.0-win32-x64\jre\21.0.10-win32-x86_64\bin\vcruntime140_1.dll
0x00007ffc08130000 - 0x00007ffc081bd000 	c:\Users\Administrator\.vscode\extensions\redhat.java-1.53.0-win32-x64\jre\21.0.10-win32-x86_64\bin\msvcp140.dll
0x00007ffb75580000 - 0x00007ffb76321000 	c:\Users\Administrator\.vscode\extensions\redhat.java-1.53.0-win32-x64\jre\21.0.10-win32-x86_64\bin\server\jvm.dll
0x00007ffc2cfa0000 - 0x00007ffc2d05b000 	C:\WINDOWS\System32\ADVAPI32.dll
0x00007ffc2cb80000 - 0x00007ffc2cc27000 	C:\WINDOWS\System32\sechost.dll
0x00007ffc2c090000 - 0x00007ffc2c1a8000 	C:\WINDOWS\System32\RPCRT4.dll
0x00007ffc2d9a0000 - 0x00007ffc2da14000 	C:\WINDOWS\System32\WS2_32.dll
0x00007ffc2a800000 - 0x00007ffc2a85e000 	C:\WINDOWS\SYSTEM32\POWRPROF.dll
0x00007ffc20fa0000 - 0x00007ffc20fd5000 	C:\WINDOWS\SYSTEM32\WINMM.dll
0x00007ffc23e40000 - 0x00007ffc23e4b000 	C:\WINDOWS\SYSTEM32\VERSION.dll
0x00007ffc2a7e0000 - 0x00007ffc2a7f4000 	C:\WINDOWS\SYSTEM32\UMPDC.dll
0x00007ffc296e0000 - 0x00007ffc296fb000 	C:\WINDOWS\SYSTEM32\kernel.appcore.dll
0x00007ffc276d0000 - 0x00007ffc276da000 	c:\Users\Administrator\.vscode\extensions\redhat.java-1.53.0-win32-x64\jre\21.0.10-win32-x86_64\bin\jimage.dll
0x00007ffc22f10000 - 0x00007ffc23152000 	C:\WINDOWS\SYSTEM32\DBGHELP.DLL
0x00007ffc2d060000 - 0x00007ffc2d3e2000 	C:\WINDOWS\System32\combase.dll
0x00007ffc2da20000 - 0x00007ffc2daf7000 	C:\WINDOWS\System32\OLEAUT32.dll
0x00007ffc153f0000 - 0x00007ffc1542b000 	C:\WINDOWS\SYSTEM32\dbgcore.DLL
0x00007ffc2b6c0000 - 0x00007ffc2b765000 	C:\WINDOWS\System32\bcryptPrimitives.dll
0x00007ffc12ae0000 - 0x00007ffc12aef000 	c:\Users\Administrator\.vscode\extensions\redhat.java-1.53.0-win32-x64\jre\21.0.10-win32-x86_64\bin\instrument.dll
0x00007ffc12ac0000 - 0x00007ffc12ae0000 	c:\Users\Administrator\.vscode\extensions\redhat.java-1.53.0-win32-x64\jre\21.0.10-win32-x86_64\bin\java.dll
0x00007ffc2c3c0000 - 0x00007ffc2cb1f000 	C:\WINDOWS\System32\SHELL32.dll
0x00007ffc2bcd0000 - 0x00007ffc2be3a000 	C:\WINDOWS\System32\wintypes.dll
0x00007ffc2a980000 - 0x00007ffc2b1e4000 	C:\WINDOWS\System32\windows.storage.dll
0x00007ffc2c1b0000 - 0x00007ffc2c2a7000 	C:\WINDOWS\System32\SHCORE.dll
0x00007ffc2dc80000 - 0x00007ffc2dce7000 	C:\WINDOWS\System32\shlwapi.dll
0x00007ffc2a8a0000 - 0x00007ffc2a8c9000 	C:\WINDOWS\SYSTEM32\profapi.dll
0x00007ffc08110000 - 0x00007ffc08128000 	c:\Users\Administrator\.vscode\extensions\redhat.java-1.53.0-win32-x64\jre\21.0.10-win32-x86_64\bin\zip.dll
0x00007ffc12ab0000 - 0x00007ffc12ac0000 	C:\Users\Administrator\.vscode\extensions\redhat.java-1.53.0-win32-x64\jre\21.0.10-win32-x86_64\bin\net.dll
0x00007ffc24070000 - 0x00007ffc24197000 	C:\WINDOWS\SYSTEM32\WINHTTP.dll
0x00007ffc29c80000 - 0x00007ffc29ceb000 	C:\WINDOWS\system32\mswsock.dll
0x00007ffbedfe0000 - 0x00007ffbedff6000 	C:\Users\Administrator\.vscode\extensions\redhat.java-1.53.0-win32-x64\jre\21.0.10-win32-x86_64\bin\nio.dll
0x00007ffbedfd0000 - 0x00007ffbedfe0000 	c:\Users\Administrator\.vscode\extensions\redhat.java-1.53.0-win32-x64\jre\21.0.10-win32-x86_64\bin\verify.dll
0x00007ffbb41e0000 - 0x00007ffbb4225000 	C:\Users\Administrator\AppData\Roaming\Code\User\globalStorage\redhat.java\1.53.0\config_win\org.eclipse.equinox.launcher\org.eclipse.equinox.launcher.win32.win32.x86_64_1.3.0.v20260203-2149\eclipse_11919.dll
0x00007ffc2ce00000 - 0x00007ffc2cf95000 	C:\WINDOWS\System32\ole32.dll
0x00007ffc29f70000 - 0x00007ffc29f8b000 	C:\WINDOWS\SYSTEM32\CRYPTSP.dll
0x00007ffc29640000 - 0x00007ffc29679000 	C:\WINDOWS\system32\rsaenh.dll
0x00007ffc29d30000 - 0x00007ffc29d62000 	C:\WINDOWS\SYSTEM32\USERENV.dll
0x00007ffc2a870000 - 0x00007ffc2a89a000 	C:\WINDOWS\SYSTEM32\bcrypt.dll
0x00007ffc29f60000 - 0x00007ffc29f6c000 	C:\WINDOWS\SYSTEM32\CRYPTBASE.dll
0x00007ffc290c0000 - 0x00007ffc290f3000 	C:\WINDOWS\SYSTEM32\IPHLPAPI.DLL
0x00007ffc2c300000 - 0x00007ffc2c30a000 	C:\WINDOWS\System32\NSI.dll
0x00007ffbd3070000 - 0x00007ffbd30b9000 	C:\Users\Administrator\AppData\Local\Temp\jna-146731693\jna14649447465756414302.dll
0x00007ffc2c2b0000 - 0x00007ffc2c2b8000 	C:\WINDOWS\System32\PSAPI.DLL
0x00007ffc247a0000 - 0x00007ffc247bd000 	C:\WINDOWS\SYSTEM32\dhcpcsvc6.DLL
0x00007ffc24620000 - 0x00007ffc24643000 	C:\WINDOWS\SYSTEM32\dhcpcsvc.DLL

JVMTI agents:
c:\Users\Administrator\.vscode\extensions\redhat.java-1.53.0-win32-x64\lombok\lombok-1.18.39-4050.jar path:c:\Users\Administrator\.vscode\extensions\redhat.java-1.53.0-win32-x64\jre\21.0.10-win32-x86_64\bin\instrument.dll, loaded, initialized, instrumentlib options:none

dbghelp: loaded successfully - version: 4.0.5 - missing functions: none
symbol engine: initialized successfully - sym options: 0x614 - pdb path: .;c:\Users\Administrator\.vscode\extensions\redhat.java-1.53.0-win32-x64\jre\21.0.10-win32-x86_64\bin;C:\WINDOWS\SYSTEM32;C:\WINDOWS\WinSxS\amd64_microsoft.windows.common-controls_6595b64144ccf1df_6.0.26100.8037_none_3e092faae333b53b;c:\Users\Administrator\.vscode\extensions\redhat.java-1.53.0-win32-x64\jre\21.0.10-win32-x86_64\bin\server;C:\Users\Administrator\AppData\Roaming\Code\User\globalStorage\redhat.java\1.53.0\config_win\org.eclipse.equinox.launcher\org.eclipse.equinox.launcher.win32.win32.x86_64_1.3.0.v20260203-2149;C:\Users\Administrator\AppData\Local\Temp\jna-146731693

VM Arguments:
jvm_args: --add-modules=ALL-SYSTEM --add-opens=java.base/java.util=ALL-UNNAMED --add-opens=java.base/java.lang=ALL-UNNAMED --add-opens=java.base/sun.nio.fs=ALL-UNNAMED -Declipse.application=org.eclipse.jdt.ls.core.id1 -Dosgi.bundles.defaultStartLevel=4 -Declipse.product=org.eclipse.jdt.ls.core.product -Djava.import.generatesMetadataFilesAtProjectRoot=false -DDetectVMInstallationsJob.disabled=true -Dfile.encoding=utf8 -XX:+UseParallelGC -XX:GCTimeRatio=4 -XX:AdaptiveSizePolicyWeight=90 -Dsun.zip.disableMemoryMapping=true -Xmx2G -Xms100m -Xlog:disable -javaagent:c:\Users\Administrator\.vscode\extensions\redhat.java-1.53.0-win32-x64\lombok\lombok-1.18.39-4050.jar -XX:+HeapDumpOnOutOfMemoryError -XX:HeapDumpPath=c:\Users\Administrator\AppData\Roaming\Code\User\workspaceStorage\bae7c9a209c1bf6c646f2226ddde99a7\redhat.java -Daether.dependencyCollector.impl=bf 
java_command: c:\Users\Administrator\.vscode\extensions\redhat.java-1.53.0-win32-x64\server\plugins\org.eclipse.equinox.launcher_1.7.100.v20251111-0406.jar -configuration c:\Users\Administrator\AppData\Roaming\Code\User\globalStorage\redhat.java\1.53.0\config_win -data c:\Users\Administrator\AppData\Roaming\Code\User\workspaceStorage\bae7c9a209c1bf6c646f2226ddde99a7\redhat.java\jdt_ws --pipe=\\.\pipe\lsp-ad76dc52cd6a7df3f2b8b055db192acc-sock
java_class_path (initial): c:\Users\Administrator\.vscode\extensions\redhat.java-1.53.0-win32-x64\server\plugins\org.eclipse.equinox.launcher_1.7.100.v20251111-0406.jar
Launcher Type: SUN_STANDARD

[Global flags]
    uintx AdaptiveSizePolicyWeight                 = 90                                        {product} {command line}
     intx CICompilerCount                          = 4                                         {product} {ergonomic}
    uintx GCTimeRatio                              = 4                                         {product} {command line}
     bool HeapDumpOnOutOfMemoryError               = true                                   {manageable} {command line}
    ccstr HeapDumpPath                             = c:\Users\Administrator\AppData\Roaming\Code\User\workspaceStorage\bae7c9a209c1bf6c646f2226ddde99a7\redhat.java         {manageable} {command line}
   size_t InitialHeapSize                          = 104857600                                 {product} {command line}
   size_t MaxHeapSize                              = 2147483648                                {product} {command line}
   size_t MaxNewSize                               = 715653120                                 {product} {ergonomic}
   size_t MinHeapDeltaBytes                        = 524288                                    {product} {ergonomic}
   size_t MinHeapSize                              = 104857600                                 {product} {command line}
   size_t NewSize                                  = 34603008                                  {product} {ergonomic}
    uintx NonNMethodCodeHeapSize                   = 5839372                                {pd product} {ergonomic}
    uintx NonProfiledCodeHeapSize                  = 122909434                              {pd product} {ergonomic}
   size_t OldSize                                  = 70254592                                  {product} {ergonomic}
    uintx ProfiledCodeHeapSize                     = 122909434                              {pd product} {ergonomic}
    uintx ReservedCodeCacheSize                    = 251658240                              {pd product} {ergonomic}
     bool SegmentedCodeCache                       = true                                      {product} {ergonomic}
   size_t SoftMaxHeapSize                          = 2147483648                             {manageable} {ergonomic}
     bool UseCompressedOops                        = true                           {product lp64_product} {ergonomic}
     bool UseLargePagesIndividualAllocation        = false                                  {pd product} {ergonomic}
     bool UseParallelGC                            = true                                      {product} {command line}

Logging:
Log output configuration:
 #0: stdout all=off uptime,level,tags foldmultilines=false
 #1: stderr all=off uptime,level,tags foldmultilines=false

Release file:
JAVA_VERSION="21.0.10" 
MODULES="java.base java.compiler java.datatransfer java.xml java.prefs java.desktop java.instrument java.logging java.management java.security.sasl java.naming java.rmi java.management.rmi java.net.http java.scripting java.security.jgss java.transaction.xa java.sql java.sql.rowset java.xml.crypto java.se java.smartcardio jdk.accessibility jdk.internal.jvmstat jdk.attach jdk.charsets jdk.internal.opt jdk.zipfs jdk.compiler jdk.crypto.ec jdk.crypto.cryptoki jdk.crypto.mscapi jdk.dynalink jdk.internal.ed jdk.editpad jdk.hotspot.agent jdk.httpserver jdk.internal.le jdk.internal.vm.ci jdk.internal.vm.compiler jdk.internal.vm.compiler.management jdk.jartool jdk.javadoc jdk.jcmd jdk.management jdk.management.agent jdk.jconsole jdk.jdeps jdk.jdwp.agent jdk.jdi jdk.jfr jdk.jshell jdk.jsobject jdk.jstatd jdk.localedata jdk.management.jfr jdk.naming.dns jdk.naming.rmi jdk.net jdk.nio.mapmode jdk.random jdk.sctp jdk.security.auth jdk.security.jgss jdk.unsupported jdk.unsupported.desktop jdk.xml.dom" 

Environment Variables:
JAVA_HOME=C:\Program Files\Java\jdk-22
PATH=C:\Users\Administrator\AppData\Local\Programs\Microsoft VS Code;C:\Program Files\Java\jdk-22\bin;C:\Windows\system32;C:\Windows;C:\Windows\System32\Wbem;C:\Windows\System32\WindowsPowerShell\v1.0\;C:\Windows\System32\OpenSSH\;C:\Program Files (x86)\NVIDIA Corporation\PhysX\Common;C:\WINDOWS\system32;C:\WINDOWS;C:\WINDOWS\System32\Wbem;C:\WINDOWS\System32\WindowsPowerShell\v1.0\;C:\WINDOWS\System32\OpenSSH\;C:\Program Files (x86)\Microsoft SQL Server\160\Tools\Binn\;C:\Program Files\Microsoft SQL Server\160\Tools\Binn\;C:\Program Files\Microsoft SQL Server\Client SDK\ODBC\170\Tools\Binn\;C:\Program Files\Microsoft SQL Server\160\DTS\Binn\;C:\Program Files (x86)\Microsoft SQL Server\160\DTS\Binn\;C:\Program Files\Microsoft SQL Server\150\Tools\Binn\;C:\Flutter\flutter\bin;C:\Program Files\dotnet\;C:\Gradle\gradle-9.1.0\bin;C:\Users\Administrator\AppData\Local\Android\Sdk\platforms;C:\Users\Administrator\AppData\Local\Android\Sdk\platform-tools;C:\Users\Administrator\AppData\Local\Android\Sdk\emulator;C:\Program Files\NVIDIA Corporation\NVIDIA App\NvDLISR;C:\Program Files\nodejs\;C:\Program Files\Git\cmd;C:\Users\Administrator\AppData\Local\Pub\Cache\bin;C:\Users\Administrator\AppData\Roaming\npm;C:\Program Files\Java\jdk-22;C:\Users\Administrator\.factory\bin;C:\Program Files\ApacheMaven\apache-maven-3.9.13\bin;C:\Program Files\Docker\Docker\resources\bin;C:\Users\Administrator\AppData\Local\Programs\Python\Python313\Scripts\;C:\Users\Administrator\AppData\Local\Programs\Python\Python313\;C:\Users\Administrator\AppData\Local\Programs\Python\Launcher\;C:\Users\Administrator\AppData\Local\Microsoft\WindowsApps;C:\Users\Administrator\AppData\Local\Programs\Microsoft VS Code\bin;C:\Users\Administrator\AppData\Local\Microsoft\WinGet\Packages\Schniz.fnm_Microsoft.Winget.Source_8wekyb3d8bbwe;C:\Users\Administrator\AppData\Local\Android\Sdk\platform-tools;C:\Users\Administrator\AppData\Local\Android\Sdk\platforms;C:\Users\Administrator\AppData\Local\Android\Sdk\emulator;C:\Users\Administrator\AppData\Local\Pub\Cache\bin;C:\Users\Administrator\bin;C:\Users\Administrator\.factory\bin;;C:\Users\Administrator\AppData\Local\Microsoft\WindowsApps
USERNAME=Administrator
OS=Windows_NT
PROCESSOR_IDENTIFIER=AMD64 Family 25 Model 80 Stepping 0, AuthenticAMD
TMP=C:\Users\ADMINI~1\AppData\Local\Temp
TEMP=C:\Users\ADMINI~1\AppData\Local\Temp




Periodic native trim disabled

---------------  S Y S T E M  ---------------

OS:
 Windows 11 , 64 bit Build 26100 (10.0.26100.7920)
OS uptime: 0 days 0:03 hours
Hyper-V role detected

CPU: total 12 (initial active 12) (12 cores per cpu, 2 threads per core) family 25 model 80 stepping 0 microcode 0xa50000d, cx8, cmov, fxsr, ht, mmx, 3dnowpref, sse, sse2, sse3, ssse3, sse4a, sse4.1, sse4.2, popcnt, lzcnt, tsc, tscinvbit, avx, avx2, aes, erms, clmul, bmi1, bmi2, adx, sha, fma, vzeroupper, clflush, clflushopt, hv, rdtscp, rdpid, fsrm, f16c, cet_ss
Processor Information for processor 0
  Max Mhz: 3301, Current Mhz: 2630, Mhz Limit: 3301
Processor Information for processor 1
  Max Mhz: 3301, Current Mhz: 2630, Mhz Limit: 3301
Processor Information for processor 2
  Max Mhz: 3301, Current Mhz: 2630, Mhz Limit: 3301
Processor Information for processor 3
  Max Mhz: 3301, Current Mhz: 2630, Mhz Limit: 3301
Processor Information for processor 4
  Max Mhz: 3301, Current Mhz: 2630, Mhz Limit: 3301
Processor Information for processor 5
  Max Mhz: 3301, Current Mhz: 3301, Mhz Limit: 3301
Processor Information for processor 6
  Max Mhz: 3301, Current Mhz: 2630, Mhz Limit: 3301
Processor Information for processor 7
  Max Mhz: 3301, Current Mhz: 2630, Mhz Limit: 3301
Processor Information for processor 8
  Max Mhz: 3301, Current Mhz: 2630, Mhz Limit: 3301
Processor Information for processor 9
  Max Mhz: 3301, Current Mhz: 3301, Mhz Limit: 3301
Processor Information for processor 10
  Max Mhz: 3301, Current Mhz: 2630, Mhz Limit: 3301
Processor Information for processor 11
  Max Mhz: 3301, Current Mhz: 2630, Mhz Limit: 3301

Memory: 4k page, system-wide physical 7532M (594M free)
TotalPageFile size 15724M (AvailPageFile size 1M)
current process WorkingSet (physical memory assigned to process): 215M, peak: 215M
current process commit charge ("private bytes"): 344M, peak: 344M

vm_info: OpenJDK 64-Bit Server VM (21.0.10+7-LTS) for windows-amd64 JRE (21.0.10+7-LTS), built on 2026-01-20T00:00:00Z by "admin" with MS VC++ 17.12 (VS2022)

END.
